2.7567
1.4846
2.4318
1.4396
1.3462
1.4527
1.5479
2.0633
1.4017
0.7919
1.7203
1.5365
0.6718
1.7234
1.0957
1.9212
1.1004
0.9088
1.4287
1.6352
1.3017
0.9800
1.0413
1.7209
1.3199
0.9987
1.8010
2.1460
1.0126
0.8834
0.8581
1.7934
1.3370
0.6757
1.1325
1.4517
1.2702
1.0878
1.3430
1.9747
1.1365
1.1926
0.5841
1.6485
1.4697
0.8752
1.8517
1.0008
1.7380
1.2339
2.7546
1.3042
0.8802
0.8008
1.6359
0.7814
0.7137
1.5603
0.6485
1.3767
0.8859
1.2687
1.1345
1.2048
1.1925
1.5494
1.5135
1.1419
0.7796
1.8029
1.0672
2.2612
0.6229
1.1608
1.2068
0.9884
1.1125
1.4579
0.7475
1.2854
0.6676
2.0226
0.9273
1.0465
1.4331
1.2692
1.4220
1.7060
0.7098
1.5987
0.8737
0.9433
1.3662
1.2011
1.2711
1.5700
0.8055
0.9863
0.5958
0.3206
1.8199
2.1107
2.1881
1.4172
3.0190
3.1673
2.2806
2.1894
2.3272
1.3384
1.0352
1.6550
1.6911
1.8166
1.6313
1.5272
1.6771
2.0351
1.4577
1.3094
1.1572
1.7147
0.6908
1.3004
1.7446
1.0292
1.9662
0.7715
1.3614
1.9671
1.5701
1.3539
0.6040
1.1954
1.1562
1.0999
1.2782
1.8006
1.8263
0.7709
1.6187
2.9588
1.9571
1.2793
0.7162
0.8948
1.2743
0.9109
1.1503
1.2625
1.4903
1.2257
0.4102
0.8293
1.4820
1.2679
1.0530
1.1734
1.0352
1.1978
0.6274
1.4704
1.2542
1.1877
0.8532
1.5448
1.5362
1.1029
0.9265
0.7978
1.1642
1.6084
1.2146
0.9436
1.3440
1.1981
0.8943
0.8565
1.5480
1.4278
0.9372
1.7941
0.8935
1.8287
0.9926
1.3526
0.7935
0.8684
1.2531
1.1952
0.3883
1.0675
1.0156
0.6288
0.8847
0.9806
1.2635
2.4579
1.4816
1.4884
1.6753
1.3259
1.7140
2.1014
2.1880
1.2821
2.2503
2.3666
1.7319
0.9897
1.8989
1.8943
1.3687
0.7935
1.2066
0.6651
1.4176
0.8544
0.6808
1.2573
0.9895
1.0309
0.7426
1.2732
1.0608
1.3809
1.8098
1.4103
0.9460
2.3288
1.2293
1.1928
1.1051
1.5809
0.9655
1.4284
1.0582
0.7861
0.7403
0.6864
0.8023
0.9678
1.3852
1.9264
0.9186
0.9889
1.1394
1.5546
1.1166
0.8810
0.7356
1.0915
0.7498
0.9338
1.0707
1.5149
1.5065
1.3052
0.8228
0.8454
1.1614
0.7361
1.5586
0.5986
0.7241
1.0420
0.9288
1.3949
1.2001
1.1475
0.7175
1.2149
1.0223
1.2898
1.2931
2.1884
1.2192
1.1658
0.9309
0.9796
0.6950
1.3302
0.9702
0.8922
1.2896
1.1860
1.4113
1.2716
1.2970
1.0768
1.3841
2.0736
1.5168
1.2134
0.9352
1.1059
1.1075
1.3509
0.8053
1.3588
3.2624
2.3069
1.1379
2.0306
1.3809
1.6831
1.2219
1.3638
0.9494
1.3074
1.6247
1.1100
1.8059
2.4544
1.6822
2.2314
1.7797
1.3328
0.9999
1.9759
1.4931
1.5977
1.0849
0.9591
0.9154
1.3066
1.8388
0.7735
1.3913
1.5310
1.7247
0.9203
1.8340
0.8785
1.0688
0.7779
0.6599
1.5795
1.2569
0.8872
1.2919
1.4849
0.8044
0.5922
1.1554
1.2688
0.8274
0.8478
0.9584
0.6041
0.6623
1.3921
0.9571
0.9327
1.0193
1.7268
0.8857
1.2958
0.7638
0.9340
1.4891
1.3658
1.2196
0.9693
1.6609
0.8842
1.2770
1.1843
1.3955
0.5978
1.2977
0.7746
1.3445
1.5953
0.6957
0.8796
1.4148
1.1486
1.5271
0.8123
2.1043
0.9150
0.7437
0.6256
0.5681
1.0483
0.3650
1.7187
1.3950
0.5865
1.3013
0.6726
0.7851
1.6312
0.2831
1.0905
0.9846
0.7770
1.2270
1.0782
2.8976
2.4626
2.9686
0.7758
2.6422
2.4295
1.6930
2.1084
1.3311
2.2397
2.8452
1.4902
1.1870
1.8764
1.6333
1.8840
0.4129
2.0226
1.5649
1.2368
1.5661
1.6893
1.9601
0.8611
0.9793
1.9273
1.8637
1.9608
1.5514
1.4100
1.0831
1.6498
2.0263
1.6916
0.8632
1.0391
1.7181
1.2288
1.3659
1.2227
2.0312
1.8661
1.5729
1.0831
1.3165
1.8051
1.4897
1.1350
1.7072
1.7505
1.7868
0.8552
2.2429
1.3616
1.2140
1.4984
1.0764
0.9036
0.9005
1.2588
0.8566
1.4020
1.3091
1.2676
1.5266
1.2108
1.4683
1.3384
1.8391
1.2976
1.6607
1.8086
1.6439
1.0949
1.2715
1.3457
1.7690
2.6539
1.0837
1.0712
1.1852
1.2445
1.9883
1.7689
1.0470
1.3194
0.9760
1.6369
1.4159
1.2402
1.5354
2.6282
1.1094
1.4641
1.8297
1.8916
1.8676
1.5189
1.0562
0.6811
2.8769
3.2818
2.6017
2.4230
1.7964
1.2912
2.1048
1.9290
2.6062
2.5968
1.4555
1.1631
1.2243
1.5325
2.0556
0.9268
1.2993
1.7445
2.0789
1.6546
1.5930
1.9149
1.8429
2.8702
1.7724
2.0682
1.1719
1.9607
1.7219
1.3861
1.5486
1.7733
1.4119
1.0484
1.2312
1.1635
1.5914
0.8051
0.9094
1.5016
1.2112
0.9945
1.4867
1.1290
1.5156
1.8098
0.8344
1.2158
0.9096
1.0174
0.6006
0.9457
1.4892
0.4217
1.4591
1.6525
1.0887
1.2731
1.2368
1.1730
1.5478
1.3777
0.8631
0.9811
1.5758
0.9828
0.9566
1.3818
1.2483
1.5924
0.9909
1.4514
0.8719
0.7667
1.5482
0.4486
1.1712
1.7931
1.2309
0.8878
1.0515
2.2029
1.5401
0.7717
1.5430
1.3147
1.5473
1.5855
0.6865
0.7986
1.7117
1.0963
1.6176
0.8922
0.9586
0.8625
1.0152
1.1509
0.8198
1.0041
2.4101
1.3466
1.4525
1.3778
1.4302
1.9065
2.2157
2.2322
1.8860
0.8493
1.5847
0.9129
1.5373
1.3130
1.7638
1.5528
1.8971
1.5923
2.5546
1.1996
1.7507
0.9400
3.1344
1.1212
1.5714
1.5163
0.7669
2.1113
1.0737
1.2980
1.0914
1.5804
1.2025
0.8054
1.3500
1.0191
0.9559
1.7756
1.9125
1.3668
1.7929
1.6380
2.9295
1.1361
1.3179
1.3889
1.7982
0.3655
1.7063
1.0666
1.6099
1.3438
1.7170
2.1933
1.2401
1.9838
1.6745
0.8437
1.1778
2.0694
1.2302
1.6786
0.7638
0.9332
1.7295
0.7720
0.7044
0.9129
1.5639
1.5660
1.1421
1.7907
1.4247
1.0353
1.3177
1.7883
1.6095
1.5495
1.1766
1.2659
1.0707
1.2735
0.8226
1.9624
1.1133
1.1819
0.5197
1.8229
1.0111
1.4658
0.6262
0.6422
1.3439
0.7950
1.0291
0.9634
1.0784
1.2725
0.8327
1.2021
2.2739
2.4028
2.2118
2.0530
2.5875
1.5598
1.3883
3.1148
1.1869
2.3646
1.3487
1.3074
1.5659
1.8039
2.6481
1.6110
2.0894
1.6004
1.8990
1.3876
1.0059
1.7180
1.2011
1.5799
1.1964
1.0785
1.3200
1.7692
1.0781
1.2873
1.3627
2.5997
0.9580
0.6698
1.8844
1.7880
2.0022
1.3817
0.7370
0.8751
0.8519
1.2343
1.8373
1.6391
1.8445
1.3730
0.9795
2.0918
0.9225
1.2913
1.7974
1.5932
1.2220
1.2590
1.3087
0.9720
1.6216
1.3456
0.9413
1.4277
1.0253
1.4507
1.1732
1.2492
1.3886
1.2340
1.5856
1.4214
0.9930
1.3610
0.9046
1.1649
0.7520
1.6184
1.3468
1.6496
0.9373
1.2648
1.6521
0.8418
0.9970
1.3390
1.9720
1.0571
1.7584
0.7424
0.6549
0.7818
1.2340
1.6402
1.2037
1.5282
0.8811
1.3755
1.2326
1.9962
0.8720
0.7590
1.2017
1.6174
3.2038
1.8966
1.9195
2.7845
2.9185
2.1433
1.5556
1.8528
1.3723
2.1721
2.6151
1.4655
1.9508
1.3919
0.9329
1.7331
1.7735
1.4551
1.2854
1.2833
0.6216
1.9324
1.3020
1.5754
1.8431
2.0932
0.9133
1.5553
2.1717
1.1591
0.9184
0.8823
1.1658
1.3951
1.2208
1.1464
1.5954
1.7520
1.8805
1.1107
0.8270
2.7483
1.3097
0.8903
1.4191
1.4543
1.2445
0.9492
0.8684
1.5243
0.7517
1.2250
1.4679
2.0928
0.9930
1.0023
0.7979
1.2831
1.1098
1.3715
1.1063
1.7713
1.3952
0.6402
0.9177
1.6303
1.1661
1.4229
1.5418
1.0571
1.7591
1.5384
1.7311
0.9766
1.5867
1.2533
0.6212
1.5579
1.4602
1.4875
0.5862
1.2529
1.2818
0.9070
0.9508
0.7704
2.0733
1.1668
1.9263
1.3120
1.7174
1.1270
1.5157
0.9413
1.4585
0.5257
0.9029
1.7505
1.0817
1.7148
2.6855
2.2129
3.0350
1.1950
1.6324
1.7588
0.9045
1.8959
1.8965
1.4310
1.5151
1.8738
1.2036
1.5462
1.9131
2.0209
0.8209
1.5242
1.3010
0.8787
1.9647
1.2079
0.6646
1.2578
1.5167
0.8838
0.6091
1.3439
3.0343
1.1205
1.3505
2.7342
1.0089
1.4848
0.8000
1.9464
0.7895
2.0879
1.7353
0.8799
0.6284
0.7647
1.3429
2.1969
1.1493
1.0898
2.0122
2.1620
1.7924
0.9089
1.0800
0.7887
1.2289
0.5747
1.7283
1.3140
1.4090
0.9009
1.8534
0.1268
1.3063
1.3833
1.7563
1.2152
1.2069
1.3592
1.0684
0.9366
1.0771
1.0044
0.8539
1.2023
0.9875
1.4038
1.1253
1.4275
0.6821
0.8953
0.8395
0.7887
2.0003
1.5513
1.6978
1.0763
1.6235
0.9282
0.7829
0.7561
1.2339
0.8299
1.3051
1.5776
0.4667
1.4131
0.7473
1.3836
0.9911
1.7528
1.3864
1.2108
3.8218
2.8449
1.6693
1.5007
1.8524
2.4875
1.1315
1.1163
0.7265
2.3674
2.9102
0.7605
1.4898
1.7133
0.9857
2.0367
1.0756
1.3996
1.0122
1.1538
2.0268
1.5426
1.1345
2.0618
0.9142
0.8191
0.8633
1.1759
1.6852
1.3415
0.6433
1.9055
2.2361
1.0287
0.7327
2.5017
1.0788
1.0958
1.0521
1.3425
1.4782
1.2023
1.2497
1.5698
1.9501
1.9396
0.8585
0.6372
1.2642
1.8081
1.4525
0.8376
1.5523
1.2964
1.4182
1.2148
0.8031
2.1911
1.7275
1.0711
1.2682
1.8302
0.9074
1.0838
1.4620
1.1184
0.7857
1.0693
1.1121
0.8128
1.2450
1.0492
1.2914
1.0378
0.9434
0.8137
1.1435
1.3474
1.9683
1.1337
1.0514
1.4978
1.0059
0.8824
1.3585
1.0588
0.8115
0.4846
1.1081
1.7163
1.5075
2.0234
1.2882
1.2854
0.6760
0.4839
1.1412
0.5819
1.1082
0.9752
2.0466
1.3479
2.1012
1.7265
1.2985
2.0934
0.5436
2.3690
1.9517
1.1589
1.6696
1.1653
1.8385
1.4911
0.8838
3.6467
1.7711
1.7182
2.1197
1.0719
1.3432
1.7968
1.6494
1.3777
1.6121
2.1098
2.0089
1.6762
1.1698
1.5518
1.6700
1.0274
1.0777
1.5111
1.8516
0.7318
0.9248
1.8561
1.4658
1.4242
1.7355
0.9244
1.2863
1.0573
1.6871
1.4844
1.7744
1.9933
1.0551
1.5055
1.0955
0.8684
2.0119
1.8727
1.7318
1.3764
1.6002
1.1089
0.8706
1.3953
1.9551
1.3899
1.0214
1.8246
0.8238
0.6406
1.3804
1.3783
1.3789
0.7693
0.9691
1.5790
1.3498
1.7640
1.5513
0.9817
1.5311
1.1386
1.1193
1.3716
1.2372
1.5997
0.9171
1.3031
1.0823
1.0323
1.0914
1.2598
1.1574
2.2159
1.7364
1.7023
1.4354
0.8359
0.6966
1.1532
1.1078
1.4218
0.8747
1.2475
4.7643
2.4065
1.8991
1.3432
1.1762
2.3704
1.8811
1.6549
1.3466
2.9392
2.4714
1.5447
1.3962
1.2124
1.4245
1.9987
1.9103
2.5078
1.3699
1.4121
1.2947
1.5104
1.8065
3.1576
1.5584
1.3012
2.1041
1.3862
1.2419
1.2984
1.2437
0.4880
1.7181
1.3722
0.7101
1.3292
1.0844
1.3107
1.5613
0.5703
0.9676
0.9722
1.5198
1.1727
1.2404
2.2266
1.4179
1.9555
1.5572
1.3980
1.4741
2.0603
1.9596
1.7697
1.5346
1.7061
1.0302
0.7502
0.7811
1.6796
1.9123
1.1543
1.2159
1.3534
1.3243
0.9274
1.2862
1.0653
1.7940
1.0934
0.9881
1.5777
0.9702
2.1780
1.6313
1.2025
0.9021
1.6499
1.1342
1.0921
1.3173
1.5845
0.8198
2.0989
1.3490
1.0507
0.9758
0.4986
1.6815
1.1366
1.2013
1.2860
1.3950
1.2125
0.6002
1.1961
1.7786
1.9297
1.4841
0.9950
2.1216
2.0352
2.1495
1.7027
1.9482
2.2061
2.2431
2.0245
1.6102
1.8503
1.5575
1.7203
1.2121
2.1768
1.3150
1.4060
1.1591
1.9706
1.3528
2.4881
1.8793
1.5107
1.1912
1.4075
1.4587
1.7673
1.3455
2.1868
1.0799
1.4350
1.6630
0.9026
1.4320
1.9759
1.2011
2.0876
1.2199
1.7176
1.3831
1.3301
0.8767
1.8125
0.6684
1.6601
1.3015
1.3305
1.7983
0.8538
1.4251
1.6485
1.0649
1.1319
1.3391
1.4691
1.6279
0.7505
1.3644
0.9859
0.9210
1.5600
0.7861
1.5891
1.6291
0.8600
0.8992
2.0454
0.6774
1.0106
2.0156
0.9527
1.2314
0.6253
1.0963
1.1070
1.0069
0.9367
1.5113
2.3298
0.8326
1.7179
1.5194
0.6454
1.3107
1.1570
0.5743
0.8823
1.3140
1.3321
1.1887
1.0012
1.1217
2.1474
1.0382
1.2330
0.7287
1.3642
1.2647
1.2208
2.0725
0.8441
2.6474
3.3975
3.4367
2.3236
2.3541
1.8841
1.5808
2.0503
1.7403
2.5669
1.4903
1.5170
2.5223
1.8920
1.4330
2.1863
1.9890
1.9228
1.6488
1.5533
1.5384
1.5358
1.7835
0.9659
1.8065
1.7909
0.8797
2.9216
1.2044
1.5028
1.8927
1.8787
2.2560
0.8967
1.1276
1.6000
1.7682
1.9615
1.2437
1.8831
2.2600
1.7898
1.2878
0.9668
1.4236
1.4703
1.7766
1.1761
1.2797
0.7535
1.6985
1.2479
1.3540
1.8329
1.7691
1.1518
1.4714
1.1214
1.6974
0.6862
1.1076
2.4110
1.1866
0.8957
1.3183
1.4855
1.2921
1.2086
1.3772
1.3190
1.2002
1.4601
1.0105
2.6034
0.6697
1.2983
0.4947
0.9797
1.7336
1.3984
0.9722
1.0504
1.2419
2.0862
2.0574
1.4792
1.4501
1.6741
1.8359
1.0306
1.6741
1.6534
0.9758
0.8976
1.1323
1.2274
1.1562
1.2197
1.8146
1.5915
3.2619
3.7621
1.1218
1.7503
1.2524
1.8956
1.2694
1.1282
1.0843
1.0877
1.8586
1.5029
1.7250
1.7394
0.9254
1.3303
2.3550
0.9997
2.2500
1.8838
1.0034
1.4677
1.6541
0.9840
1.6772
2.3094
0.3814
0.9948
0.9932
1.6132
0.9393
0.9953
1.7241
0.9659
0.7806
1.2289
1.4038
1.3220
1.3014
0.9675
0.9380
1.3431
0.5654
1.1835
1.1839
1.1124
1.6971
0.8419
1.0706
1.2273
1.1841
1.0184
0.8371
1.5214
1.4461
1.0584
0.9376
1.6956
1.4978
1.5082
0.7570
0.4583
0.7757
1.5651
0.8312
1.6392
2.5298
1.7904
1.1561
1.0284
1.0707
1.2487
1.1852
1.3713
1.7906
1.5433
1.5525
0.8211
1.2253
1.0720
0.6499
1.4562
1.4445
0.8456
1.2777
1.3828
0.9728
1.0000
0.4228
1.2137
1.4372
1.1849
1.3646
0.5911
1.6647
0.6953
0.8748
0.8989
1.3967
1.4233
2.8464
3.0981
1.3613
2.3865
1.8089
1.7594
1.8229
1.6968
2.2013
2.6421
1.8232
1.2749
1.6212
1.6371
1.8847
0.8311
1.7732
1.2749
1.4299
1.4433
1.9097
2.0633
1.2334
2.2358
1.9043
1.1531
1.4001
2.1323
0.6620
1.1573
1.6351
1.7520
1.7197
0.7080
1.5992
1.0323
1.5056
1.3585
1.6469
1.7990
1.3349
1.5709
0.6789
1.3216
1.2599
0.8691
0.5225
0.8128
0.9595
1.5208
1.3143
1.1229
1.4827
1.3163
0.6504
0.9563
1.2101
0.7464
1.1329
0.9305
0.7231
1.1587
1.5136
1.8224
1.4311
0.6816
1.1670
1.5089
1.0326
0.8763
1.1737
0.8979
1.3130
1.7184
1.3937
0.8838
1.6602
1.3532
0.8444
1.0519
1.7707
2.8541
0.7203
0.9173
1.4703
1.9245
1.7222
1.1429
1.3470
2.4388
1.5908
1.9406
0.8195
1.4109
1.3247
1.1431
1.4010
1.3602
1.5179
0.9636
4.4916
2.6648
3.2802
2.6353
1.7634
2.1268
1.8232
1.9535
2.2379
1.4159
1.9180
1.9333
2.1088
2.1811
1.4142
2.2751
2.0450
2.1350
2.9351
1.7197
3.0326
1.7310
2.1376
1.9344
1.4821
0.9279
1.6017
1.0021
1.6694
1.1401
1.1021
1.9571
1.4344
2.0794
1.6122
1.7369
0.7704
1.3445
1.2469
1.2549
0.9564
1.5880
2.2812
1.1495
1.3091
1.8256
1.7176
0.9196
1.2298
0.8526
1.5891
1.5957
0.8287
1.4822
1.8454
1.9528
0.7648
2.0267
1.0060
1.5907
1.6022
2.0997
1.4907
1.1201
1.4354
1.0517
2.0984
1.4089
1.6288
1.1184
1.5977
0.9733
1.0348
1.8986
0.8487
1.9576
1.0006
1.5311
1.8362
1.2854
0.8872
1.9288
1.1178
1.2741
1.0436
2.0660
1.3930
0.9228
0.6753
1.5495
0.8701
1.8153
1.4757
1.2833
0.9800
0.9530
1.0003
0.8458
0.8802
1.0897
2.3107
3.1277
1.9036
2.2040
2.5610
2.3005
1.4704
2.5424
1.3191
1.4949
0.7613
1.7852
0.9540
1.7417
1.6455
1.3324
2.6147
1.3559
1.5779
1.7709
1.9617
1.3746
0.8345
1.5245
1.0773
1.5143
2.0079
1.1031
2.2522
1.4237
1.8520
1.0552
1.3174
1.2816
1.3894
1.3450
0.9910
1.3242
1.3891
0.9572
0.5869
0.8663
1.1960
0.9202
1.3227
1.1672
0.3950
1.7104
1.7473
1.1655
1.7222
1.4674
1.6521
0.9259
2.6564
0.8136
1.4200
0.9984
1.8178
1.2573
0.7473
0.9778
1.5355
0.9855
1.2007
1.3478
0.9930
1.5564
1.0632
1.5294
0.9739
1.3653
1.0222
1.1169
1.9742
0.8570
1.3173
0.7260
1.0913
1.5092
0.6896
1.5892
0.8626
1.1103
1.1933
1.2894
1.1017
1.3729
1.2808
1.3781
1.5976
0.9879
1.0532
1.1719
1.0288
1.0084
1.0014
1.6567
0.5972
1.4265
1.9523
2.0920
0.7032
1.3762
2.0123
1.7869
1.9042
2.0905
2.1820
1.7852
1.4287
2.2545
1.3773
1.2426
1.4543
1.6579
1.1262
0.8839
0.7501
1.5595
0.6911
0.6953
1.0414
0.9783
0.7381
1.4929
0.9109
1.1493
1.0064
2.2116
0.6577
2.5270
1.5931
1.0726
1.3225
1.0314
0.9317
1.5797
0.8629
1.2654
1.3047
1.0288
1.3624
0.9733
1.8906
2.1312
0.8578
1.1166
1.2646
1.6061
1.0252
1.1985
1.3470
0.9314
0.8950
1.0602
1.8973
1.0157
1.9686
1.1921
1.0397
0.4231
1.3476
1.5489
0.6868
0.7827
0.9688
1.2918
0.7665
0.5521
0.7197
1.2594
1.1700
1.4324
1.2378
1.4483
1.0195
1.1905
1.5534
0.9561
1.0160
1.5204
1.6129
1.1834
1.0820
0.8815
0.9547
1.6828
0.8304
0.9758
1.7194
2.0224
0.5146
0.8998
1.0690
2.2533
1.3212
1.2477
1.3181
1.1987
2.3593
4.7786
2.3431
2.5763
2.8641
3.1991
4.9316
1.4766
1.3619
2.0720
2.6337
1.9920
3.4214
3.1108
2.7613
2.9349
2.8122
5.0
3.6491
3.9367
1.1138
3.5377
0.9324
4.2861
2.3216
4.3055
2.7004
2.2308
3.7007
3.6078
0.4633
1.3890
3.4555
1.0150
3.6716
0.9489
1.5635
2.5315
5.0
1.6702
5.0
1.1958
3.6478
3.4732
5.0
3.3822
3.1683
3.2513
4.3020
2.7403
0.5544
3.8455
1.0592
1.5394
1.1698
2.5253
2.4217
3.7735
1.7405
3.3627
3.9291
2.2686
3.4377
1.6336
3.7910
3.1973
1.3816
2.3708
4.4388
3.4011
1.8052
4.0923
1.6080
3.8114
4.6529
1.3974
3.4654
3.8526
5.0
3.7842
1.3823
3.8960
2.3285
3.3613
0.1796
2.2485
1.6828
4.1821
2.4298
5.0
1.8159
2.8779
2.4600
1.8103
2.9434
0.3957
4.8988
4.3574
2.7811
3.6067
3.7806
2.4481
2.2077
1.5325
2.9723
2.5795
4.5189
3.5912
4.4289
1.3882
5.0
4.6025
2.4614
3.9878
4.1192
2.2700
3.0909
2.3170
2.6551
3.6389
2.2498
2.9688
1.7632
2.8659
3.1094
3.1319
4.3011
3.1832
2.6093
4.2457
1.5690
5.0
2.5511
2.8122
1.3915
2.8751
3.1836
4.1366
3.6158
3.5700
2.2303
1.7892
2.2547
2.2815
1.9189
3.3237
1.9635
3.7364
1.1071
4.3570
3.1185
1.5846
2.3005
2.8804
2.5057
4.3184
2.8997
1.3301
3.3535
3.5871
2.3178
3.9830
4.4898
1.0599
1.9314
3.5161
3.2513
3.4635
1.3413
5.0
3.7892
3.5079
5.0
2.2431
3.6976
4.8348
1.5757
2.6675
3.8267
3.8229
3.8878
2.9447
3.7117
0.9024
3.2280
1.7336
2.1885
3.9818
3.8863
2.8783
4.8071
1.5139
2.7308
2.8694
2.2188
5.0
3.2531
3.4009
2.2467
2.2854
4.4891
1.6287
1.8325
3.7115
4.0531
5.0
4.8313
3.0074
3.8308
2.8127
1.9398
4.2033
1.2088
4.1016
3.0390
0.6296
4.6006
5.0
3.3680
2.5619
2.9125
1.0970
4.6853
4.0126
1.2011
3.6223
1.6904
2.0173
3.4261
3.3504
2.6783
3.4753
4.1130
4.0340
1.5380
5.0
3.4097
2.3990
2.4396
4.0565
1.9214
4.4160
2.3667
3.3753
2.5079
3.5806
2.7911
4.0499
4.5328
2.3870
5.0
2.8473
1.2433
3.4959
2.3960
2.7617
5.0
2.0443
1.5459
0.5829
3.3919
2.1344
3.0822
1.7015
3.4671
3.6803
3.6563
1.7135
2.7763
3.0563
2.1784
1.2106
2.3587
4.0957
2.3109
2.7164
1.7534
2.8647
5.0
2.2974
5.0
1.9670
3.4552
3.9412
2.7989
1.3541
3.7037
3.4201
5.0
5.0
3.9020
3.4112
4.8718
3.4890
3.6496
4.0198
3.5204
2.3204
2.7333
0.3880
2.6182
4.9838
2.1747
2.6624
0.8399
2.5553
5.0
2.0243
0.2354
3.9457
3.2678
2.4936
2.2525
2.6772
2.4495
3.1633
5.0
4.5534
2.3339
5.0
5.0
2.5252
4.1322
1.2942
3.4710
5.0
2.9008
2.3684
3.6937
1.1278
4.5905
4.1386
2.8274
1.7289
4.9548
1.2299
2.7473
4.8788
4.5801
1.8193
3.3138
1.6996
3.3071
2.7049
1.5096
3.5963
2.8916
5.0
1.6216
1.0804
3.6660
1.3481
4.3434
4.4889
4.0641
2.8221
3.5274
0.9356
2.3604
4.0265
3.1550
1.0484
3.6942
4.8092
2.2944
2.4730
3.8883
2.8058
2.8449
2.8387
1.3192
4.0929
3.2601
3.6213
3.0359
4.6721
2.8762
3.7751
4.5462
3.8615
1.8459
5.0
1.9040
3.1030
5.0
2.6992
2.7721
2.7650
3.6746
3.3081
2.0856
3.0354
2.9330
4.4975
2.8434
4.3497
3.9220
2.4277
3.9898
1.4949
2.3443
3.0663
2.2819
2.6074
2.6070
0.8645
1.8628
0.8839
3.5686
1.8707
2.9589
2.8055
4.1940
1.1776
4.6838
2.3994
1.1628
2.2112
0.7886
1.1466
3.4093
1.9486
3.2858
2.1894
2.5763
3.6786
3.6097
2.8058
2.2364
2.4613
1.2885
3.8252
3.0556
3.8211
4.0666
3.3215
1.9483
1.8877
2.0201
4.2024
2.7822
4.3750
2.5899
2.1977
4.6696
1.3659
2.0799
1.3256
1.6228
3.0496
4.8028
3.5831
3.7787
2.0059
0.5405
2.7725
1.8474
2.7969
2.0372
4.7317
3.8409
2.7713
2.3176
4.1564
2.4248
2.8269
1.1384
4.7976
3.7668
1.3710
3.1151
2.3214
2.0852
3.4530
1.8978
2.9215
1.6373
2.9146
3.4432
3.3383
2.4405
1.8544
2.1558
2.2901
2.9220
5.0
3.8820
2.7298
5.0
3.0749
4.6320
2.8503
3.4609
3.6272
1.0837
1.0307
2.2641
2.7265
2.7087
1.9692
3.1693
2.2838
2.9519
3.3056
3.9245
2.5728
0.6383
2.4817
3.8832
0.6160
4.6769
3.7129
3.4898
5.0
1.4266
3.2622
2.8099
1.4604
1.3600
2.9051
2.3308
2.6654
0.8676
3.1337
1.2351
2.0702
4.0735
2.7913
5.0
5.0
1.4966
3.3491
0.9708
2.7575
1.7405
5.0
3.7894
4.8918
2.4728
2.1159
3.4631
2.7137
5.0
4.0111
1.0810
4.1505
2.9445
4.7579
1.4485
3.0457
2.0127
2.1251
1.6209
2.5105
3.9077
4.3233
1.5087
3.6655
3.4087
3.5932
2.4380
3.3119
4.1756
4.7468
4.3375
1.5023
3.4704
1.3076
1.8400
4.2341
2.8393
3.5924
4.1424
1.4728
3.1345
2.5822
1.8547
3.2403
3.2524
3.9704
0.6759
4.8495
2.3331
2.5236
2.3955
2.7894
1.8794
1.6306
1.4901
2.8371
2.8978
2.8062
1.4243
2.5085
1.9710
1.3205
4.9670
3.7461
1.9652
1.9079
1.7437
2.2081
2.1641
3.7530
2.4707
1.8488
3.6907
2.8194
3.8102
2.2831
1.3597
1.5400
2.8802
2.6980
2.7346
2.2992
2.8674
1.4717
2.8180
1.7054
4.9837
2.9069
3.5578
1.2037
2.5413
3.0398
2.9134
5.0
5.0
2.6807
3.6034
4.4004
0.9107
2.7422
2.9089
5.0
3.7572
1.8652
3.5770
1.5770
3.5720
1.4897
5.0
1.6521
3.5697
4.5382
1.4323
4.3161
3.0801
1.8935
0.9411
4.4068
4.6109
2.8181
1.1315
4.5837
1.3663
3.8321
3.6879
2.6973
3.7031
4.2786
3.2992
3.9164
2.8145
1.6912
3.5066
3.4380
1.1661
4.4105
3.8887
3.3316
3.3601
0.5976
2.4536
4.2943
3.9347
3.7569
2.4633
3.6668
5.0
2.6246
3.6148
3.6705
1.4125
0.7103
1.1251
2.6342
4.6779
2.3437
0.9171
3.5782
2.2824
3.9686
3.5579
3.2210
4.6719
1.5212
4.9785
5.0
1.4914
1.7144
1.7281
2.2574
5.0
5.0
2.5738
4.2033
2.8504
2.4128
2.8585
2.1808
4.5928
1.6132
2.7189
2.8575
2.5991
3.3064
5.0
3.1654
4.9227
2.6859
4.1435
5.0
2.7866
5.0
1.7533
4.4581
2.9332
3.5047
2.1122
5.0
1.6703
4.0309
2.5497
1.3305
3.0152
3.2106
1.6331
2.9584
2.3137
3.2951
3.8786
2.9779
2.1007
3.3305
3.3619
5.0
3.1161
1.8885
2.5578
2.7980
3.6893
3.4757
2.0837
1.8271
1.7684
3.2735
4.4721
1.2916
1.3495
4.9543
1.7733
3.8304
5.0
3.9232
3.1765
1.2604
2.2913
3.9312
3.0126
5.0
3.1966
3.1544
3.8901
4.3870
2.0095
2.5871
2.9060
3.4347
2.0803
2.6260
3.1262
2.9830
3.7011
3.4731
3.1379
2.2124
3.7055
0.8364
3.9992
2.7197
2.8372
0.8731
3.3014
3.8965
2.4369
4.1140
2.2782
3.1098
2.0039
1.5130
2.0906
3.5586
1.3530
0.4778
2.7804
2.9482
4.5651
4.9463
2.1709
3.1153
3.3542
3.7281
2.1545
1.8682
1.1713
4.0441
1.3208
3.7094
1.9610
2.0419
5.0
4.2046
5.0
0.6143
1.3498
2.2853
5.0
3.0123
3.2898
2.3516
3.6775
0.6718
4.5425
3.7682
3.0846
5.0
1.7142
5.0
2.2431
2.1881
3.4986
2.7044
1.2366
5.0
1.9375
2.5229
3.5299
0.7748
0.9649
3.0056
1.8820
2.9637
1.9560
3.9912
2.8391
3.0493
2.4513
3.3599
2.3287
2.2860
2.1291
2.8153
1.5696
3.1914
1.2374
2.6474
2.0776
3.7402
2.5993
3.9885
2.6334
1.3515
5.0
2.1427
1.2059
4.1411
2.9255
2.7764
2.8414
2.0021
2.3968
2.0608
4.1030
1.0756
3.4026
1.9912
3.1173
1.6687
1.0344
2.8175
1.2901
4.1850
3.4230
3.1275
2.9703
3.3149
0.6468
1.8720
0.9810
2.6060
2.5829
5.0
4.5410
3.7050
2.7943
1.3993
0.8293
2.9499
3.9911
2.7261
3.0166
2.8017
4.6970
3.9046
4.1535
3.8157
2.9595
1.9561
3.5674
3.9164
3.1118
2.8435
1.5280
2.0954
3.0168
2.9273
1.0042
1.8363
3.7731
4.3676
3.5887
4.3574
4.4589
1.8810
0.6385
2.8987
2.0314
1.0181
3.8654
1.0449
1.7802
4.5892
1.2730
3.6095
4.8602
2.3171
2.9229
1.6113
3.5350
2.1707
2.9091
2.1831
2.7247
3.0285
0.8875
1.8711
3.4677
3.2611
2.5637
1.6442
3.8440
3.8715
4.0669
2.7604
1.4672
2.6382
3.1131
1.4845
3.8146
5.0
0.1714
2.9082
4.1683
2.8992
3.7044
2.1917
4.4062
2.2914
4.1052
4.3031
2.1247
3.7454
2.5162
2.6613
2.9214
2.9090
3.4861
2.7055
2.0344
2.9319
0.4224
3.2495
4.2218
2.4708
2.9148
1.3102
4.0807
1.7615
0.6905
1.8055
3.0724
3.6236
2.0996
1.8173
2.7268
1.5085
1.9790
4.9689
3.9213
4.2602
2.0705
4.0120
0.9742
4.8851
3.1001
3.6469
3.7230
4.1578
5.0
0.4613
2.0578
2.9638
1.4043
1.3855
1.2363
1.6799
5.0
2.5171
1.6766
3.4836
4.0721
0.8954
1.9846
4.0371
2.8579
3.0977
1.9848
4.3746
3.7053
4.9447
1.4818
5.0
1.6097
2.2045
2.5306
4.0000
3.5609
3.3320
5.0
3.4489
2.5369
5.0
3.9210
3.8343
4.8793
1.5386
4.2800
2.7415
2.1743
2.2381
2.0562
1.4560
2.1799
3.2331
5.0
5.0
2.7325
3.6689
4.8709
3.2367
3.3584
3.5875
2.7729
5.0
3.3487
2.7954
1.7529
3.8926
1.2751
3.4724
0.9183
2.3274
2.5821
5.0
4.3869
2.3317
3.6145
2.7256
1.1446
3.2845
4.6274
2.7043
5.0
3.6719
0.6993
0.2026
2.7383
5.0
2.8123
3.1103
3.2410
2.2031
3.2340
2.4419
5.0
3.7349
2.4368
5.0
0.9800
3.0995
4.0600
2.3848
3.8148
2.1301
3.3628
2.3558
3.1688
4.6882
1.4985
4.0909
2.4866
2.4260
3.1653
2.2889
3.5547
2.3137
4.4205
4.8023
4.0957
2.9358
2.9943
0.6278
2.8092
2.6878
1.1711
1.9575
5.0
1.8453
2.6554
4.5603
1.7415
2.0682
0.5600
2.6535
0.9651
1.1728
2.0837
2.7161
4.6586
3.1981
2.0248
2.2354
3.0099
0.8577
1.1135
2.7982
3.4057
0.7756
2.1824
2.4974
2.6530
3.0790
1.7249
3.1380
3.3076
2.3173
2.0009
5.0
1.5846
3.5837
4.9192
1.8408
3.3356
2.1691
4.5316
1.8238
2.0980
3.1915
1.8372
4.6774
3.8878
3.1710
1.3735
1.1604
2.5144
1.2885
4.4948
1.9780
2.3595
2.4793
3.0885
1.1729
4.6072
1.6103
4.3571
3.4741
3.9309
1.4319
1.9903
1.8297
2.2001
1.9501
0.7479
3.9277
5.0
1.5441
1.3946
3.5184
5.0
4.5539
3.1030
3.5943
2.6471
5.0
1.2906
3.3356
0.7101
2.0636
0.4682
2.4907
3.2235
4.1034
3.7428
2.0087
3.9271
1.8496
1.2366
1.7360
1.8843
4.5975
2.4410
0.6214
2.0594
3.4031
2.7479
4.8100
3.7014
1.1271
2.9931
2.5912
2.5177
4.9286
1.9996
1.0229
3.5708
3.7515
3.3667
3.5437
5.0
3.3701
0.9965
1.5817
3.0397
3.6651
3.6853
4.4205
0.9378
1.6822
1.2730
2.2384
4.1567
1.3888
1.1181
4.1196
2.8227
3.5554
1.9606
2.3903
4.8840
4.2466
0.4652
5.0
5.0
0.9393
1.6214
4.6733
3.6375
1.8282
0.3840
4.3271
0.6970
4.5701
5.0
2.4163
4.2033
3.5428
4.4720
3.1643
1.5287
3.7792
2.4516
2.6708
5.0
1.3919
2.7845
5.0
5.0
2.8384
1.6527
5.0
1.2415
3.8657
1.8587
2.9920
1.6273
1.5871
0.7718
4.2663
1.7862
2.5563
3.5051
3.0281
3.5205
3.2418
1.1939
4.5478
3.2276
2.7941
2.4104
3.2960
2.4531
3.4041
3.4594
5.0
3.4686
2.3129
1.5929
5.0
4.6373
2.1650
2.6559
3.9301
4.1074
1.6776
1.7952
3.1029
2.0104
1.6339
2.5494
1.5885
3.3853
1.4951
1.6393
2.3593
1.3041
1.9299
2.8803
3.9489
5.0
3.8150
1.5138
4.1496
1.6987
3.3457
1.5295
1.7595
3.1396
3.5762
4.6942
3.7493
1.2474
1.5499
3.4457
1.6397
4.0548
4.3079
1.1684
2.1909
3.0477
2.9834
3.8978
3.4405
4.2078
2.9797
3.4161
0.6212
3.0302
1.2075
3.7440
1.6532
3.0275
4.2581
1.9983
1.9281
3.9835
2.2271
3.5677
0.0670
4.7813
1.4274
2.2990
1.9118
2.8507
3.7410
3.5920
4.8049
1.9893
4.9714
5.0
2.9393
4.8713
1.9767
3.4136
1.7967
2.8152
3.0660
2.6913
4.3416
2.0249
4.4077
2.6845
3.5281
4.1776
4.3241
2.8382
1.6724
3.4342
3.2321
2.8955
1.4425
1.8688
1.9885
1.4650
3.4881
5.0
2.9418
3.2618
3.4432
3.5900
2.3431
3.3367
1.3443
1.8826
1.1557
3.1073
4.7306
2.2908
4.8283
1.9206
3.2272
5.0
3.9782
3.1830
2.7944
3.5093
5.0
4.5456
4.3439
4.8108
5.0
4.7144
4.0088
3.2809
2.7028
1.9349
0.8168
3.1625
1.3039
4.5197
3.5900
2.1053
2.9728
2.0733
4.1556
2.8820
2.0601
1.9127
3.3043
2.9349
1.3165
2.8421
3.4528
3.6228
3.3795
3.0767
2.6302
1.8336
2.9059
2.8183
2.9761
3.3242
2.5758
2.6943
0.8771
2.0226
4.7931
2.0415
3.4749
2.3292
4.8119
2.5877
2.2805
3.8881
4.7200
4.0313
2.3960
3.5836
0.6956
1.6659
1.8434
4.0996
4.2383
1.8083
2.1031
3.1121
2.7280
1.6577
4.0360
3.7355
2.3983
1.6082
2.0077
3.8874
3.8773
2.1604
1.6882
3.6941
4.1025
1.8899
1.6657
4.1701
4.8564
1.2541
2.3989
3.5229
2.7658
0.9206
2.9564
4.2888
3.9028
1.9129
2.1305
2.9250
3.9287
1.7213
2.5272
3.7355
3.9318
1.6545
2.9368
1.8403
4.2723
0.7961
1.5097
4.7628
3.3475
1.4516
2.6244
3.8977
5.0
1.8641
2.8749
2.7249
4.4157
2.1783
2.2754
1.9717
3.8896
2.0385
3.1036
4.1697
4.9200
2.1949
1.5351
2.5565
4.7131
1.5857
3.5676
4.0885
2.3587
2.5694
3.8274
2.1969
3.6809
3.8334
2.1649
1.8474
4.0547
1.7130
2.0045
3.3666
1.8438
3.9495
3.5176
0.5397
3.9807
3.2693
1.9793
3.0580
1.7211
1.8430
3.6374
4.1568
1.3715
3.9137
2.5565
0.9691
2.6567
1.0037
2.5876
2.1150
1.5868
0.6997
3.1789
1.7727
3.4761
2.6152
2.5047
1.1892
2.3590
2.2514
2.0748
1.4345
2.7572
1.6157
2.0865
1.8638
3.9714
1.8186
3.0511
1.6620
3.2175
1.3128
3.0693
1.9520
2.2466
1.5443
2.8177
2.8432
2.1630
1.7348
2.5015
1.8674
2.1287
0.4494
2.1179
1.2191
3.7854
1.5115
3.2890
3.0460
2.0819
2.0677
2.3201
0.9063
2.5139
1.5032
1.9944
2.4744
2.9368
2.3408
2.7681
0.9188
3.2341
1.7336
2.8266
1.5012
2.6811
1.6078
2.6188
1.9406
3.8730
0.9232
1.8101
1.1510
2.1781
2.4569
1.3880
0.5222
2.1526
1.9165
2.2698
1.9011
2.9511
1.4723
2.5942
1.2589
3.6534
0.5576
2.0715
0.3562
3.0991
2.3365
2.8034
1.5547
2.6584
2.6439
1.6316
1.9066
2.7935
2.0521
2.5629
1.5996
4.0861
1.3080
3.0797
2.0285
2.5525
2.1576
3.6255
1.6759
3.2318
1.5753
1.4289
2.3438
3.8750
2.1869
3.1496
1.1476
2.3824
0.9419
2.6286
1.2868
3.3258
1.9152
1.8589
1.5389
3.6114
1.4579
3.9226
2.3607
2.2240
1.7351
1.9725
1.2781
3.2638
1.9884
4.0486
1.3096
1.9110
2.9539
3.6600
1.8113
2.7656
1.3727
3.5364
2.2008
3.5703
1.2197
1.9944
2.3230
3.9150
1.4402
2.1194
2.0180
1.4016
1.6738
2.5408
1.6860
1.4618
1.3927
2.1216
1.4030
1.2396
0.7096
2.0310
1.7008
0.8867
2.4264
2.6539
2.1540
1.2396
2.0707
1.9914
1.5351
2.0716
1.5582
1.8118
1.7085
1.5382
2.1044
1.6079
1.7195
1.7416
1.7150
2.6634
1.9780
2.0045
1.4979
0.9791
1.3499
1.4985
1.1355
1.2186
1.5070
1.4664
2.2222
1.2100
1.3495
0.7032
1.1015
2.1345
1.9215
1.4615
1.9282
1.4157
0.3872
1.4151
0.6799
1.8015
1.5650
1.3000
2.0035
0.5587
0.9829
1.8906
1.1080
0.8563
1.8523
1.2804
2.6574
1.0730
1.8369
1.6348
0.8058
2.7670
1.4469
2.0146
2.2944
2.1002
1.7005
0.8380
1.2568
1.5032
1.6201
1.4063
2.7373
1.4142
0.9882
1.2373
1.3944
1.8067
0.9270
1.9735
1.5686
0.7268
2.6067
1.5413
2.1565
2.1185
1.9310
1.1869
1.3638
2.0962
1.4708
1.7947
1.5113
0.2509
1.6689
1.5369
0.8450
1.8380
0.6474
1.6385
1.8116
1.8426
1.5232
1.5761
1.7182
1.3882
1.5936
2.4602
2.6310
1.6124
1.0454
1.4362
1.4426
1.7360
0.2129
1.3245
2.7366
1.5399
1.3666
1.7507
0.9667
1.6822
2.1785
2.7722
1.4979
1.0777
0.9545
1.2762
1.6457
1.9661
2.1129
2.0074
1.8750
3.5615
1.7526
1.3713
1.0915
2.4799
1.6743
1.0952
1.2078
0.9855
1.7042
1.8812
1.7137
1.8899
1.6302
1.7999
0.6244
2.7327
1.0115
2.5154
1.9851
1.5573
0.7898
1.2569
0.9313
1.7438
1.7141
2.0982
1.8337
1.5159
2.2488
1.2777
1.5984
1.3032
1.4496
1.0680
0.9109
0.9606
1.8493
1.5863
1.5244
1.9510
1.6802
1.2939
1.5681
1.1415
1.4174
1.2144
1.6682
1.3500
1.7685
1.6355
2.3376
1.6713
2.4352
2.3908
1.8080
2.2916
0.9474
1.6561
2.3548
1.8475
1.6050
1.4886
1.8525
2.0567
1.3153
1.7103
1.6077
1.8104
1.0606
1.7560
1.1740
1.3026
2.0909
2.2874
1.4624
1.9914
1.0864
1.2882
1.7058
0.7771
1.4930
1.5136
1.6948
1.8630
1.0555
1.0704
1.1234
1.4371
1.8081
1.4294
1.9601
0.6185
1.8854
2.1010
1.2815
1.3478
1.5059
1.9601
1.5441
2.3550
1.5845
2.6163
2.6420
1.6296
1.4799
1.0488
1.4091
2.0513
1.4870
1.2746
2.5774
2.1552
1.3890
1.5597
1.7528
1.5673
2.1776
0.5944
1.8814
1.6498
1.3505
1.5819
2.4084
1.3691
1.7462
1.9577
2.3857
0.7436
1.4109
1.8171
1.8323
1.0759
1.4249
1.6620
1.6867
0.4778
1.1047
1.2893
0.7690
1.9009
1.0846
1.4907
1.3163
1.7090
1.2309
2.5029
2.0859
0.8422
1.9178
1.7790
1.8897
1.2683
1.7893
2.0778
1.5543
2.4254
1.5304
1.2522
1.6700
1.8255
1.4666
1.6980
1.4710
0.7307
1.6813
1.2088
1.4168
1.6803
2.0266
0.9847
2.3620
1.8694
1.0187
1.1981
1.4591
2.6831
1.1240
1.4857
1.0896
1.5860
1.6105
1.1896
1.7202
1.4994
1.2922
2.0087
0.7689
1.6366
1.0592
1.2394
1.3796
1.4424
1.3573
1.9305
1.8082
2.0438
2.2038
1.7284
2.2756
1.2137
1.4196
1.6897
1.9780
1.8430
1.3559
2.1401
1.5382
1.6160
1.3751
1.2692
1.0336
1.8614
1.1328
1.7055
1.7987
1.6651
0.9770
0.4993
2.0559
0.2850
0.6589
1.3319
1.0733
1.4018
0.6405
1.5206
1.3121
1.4157
1.1768
1.6076
1.3338
2.3426
1.3478
2.4080
0.9484
1.9204
0.9649
1.3946
1.2447
0.7256
1.8174
0.9691
1.7780
1.5261
2.1401
1.1702
1.4185
1.9857
1.3675
1.8835
1.6808
1.6646
0.9334
1.4843
1.5303
0.6937
1.7522
2.0949
1.2781
1.9104
1.1281
1.5071
1.1199
1.2732
1.0990
1.8066
1.4283
1.0863
1.8990
1.9661
1.2059
1.7266
1.2943
1.4595
1.6891
1.4777
1.8573
1.6673
2.2834
1.3208
1.5877
1.8910
0.8065
1.6044
1.3187
2.0783
1.4583
1.3284
1.7395
1.4143
2.8607
1.8562
1.0611
1.1149
1.2353
1.6131
2.1208
1.8078
1.5916
2.0114
0.5798
2.1996
2.3153
2.2377
1.2625
1.8713
1.8822
1.3746
0.9102
2.5624
1.6892
1.5799
1.6420
1.4858
1.2235
1.3124
3.1248
1.2462
1.1599
1.6011
1.9064
1.2862
1.7777
1.7271
1.8042
1.9648
2.5770
1.1575
1.1565
1.1378
1.6028
1.2190
1.0815
1.3218
1.4464
1.3310
1.7843
2.6405
1.3637
1.8750
2.0563
1.8297
1.0988
1.2412
2.1200
1.3507
1.6789
2.3043
1.8094
1.3413
1.0823
1.7193
1.5754
1.3828
0.8128
1.4534
1.4265
0.4267
2.0227
1.4476
1.4313
1.4756
1.6567
1.6727
1.0796
1.3077
1.4846
1.4372
1.8392
1.4995
1.7326
0.7805
0.6554
1.9697
2.6578
1.2214
1.4279
1.9553
1.6735
1.4900
1.8087
1.1839
0.9506
1.8141
1.8348
1.3347
2.2616
1.4654
1.4443
1.2833
1.2094
1.3049
1.8904
1.2726
1.0944
1.8084
1.0268
1.0865
1.6984
1.5548
1.9888
0.9576
1.2808
1.5470
1.8924
1.7691
1.0128
1.5449
0.8923
2.9616
2.3999
1.8661
1.5983
0.9207
1.3864
1.8511
1.4521
0.8533
1.1984
2.3573
1.2713
1.6105
1.8567
1.0571
0.9585
1.4521
1.8445
1.4267
1.5467
2.0847
1.4005
1.7152
1.6358
1.2054
1.4394
1.7668
1.8862
1.5348
1.1368
1.5136
1.4384
1.1973
2.3069
0.6157
1.9220
0.7356
2.7398
1.5159
1.3653
1.5341
2.6866
0.8829
2.0931
1.1727
0.5930
1.4398
1.9444
1.6675
1.4627
2.9259
0.9965
1.0639
1.3354
1.2418
2.1540
1.4652
1.2232
1.5407
2.1606
1.5687
1.1339
1.6318
2.6765
1.3921
1.3417
1.4134
1.5899
1.9247
1.8217
1.4441
0.9273
1.4937
1.3096
1.4000
1.6902
1.4391
2.6526
1.6722
2.3693
2.4123
1.4369
1.8145
2.4433
1.5096
1.7647
1.7675
0.8458
2.8322
0.7786
1.6656
1.8673
1.7077
1.1226
1.1451
1.6606
2.8353
2.8031
2.1632
2.5647
2.5918
2.5262
1.9228
2.4656
2.4204
0.9075
2.3322
1.0750
2.1162
1.9056
1.8747
0.8193
2.1493
2.1903
3.0790
2.1811
1.5014
1.8879
2.0343
0.7425
1.6141
2.1185
2.2011
1.8287
0.8118
2.1070
2.3533
2.8919
1.1434
1.3561
0.9363
1.3096
1.7666
1.4067
1.7506
2.0009
1.4644
2.0604
1.8389
1.6767
1.5864
2.1914
2.0828
2.3418
1.1112
1.7618
0.6687
1.5501
2.0848
1.3933
1.6692
1.0362
1.4931
1.0448
2.1306
1.3699
1.1119
0.3878
1.7213
1.0115
1.9352
1.9362
2.1766
2.2319
1.8080
0.5002
1.5628
2.0948
1.8315
1.8534
1.4988
1.9681
1.1818
1.3078
1.2525
2.8190
1.0588
1.4907
1.1163
0.6285
2.4186
1.1894
1.8768
0.7319
1.1991
2.4812
2.3896
1.8441
1.3029
1.8712
2.4343
1.5075
0.4975
1.0664
1.7500
1.4089
2.2903
1.3708
0.3793
1.4665
2.5247
2.0800
1.5523
2.0039
1.4690
1.5465
0.8690
1.4278
0.8778
2.0079
1.0168
2.3726
0.9606
1.0415
1.7269
1.7192
1.6529
1.5050
1.6448
0.6016
1.9829
1.4331
1.7168
1.0776
1.2387
1.7368
1.6312
1.4314
2.0887
1.6988
1.7366
1.4455
1.3465
1.4017
1.6488
1.6396
1.4319
1.3950
0.9514
1.1768
1.5953
1.7449
1.1507
1.0816
0.8943
1.2535
0.4358
3.6125
1.8637
2.3704
2.2241
2.7622
2.4042
0.5385
0.8704
1.7910
2.1653
1.0877
1.3911
1.3429
1.6596
1.7936
1.7229
1.4691
2.0950
1.7862
2.0066
1.5180
1.6527
1.6242
1.5837
1.9384
1.4591
1.9793
1.1077
1.7819
1.6774
1.7996
3.1912
1.8186
1.7880
1.4706
1.2734
1.5840
2.5417
1.3003
0.8502
2.2260
2.1587
1.8700
2.2969
2.6709
2.2075
1.4154
1.3154
1.5450
1.3727
1.8636
3.2973
1.6975
1.7748
1.9112
0.8390
1.3378
2.0498
1.3614
1.5381
2.3677
1.5841
1.7341
1.3742
1.3580
1.1909
2.3139
2.6926
2.0487
2.1025
0.9164
1.2594
1.0172
1.4798
1.5392
1.1911
1.4203
2.5177
1.4508
1.8155
2.3237
1.7016
0.8268
0.7561
1.1424
1.4454
0.7068
1.6784
1.2006
1.5459
0.9797
3.7133
2.1832
1.4243
1.6429
1.5510
2.3196
1.5358
1.4149
1.0503
1.3057
1.1191
1.7979
1.8261
2.0485
1.8142
1.4009
1.6537
1.1365
2.2025
1.2667
1.6954
1.3934
1.2210
2.1178
1.5758
2.4293
1.4205
1.0575
1.3940
1.3833
0.7859
1.5028
1.5575
1.5315
2.4761
2.3360
0.9566
1.4958
2.1222
1.7117
2.0622
1.2361
1.4800
0.4748
3.1581
1.6086
0.8468
1.6760
0.9972
1.7672
1.9522
2.5991
1.3666
1.0045
0.8913
2.3176
1.3131
0.8033
1.7139
1.9731
2.8894
1.5823
1.6849
0.9746
1.0989
1.4253
1.8757
1.1030
2.5344
1.2373
2.0617
1.5840
1.7837
1.6014
1.7184
1.6603
1.1520
1.4438
1.9436
1.5074
1.8541
1.6775
1.5512
1.0053
1.9347
1.6390
1.8438
1.7364
1.8355
1.4496
1.2432
1.6409
1.7053
1.3792
1.0455
1.7728
1.4873
1.5894
1.3641
2.0133
0.9578
1.1755
1.6280
1.5025
0.7102
1.4754
1.6228
0.9983
1.4449
1.0016
2.0813
1.8113
2.3257
1.2211
1.2941
1.1902
2.8819
1.3322
1.0624
0.5366
2.2064
2.0413
1.5562
2.1871
2.1409
2.5674
1.5312
2.9777
1.4766
1.1844
0.8764
0.2023
1.2660
1.2776
2.2147
3.0392
1.1203
3.4552
1.0415
1.1117
0.8016
2.1457
1.9563
1.5550
2.5065
1.3350
1.5671
2.2605
1.7030
1.8297
1.4191
1.4066
1.9362
2.5503
2.6318
1.4409
2.1666
1.3706
2.0035
1.8483
1.7516
1.2086
1.3443
1.2260
1.5659
0.5985
1.5448
1.3756
1.7915
1.7466
1.5861
1.0983
1.8729
1.5930
1.5913
2.3344
1.0791
1.6359
1.3729
1.6497
0.6814
1.6095
1.7261
1.8777
1.0023
1.3735
2.2500
1.3899
2.0002
2.4642
2.0159
1.8107
1.9484
0.7976
3.9258
2.0614
1.2806
1.4220
1.2974
1.3721
1.8717
0.8519
1.5087
2.0610
1.5257
0.7939
1.6541
2.7005
2.5909
2.1963
0.8603
1.7975
1.8497
1.7261
2.1236
2.3662
2.3120
2.7661
1.4034
1.7775
1.2398
1.9374
2.3357
0.9225
1.0554
0.8793
1.5026
2.0133
1.0415
1.6463
1.8143
1.7935
1.1514
1.6084
1.2892
1.8406
1.9725
1.5671
1.5749
0.9471
1.6264
2.9436
1.7561
1.0259
1.3153
4.0293
0.8659
1.1808
1.2075
1.5938
1.2950
1.9957
1.3811
1.6132
1.5555
1.4186
0.3073
1.5259
1.7171
1.6103
0.9022
1.9280
0.9866
1.9293
1.4689
1.9552
1.7773
1.9146
0.9304
1.2154
1.7818
2.4776
1.8365
1.3238
0.8630
1.6929
1.2169
1.1174
1.0067
1.2226
1.2317
1.8001
1.8302
1.3052
1.2230
1.0002
1.5008
1.3888
0.9129
2.0516
1.9595
1.7473
1.6799
2.7251
1.0652
1.7179
1.0481
1.9590
0.7908
0.8552
2.0133
1.4950
1.5402
1.2456
0.6161
1.6133
1.6687
0.9495
1.7771
0.6630
1.7479
1.4200
1.0783
1.0631
1.5170
1.9716
1.5744
1.2302
1.6567
2.1448
1.3181
1.4930
1.8759
1.8851
1.5387
1.3990
2.1113
0.7844
1.8913
1.0750
1.9837
1.8369
2.4377
2.0777
1.4361
1.8512
0.8420
1.5554
0.9349
2.0580
2.1168
1.5345
2.3234
1.0164
2.5517
1.3096
2.1355
1.5496
1.3687
1.5465
1.1908
1.1838
1.5546
1.9162
2.0303
2.5203
0.9531
1.9220
1.9444
1.1664
1.2414
1.9171
0.8057
1.4557
2.0018
1.0858
1.6260
2.0651
1.1467
1.9025
2.3235
2.0697
1.1037
1.2440
1.8707
1.2748
2.0274
1.3733
0.5767
1.5348
1.9155
1.8198
2.0220
1.1850
1.6143
2.7797
1.1310
2.0791
1.7673
1.3479
1.9235
1.5267
1.6027
1.7936
1.8856
1.4392
1.9462
1.4146
1.6888
1.2350
2.3200
0.9146
0.9948
2.2603
1.2803
1.5774
1.0764
1.9384
1.6219
1.5903
1.5524
1.5619
1.6793
1.7780
3.5218
1.9527
1.1534
1.9437
1.1379
2.9899
1.9166
0.8561
1.7132
3.9531
1.8283
1.1661
1.5465
2.1300
1.7092
1.6704
2.0872
0.9330
1.4501
3.2500
1.2821
1.5370
2.2544
1.4225
2.4091
1.0398
3.2553
2.0956
3.4371
1.5448
1.8079
1.4641
1.3073
1.3305
2.5035
1.3479
1.3488
0.6800
2.5296
1.1805
1.5340
1.0972
1.2586
1.1085
1.8451
1.2204
0.8891
1.9331
1.6352
2.8012
2.1108
1.0012
0.8882
0.7168
1.6223
1.1078
1.2933
0.8999
1.1319
0.5102
1.0381
1.6607
1.2046
3.0582
1.2515
2.0887
0.6724
0.9834
1.3144
0.8467
1.6221
2.6802
1.8541
1.4000
2.0483
1.7421
1.2423
1.4996
2.4377
1.3136
2.8749
1.5306
1.2244
1.6188
1.8863
1.2861
2.3102
1.9537
2.2918
1.2414
1.5902
1.8213
2.4503
1.5474
3.1510
1.5764
0.7221
1.7806
1.2655
2.3691
2.4174
1.9086
1.9445
1.3646
1.2074
1.8030
1.7627
1.0392
0.7015
1.0647
2.1821
1.7249
0.5276
0.9051
1.3438
0.5484
2.0622
2.2547
2.2610
1.5177
1.0300
2.1167
1.7130
2.3402
1.9244
1.3544
1.6510
2.0401
1.5288
1.2230
0.7777
2.7143
2.3445
0.9320
2.2811
2.1444
1.4356
2.0334
1.9796
2.0727
1.7516
2.3157
1.9015
3.2616
2.3021
1.5254
1.0562
1.0472
1.7051
1.4809
0.8397
1.3221
1.6899
1.4854
1.7726
1.3202
1.9644
2.0686
2.3048
1.1468
1.5194
1.2526
1.8133
2.3447
1.2548
1.4919
1.8962
1.1835
2.1367
2.5879
0.7267
1.5179
1.6081
1.1919
1.9402
1.8063
1.6522
1.7485
1.6293
1.1082
2.5815
1.1827
1.2641
0.8988
1.2930
1.3124
1.9857
2.3010
1.4877
1.3063
1.2727
2.5648
0.8989
1.2814
2.0687
1.8179
1.8881
3.4540
1.6851
1.0883
1.8166
1.4827
1.2648
1.4601
1.9204
1.8839
1.2779
1.7466
1.1791
1.8518
1.9901
1.5654
1.7819
0.9445
1.4699
1.5012
1.7546
2.5798
1.8122
1.8906
1.2300
1.2045
1.3848
1.4946
1.4880
1.0513
1.5136
1.7082
1.8787
1.4005
1.2737
1.7139
1.1413
1.5231
1.2542
1.3715
2.1108
1.7617
2.0137
1.7034
1.6901
1.3386
1.6977
1.4366
2.1361
1.4581
1.7008
1.7649
1.5242
0.8694
2.1941
1.9252
1.7510
1.4785
1.2083
0.7991
2.3175
1.6853
0.7494
2.7353
1.2634
1.4787
0.7359
1.0531
2.1224
1.1700
1.5905
1.4855
0.9168
1.1075
2.0176
1.7740
1.9110
0.5535
1.9000
2.0301
1.5430
2.0469
1.4333
2.6101
2.0875
1.4584
0.7983
1.7019
0.9944
1.7772
1.8545
1.9855
0.6550
2.1080
1.6337
1.4454
1.3945
2.4975
1.1799
1.7667
1.4682
1.0465
0.7812
1.9816
1.1664
2.6076
1.2988
1.9111
0.3982
0.8980
1.6875
1.2693
1.5107
2.3816
1.4551
1.6318
1.8877
1.5892
3.1869
1.6193
0.8063
0.8679
2.4328
1.5613
1.9407
0.9064
1.8116
1.2611
1.8374
1.5728
2.0501
1.1550
1.2059
2.6003
1.2173
0.8602
1.5998
1.7648
1.8075
0.7337
2.0313
1.7632
1.3831
1.6900
1.6710
1.2358
1.1550
2.0393
1.6086
0.8769
2.2534
1.5898
1.6480
1.5157
1.2467
1.7204
2.3256
1.5342
0.6486
1.7841
1.7312
1.6176
1.7397
2.5663
0.9875
1.9862
1.5983
2.5636
1.4729
1.8503
1.2504
1.1703
1.1799
1.9306
1.5598
2.0400
2.8700
1.7660
1.5091
1.6341
1.5668
1.2862
1.5359
2.1452
1.5372
3.2857
1.7888
1.8699
1.2425
2.2711
1.6533
1.6329
1.9524
1.5320
1.8835
2.2153
1.1978
1.2238
1.2876
0.9611
1.6369
0.9893
1.9895
2.1238
1.3313
2.0806
1.5691
1.4739
1.3965
1.5702
1.6410
1.6408
1.4745
0.8694
1.8179
2.1579
1.6857
1.3280
0.4522
1.3178
1.2863
1.8066
0.7078
1.9837
2.5496
2.4276
1.5106
2.0446
2.7332
0.4791
0.6955
2.0679
2.0026
2.1437
2.8367
1.4295
2.2108
0.9821
0.9925
2.3176
1.5232
1.3380
1.3738
2.0173
1.4217
1.6813
2.0176
1.3167
1.4888
1.1995
1.5479
1.9366
1.0682
4.4544
1.6487
4.7464
5.0
0.6738
2.9202
2.3443
2.5379
3.4274
4.4308
1.5550
3.1087
4.3156
1.5420
2.6736
4.4545
3.4573
3.0123
3.3612
5.0
3.3629
1.5235
5.0
2.5872
2.1730
4.6993
1.3794
3.7525
4.8389
3.3077
3.8693
2.6861
1.3589
5.0
5.0
2.5460
2.8393
3.7190
4.8576
5.0
5.0
2.3849
3.8118
3.9122
5.0
1.7078
3.9866
1.6119
2.7841
5.0
3.1040
2.7699
3.9091
5.0
3.4872
2.6878
3.2140
3.7788
1.3749
4.9343
1.4157
2.6934
3.8750
2.4387
4.1384
5.0
4.0725
3.3070
2.9881
3.3511
2.2943
4.4715
1.2580
3.1193
3.8112
2.8316
4.5732
5.0
3.4535
4.7499
3.5090
2.6519
2.1741
4.1249
2.9755
2.7231
3.5228
3.3717
4.5173
1.7683
5.0
3.6985
5.0
2.1730
4.6463
2.2135
1.3470
5.0
2.0765
3.7108
3.2882
3.3440
1.6397
5.0
2.6934
2.3627
1.7136
4.1834
2.6391
3.7842
3.7702
2.3197
5.0
2.0965
3.8491
2.3742
3.1232
3.4306
3.8468
5.0
5.0
4.5896
1.7295
3.3962
2.3420
3.8913
3.6427
2.6279
3.8466
4.1272
2.0305
0.6691
2.8809
2.2551
2.8136
4.9864
3.8311
1.8227
4.3047
2.0069
1.3879
4.4733
1.9160
1.2546
3.2077
2.3886
4.4697
5.0
3.6480
5.0
5.0
3.0644
4.6353
1.5311
1.4648
3.4326
1.8226
5.0
4.7096
4.6744
5.0
4.2445
2.6103
3.7743
1.5895
3.3596
2.9781
5.0
1.8656
5.0
4.6022
3.4414
5.0
4.4687
1.7625
2.8076
4.9066
4.2161
1.5731
2.0381
1.0598
2.4152
4.0574
4.1868
2.9853
2.6215
4.7167
1.6527
3.6564
3.5868
3.9186
4.3231
4.0282
3.2466
4.2836
5.0
0.8644
3.3409
3.6648
4.4337
1.1698
5.0
3.7618
3.8114
2.5844
2.4071
3.8063
3.1312
3.7947
2.9228
1.9797
3.8563
2.6270
3.5805
1.7534
2.5900
3.5168
3.3283
4.7114
1.9596
2.4702
5.0
3.6176
3.3473
5.0
4.6487
1.7554
1.2168
0.2282
2.0245
2.7102
2.6209
5.0
3.1177
3.7876
3.4131
3.2062
2.9706
2.8383
2.9420
3.5755
2.4109
4.0388
1.6278
4.9676
3.7480
1.8848
3.9774
5.0
2.6285
2.4940
2.9985
2.5920
4.3269
3.5876
2.8144
3.6994
4.9420
2.8903
4.5530
5.0
1.9767
4.9708
4.4422
1.9432
1.8325
4.4483
1.0017
3.6432
3.7693
3.0282
4.1739
2.4583
1.4611
3.7974
4.7916
4.7602
3.1706
5.0
2.8672
4.5826
4.5921
2.1128
4.8544
2.0426
2.9297
4.4871
0.2374
5.0
2.8908
4.2330
3.1259
4.1910
3.3215
2.3234
4.3535
4.3114
3.2065
3.2923
5.0
2.3768
2.8564
1.6977
2.9332
1.9977
1.6895
2.4594
3.5706
2.6610
3.4292
1.1019
0.7924
1.2873
3.3143
3.4171
2.9556
4.8822
2.8610
1.7667
2.9397
3.8179
4.8550
4.5699
3.2855
5.0
4.6887
3.2580
3.9487
2.5544
4.9523
4.1889
1.9853
4.5158
2.6753
5.0
3.3025
3.0333
4.8841
2.1573
2.6566
4.4076
4.1628
3.3572
3.3658
4.5681
4.8954
3.9867
4.9839
4.9810
2.8378
3.4223
4.7105
2.9024
4.0861
2.8361
1.0950
3.1429
2.9865
3.8303
1.8233
4.8755
5.0
3.4098
4.3664
1.3518
2.3864
4.4321
3.8883
0.9899
2.0020
3.5456
2.4523
4.5230
3.2014
1.4974
3.3084
2.6379
2.7476
3.7226
2.7385
3.5808
1.3158
3.3463
2.1848
1.4433
4.3100
1.8348
4.6299
3.7166
4.3464
2.3132
3.9113
1.9728
3.8442
5.0
3.1677
2.0502
0.8889
3.0063
4.3532
2.8427
4.7772
2.2157
3.8965
4.9695
2.2775
0.7802
2.6444
4.5359
3.6021
2.1640
3.3824
3.2290
2.2815
5.0
4.1180
4.7272
3.0438
4.0268
3.0058
3.7426
3.9501
4.0533
1.6013
2.7286
1.7980
4.4608
3.2310
3.2671
2.9043
1.2755
4.1764
2.0361
2.2831
2.9086
4.7915
5.0
3.7399
5.0
4.1823
1.6310
3.0336
2.2078
3.4631
5.0
0.2254
2.7563
0.9476
5.0
5.0
4.9257
2.6196
3.0461
2.9754
3.8885
2.5465
2.8866
3.4687
3.9904
2.4743
3.3942
4.3562
4.0275
4.5036
3.4261
3.3367
4.5792
2.6046
3.7546
5.0
3.3498
3.2183
2.6656
3.5917
3.4187
5.0
3.4287
4.0199
3.8134
4.0473
1.1968
3.9631
2.5626
4.0426
3.5134
3.2045
4.1674
2.3731
3.3859
4.4250
4.3392
3.9733
1.1037
4.2685
3.3678
2.2089
3.9343
4.4217
4.2191
2.0632
3.5258
5.0
2.2835
3.3886
3.9357
4.9098
1.6592
5.0
5.0
3.6494
3.5605
4.7355
3.4796
4.4250
1.2218
1.8246
2.2029
3.7296
4.2143
5.0
2.4831
4.8880
4.7001
4.0974
1.2964
1.2618
1.5971
3.6353
1.3961
4.1721
0.2762
5.0
1.6481
1.7971
3.8618
5.0
2.5113
3.9561
3.0205
2.0525
3.9453
3.4143
2.3135
2.2738
3.7569
4.1518
2.0718
4.6080
3.6239
3.1425
4.1271
2.5067
2.7756
1.9436
4.0018
5.0
3.3758
4.5363
2.8820
4.0990
3.1620
3.4647
4.0994
3.8619
1.2947
0.5453
3.2344
4.0167
1.5423
3.4321
5.0
4.7769
2.0107
3.0962
5.0
4.8520
2.9157
4.8372
1.3748
4.8352
1.6214
3.6329
1.5712
3.6594
4.9752
5.0
2.5823
1.2401
3.2517
1.6775
3.4641
3.3802
2.1186
2.6201
3.5530
3.3039
1.2570
4.7644
0.9085
2.8118
2.6606
3.9029
4.0217
2.2807
3.3482
3.4671
3.9816
3.1024
3.8838
4.6435
3.0159
2.7223
3.8548
2.7395
5.0
5.0
2.6913
3.0427
4.0941
5.0
4.3010
1.3834
5.0
3.6002
3.8591
2.5573
2.8858
2.7973
2.8890
4.6960
2.3405
5.0
4.6978
3.0227
2.2583
3.5402
2.1120
3.0436
0.9386
4.1638
2.0728
4.0360
2.2110
4.7588
1.6890
3.2851
2.1819
1.3140
0.7136
3.5558
3.0659
2.9621
2.8833
4.0010
5.0
2.5532
3.0487
2.1609
4.8446
3.4594
2.3326
3.1481
1.3193
3.3103
2.5206
4.1870
3.2814
4.1545
4.3661
3.6690
3.3712
4.3950
3.9948
4.1069
3.5934
0.8824
1.6284
2.2001
3.6720
3.1469
4.8575
4.4703
1.3471
1.0636
3.6296
5.0
2.9726
2.8476
2.7119
3.8007
2.7583
4.6118
1.2617
4.3587
1.3213
4.9073
2.9434
4.7469
4.0674
2.8548
4.4555
4.6988
3.8085
4.4998
2.3233
3.4516
3.9237
4.5821
3.6502
1.8397
5.0
1.7716
3.0468
4.0686
0.0188
0.6650
3.4085
3.5516
4.2319
4.3791
2.8560
3.7654
2.3902
4.9609
1.6550
0.7571
5.0
1.6762
4.0372
3.3277
2.9025
4.4010
2.3446
3.6055
2.0760
4.3353
4.4670
3.5504
2.7340
2.2063
1.1722
3.5280
3.7014
3.4807
3.9188
3.6675
3.1163
1.5891
4.3751
3.8564
4.6975
2.4266
2.6291
4.8733
3.7584
4.8185
4.2994
2.4588
3.6467
5.0
5.0
4.5006
3.1877
2.4044
4.3833
5.0
3.8659
4.6765
5.0
5.0
3.3415
3.1112
4.6201
1.5043
2.0715
4.9256
5.0
5.0
4.0227
5.0
2.3303
2.0225
3.9537
2.6659
3.7534
4.0601
5.0
2.7573
2.1799
1.3709
3.7222
3.7642
2.9616
3.1110
4.5784
2.8070
3.3894
4.1347
2.7389
5.0
3.9850
1.4648
1.4168
2.7179
1.8008
1.7416
5.0
2.1709
3.0173
2.2064
3.1030
1.0148
3.3526
4.2893
3.0326
3.5456
3.5058
3.6835
2.0416
4.4427
2.7144
5.0
3.6132
4.1340
2.3348
3.7180
3.4534
4.5739
1.6484
3.0037
2.3260
1.5797
2.6269
4.0203
4.8811
2.2897
4.6860
2.3236
2.0317
5.0
1.6094
3.4981
2.7754
3.2937
2.6368
3.8117
5.0
3.6053
2.8382
1.8548
2.5886
1.9483
5.0
3.8079
5.0
2.3602
3.6882
3.6217
3.0688
1.9202
5.0
4.0871
1.6178
4.1472
3.8766
4.7498
2.6706
4.3058
3.2574
0.5761
3.4198
3.1015
1.6862
5.0
4.4492
3.4583
4.8388
3.3420
1.7866
4.2581
2.2890
2.7643
4.5059
0.4192
2.0307
3.3711
5.0
2.7755
3.4274
5.0
3.8981
4.8944
1.6931
2.9952
3.9341
3.6360
3.8591
4.4147
3.7251
2.0715
2.8864
1.3056
3.5823
3.5775
2.1253
3.1404
4.4464
4.7591
3.5925
1.9844
2.6547
2.4726
3.6494
2.8039
3.1754
3.8132
2.3516
1.4597
1.9438
3.2414
2.0395
3.0535
2.5766
1.6844
4.4131
1.0687
3.8356
1.9210
4.7283
4.3479
3.6673
2.8227
4.8623
3.8620
4.2735
4.8734
1.3572
2.5898
4.4378
2.6458
1.3024
2.1266
4.1760
3.8921
5.0
1.2862
3.1291
1.5692
2.2914
2.5371
2.4979
4.3720
3.2795
3.1030
5.0
0.7182
3.2821
3.0807
1.2006
3.5744
3.9671
1.8462
3.4796
0.6824
3.4784
3.4468
2.9361
2.2659
4.8013
4.5306
2.5976
2.8410
4.4668
4.3126
2.4894
4.9938
2.9914
4.9183
0.2042
2.3299
3.3722
3.8329
4.1915
5.0
1.4455
4.3006
4.1238
3.7980
5.0
2.5057
2.6958
3.4024
1.9130
3.4338
3.1723
2.1695
2.3664
3.7786
5.0
3.7573
3.6590
4.0584
4.3720
3.2911
4.8573
3.3010
5.0
3.4003
5.0
4.8554
2.5971
3.7950
3.9313
2.7391
1.8858
4.2113
3.4037
4.8297
2.6459
2.8317
3.1926
3.2459
5.0
0.7098
4.1635
5.0
2.7335
2.2666
2.2528
4.6182
4.8526
4.5876
2.5320
3.3440
4.2576
1.1209
2.1747
3.4886
2.4411
3.0141
2.8070
2.7531
3.2643
2.4154
2.6683
0.6827
3.3283
3.0844
3.0751
0.3281
3.2545
2.3192
2.1960
4.3722
4.4236
3.1683
3.1925
1.6350
2.7345
1.8769
3.1187
3.7423
1.0456
2.2236
2.2029
3.6133
3.6795
4.1916
1.3153
3.2253
0.9664
3.7327
3.7885
2.3045
3.9047
4.4835
2.2594
3.1087
2.6691
4.3687
4.2979
4.8806
1.5867
3.6022
3.9710
3.8557
4.2084
2.8970
1.5255
4.7929
0.0
2.4386
3.4262
1.5437
3.3436
2.4053
3.6031
2.9250
5.0
4.2234
5.0
4.1216
1.7205
2.8496
4.5914
5.0
1.1680
2.9566
4.2816
5.0
1.6747
3.1109
3.4756
4.2684
1.7787
2.3250
3.2524
2.9940
2.6153
2.9859
4.7072
4.2712
4.6815
4.1538
2.1504
2.5710
1.3460
4.1652
3.4458
3.6799
2.7121
2.5139
1.8667
0.4156
5.0
3.5947
4.4192
2.7516
4.0313
4.2778
3.4766
4.5370
3.3594
5.0
3.9818
0.7056
1.4280
2.8339
3.5807
2.7526
5.0
1.5841
4.1891
4.5486
4.0863
1.3506
3.7948
5.0
3.3242
3.0258
4.1650
1.9362
4.7488
2.9421
3.3502
4.7611
3.8797
1.9538
2.0103
4.1406
3.8494
0.8911
1.6711
2.6194
2.2306
3.4749
2.3578
3.1775
2.2339
3.3055
2.7746
3.1644
1.6477
3.6241
2.0104
3.6529
5.0
5.0
3.4505
3.7250
5.0
2.5810
4.0564
3.8223
3.9751
4.3821
5.0
3.5103
2.3290
4.7149
4.8973
3.3543
1.8226
2.4509
5.0
3.6067
0.5505
2.4992
2.6013
3.9114
3.7138
0.3619
3.4888
3.6730
3.6690
3.8057
3.3894
4.1208
2.7551
3.5553
5.0
4.6046
5.0
5.0
4.5459
2.5046
3.3954
5.0
3.1577
4.1519
3.7225
3.9587
3.8548
1.7988
3.9892
5.0
1.9883
1.0308
1.7348
4.9174
1.5156
2.1166
3.7715
4.1996
4.9298
3.0209
3.2697
2.0026
4.7927
5.0
2.4407
2.5163
4.7375
2.4979
1.4198
3.1523
3.7632
5.0
4.4162
3.6785
5.0
3.9327
4.1518
4.5230
3.4101
2.7842
4.5022
2.1113
4.1884
5.0
3.4241
3.0777
3.2593
4.0130
5.0
2.1572
2.9219
3.8756
3.8232
3.9414
2.3576
4.2165
5.0
3.5514
2.5544
3.1782
1.6807
2.8484
3.0852
3.6566
4.6408
4.0312
4.8300
3.2890
3.1243
2.8294
5.0
1.1195
0.8959
3.0188
2.2487
4.0622
0.3352
4.1316
3.4464
5.0
4.9427
1.1754
2.5150
2.2953
3.4873
4.3314
4.1440
2.0465
3.6589
4.5036
2.8954
4.7636
4.1820
2.0777
3.2047
2.6473
2.3380
3.3903
3.5706
5.0
3.2874
3.3718
3.5755
0.8053
3.7178
4.6348
4.6991
2.4398
3.5537
3.4457
3.1967
4.0161
1.0757
5.0
2.0901
2.5720
1.8422
2.6351
2.5934
3.2872
5.0
3.6901
5.0
2.9825
4.7302
3.7967
4.7350
2.0853
5.0
2.3199
5.0
2.4880
3.2229
2.8007
4.5459
2.8092
3.9441
3.0675
5.0
1.7237
5.0
2.2723
3.5509
2.9252
3.1365
1.1443
3.2817
3.6014
3.6594
4.1623
3.8192
4.4064
4.4391
2.1309
5.0
2.5128
3.7585
5.0
2.7158
5.0
4.7445
3.3595
3.9304
4.8351
2.6265
4.5358
3.4356
2.7018
3.3265
1.5946
4.5442
2.3371
3.4038
3.4584
4.1556
3.5417
5.0
2.1929
4.5388
4.1166
4.3887
3.5670
1.4657
3.2649
2.9665
3.6849
3.8323
3.1511
5.0
4.3582
2.3314
4.2459
2.4386
3.1933
4.0048
3.2410
2.8361
5.0
2.8730
2.0702
3.4346
5.0
4.8576
3.1000
5.0
4.1254
3.2555
1.3825
2.8324
3.9077
1.0943
0.7008
0.8800
2.4721
5.0
3.4790
4.3863
5.0
2.4233
3.7252
4.5721
1.5467
3.9277
2.0471
4.5958
2.8095
4.3215
4.5389
4.4511
3.6396
4.1325
2.9193
2.6301
4.5789
3.8667
2.6307
3.7804
5.0
5.0
2.7723
3.7799
2.3382
4.5492
3.4621
4.1290
1.4427
1.3011
4.9486
4.0610
3.6789
2.0591
5.0
0.6632
4.1850
3.4813
1.5329
5.0
2.0858
2.5320
1.8522
4.1463
2.9115
2.6515
2.1354
2.9863
4.0951
4.2461
3.5275
4.3034
2.5831
3.3434
4.5494
0.4448
2.3137
3.4651
1.1772
2.3245
4.5202
2.0998
3.8756
3.7708
4.5208
3.9365
3.0988
4.1686
0.7609
4.4910
0.9219
3.7953
4.4632
4.5349
1.6337
3.8353
3.2049
3.5817
3.9670
4.1143
3.5894
1.7041
3.6071
3.8779
1.1354
2.2821
4.9958
3.3674
3.8107
1.9399
1.6903
4.7785
4.2105
3.0584
1.4185
2.6493
3.5366
2.7173
2.4683
4.5456
1.9720
4.4967
1.4491
1.3026
2.2846
4.9938
3.2645
3.6240
2.7974
3.2518
1.9064
2.7709
0.5771
4.8868
3.7989
4.0822
2.8928
2.9440
4.3548
4.7941
4.8988
2.0999
2.0883
4.6277
4.0152
4.1907
3.7102
3.2257
3.2795
3.8578
2.2937
2.8976
4.0717
4.3164
3.8453
1.9878
4.4981
2.3453
3.0385
3.4402
1.4890
2.4320
1.8124
3.7326
2.9021
1.9997
2.3497
2.1532
3.5856
3.0519
2.1046
2.8815
3.0571
3.9079
3.7154
3.6016
4.4697
2.3618
5.0
3.5116
4.1977
2.0799
3.6910
4.6427
2.1181
3.2993
3.0240
3.9756
4.5384
3.9527
3.8637
3.9932
3.1093
2.2928
3.4822
5.0
1.8854
4.9868
3.2749
3.4102
2.1896
0.9725
4.3664
2.3893
3.0209
3.6314
4.1761
3.5623
4.1456
3.3381
1.8704
2.7995
3.7838
4.1193
2.0958
1.1145
2.7972
1.4381
2.4730
2.0393
2.7750
2.3479
2.1526
2.2869
2.2752
3.9814
2.6514
2.4368
3.5270
4.3043
2.4605
4.3404
2.6574
3.6058
0.9317
3.3847
1.1294
3.1081
3.2087
3.4758
3.3099
1.7977
3.3671
4.5004
3.9768
3.6873
3.4029
4.1046
1.3179
2.2641
3.1231
2.8853
3.0558
3.7684
3.6744
2.3473
4.8954
4.8790
3.5069
3.1561
3.2318
4.7621
2.9290
2.2154
3.1512
3.5171
3.9167
2.7287
4.0637
2.7442
4.3381
1.1210
3.0816
2.0904
2.5283
1.9585
0.7230
4.4661
2.3881
1.4087
4.5391
2.4513
5.0
3.8136
3.0895
2.7497
3.2622
2.8722
3.3095
3.0671
2.6142
4.1884
2.2943
2.7895
3.7519
3.3601
2.8367
4.8629
2.8704
3.3739
1.1767
3.8808
4.4314
3.6340
4.7260
3.0763
2.7956
3.9850
4.9108
3.7161
1.7930
4.7668
2.8850
2.0455
2.1603
4.2944
4.2667
2.7615
4.2732
2.3329
2.8380
4.9692
1.1812
2.6535
4.6318
5.0
3.4334
3.3392
2.4458
3.7113
2.0221
1.8329
5.0
1.9020
3.4485
2.8288
1.4624
5.0
3.8168
3.0965
3.2574
4.3923
2.4441
2.1236
1.9216
2.8018
3.1180
3.8979
2.4164
4.0558
2.9782
2.6649
3.7112
3.7529
2.8794
2.5748
1.6674
4.2268
1.0528
2.2222
2.7725
3.1215
3.5772
1.0871
4.2055
2.7438
2.8714
3.8223
4.3338
2.1190
1.4512
3.3862
3.2107
3.3071
4.1146
1.4354
3.7641
4.0995
2.8101
3.5502
1.8062
4.2656
3.0410
3.3118
3.0219
3.2453
4.2681
3.9195
2.1429
5.0
3.2747
3.7771
2.7254
2.7982
3.9700
2.6062
3.8551
1.7012
1.3508
3.4970
4.0208
1.1162
4.0753
3.2794
3.2864
2.4171
4.0636
3.4962
1.5766
3.6535
2.9976
2.7272
3.9135
5.0
2.0104
4.7451
2.4377
3.5356
3.3082
5.0
2.8768
2.2972
3.2235
2.1482
3.5123
3.4852
4.6647
3.7308
1.5554
3.6495
1.9569
4.6755
3.4435
2.9108
4.3003
3.5127
3.8210
3.2541
3.6936
1.8222
3.8450
2.6929
2.5647
1.9732
2.2550
1.0269
1.2826
1.6239
3.0912
2.2938
3.4220
3.5668
2.3686
4.1733
3.1791
1.9348
2.0049
4.5233
1.8319
5.0
3.5579
1.2980
3.4472
2.0766
2.9723
2.8158
2.8334
2.1473
3.0862
3.7761
4.3841
2.2762
2.8090
2.5567
3.0122
4.6499
4.0095
3.8724
1.4759
2.4252
3.2704
3.5838
4.7612
3.4146
3.6751
3.2180
2.5566
1.5736
3.9411
3.7737
3.0776
3.5186
1.7362
1.3527
2.9034
2.0381
1.0142
4.0887
4.0127
1.1929
1.5963
3.3327
3.5819
3.8578
5.0
4.6613
3.7834
2.9117
2.9246
3.7483
1.0709
2.2967
2.0737
3.3227
3.5901
3.8811
3.1669
1.2050
2.7623
4.5685
3.9667
4.0732
4.0821
4.4274
1.9931
4.4629
2.1230
4.5008
2.0160
4.5594
1.2762
1.2109
3.1914
2.1121
2.8497
1.5827
3.8448
2.9834
3.4338
3.4155
3.8170
2.6944
1.3533
4.0451
4.0380
3.5286
5.0
0.8149
1.8601
4.3583
1.8090
3.7322
3.7918
2.2545
2.6576
3.9440
3.7510
4.3054
4.8474
3.5177
2.9618
2.7251
2.6948
1.6705
3.8799
2.3432
2.7665
2.6295
3.3323
2.3333
3.5849
4.0238
2.6968
3.1682
2.2216
1.6494
3.7909
2.3757
3.4266
4.7570
4.1840
1.9386
4.1076
2.3513
3.7345
3.0004
4.3914
3.1436
2.6927
2.4407
1.7275
3.3648
2.8038
5.0
2.5939
3.8724
1.7974
5.0
3.6132
4.7991
2.6917
2.8719
2.1724
3.3441
1.6703
3.0935
4.8270
3.6934
2.7014
3.1936
3.0116
3.6281
2.2798
4.2656
1.7455
3.9284
4.2878
1.1003
2.9142
4.1323
4.4610
2.4821
3.4470
4.4882
5.0
1.4188
1.4333
2.2907
2.1442
2.6871
3.7325
4.6527
3.3551
0.8257
1.7556
2.9805
3.4371
3.3602
3.1379
1.2817
3.0239
3.6585
3.0437
3.5182
3.7931
3.3286
0.9843
3.1695
3.3253
1.1472
1.5158
2.0037
2.8144
4.1457
3.9064
4.5212
3.9076
1.9135
4.2863
2.2211
2.8485
2.1044
3.5740
3.1082
2.7141
4.3587
3.8627
4.7555
1.9321
3.0837
1.6270
3.6094
3.4129
3.2102
3.2308
5.0
2.7130
3.1599
4.0241
4.2705
4.1378
4.1327
3.5176
3.6533
4.1576
3.4270
3.1380
2.0340
3.6201
4.1947
4.5062
3.9146
2.1638
3.2289
3.4312
3.4218
4.3072
3.6554
2.3808
3.7524
3.5324
1.4518
2.7006
2.9066
1.3740
3.2681
2.7455
2.1836
1.7982
3.4445
3.2720
3.9579
2.6081
4.1730
1.5835
4.1212
2.5585
2.2509
1.5993
3.9684
2.5904
3.8873
2.8691
1.9749
3.2026
2.7164
4.8103
2.8134
3.3554
3.0867
1.1384
4.1076
3.3206
4.7595
4.8215
3.0799
2.7573
2.9156
3.0248
4.2156
3.4871
2.6948
1.7441
2.2914
3.0991
1.6943
1.7109
2.1399
4.0925
3.3466
5.0
2.8376
2.3863
1.1273
3.8292
4.3577
1.8846
2.4500
2.9853
3.4620
3.6920
3.8066
3.3820
2.0040
4.9990
4.0811
2.7929
3.0628
4.9961
2.5325
1.9132
2.7254
2.4633
3.3973
2.8622
3.2181
2.2812
2.8102
3.4481
4.0526
3.7612
4.5126
3.0560
2.0913
1.3562
5.0
2.2975
4.1386
3.8391
2.8923
1.3897
4.2983
2.8685
2.4074
3.9770
1.5774
2.8566
2.8861
3.7255
1.3009
2.0867
4.4706
2.5435
3.0224
3.0553
5.0
3.2612
2.4423
4.6081
2.1142
4.8010
4.0544
3.9901
1.5237
1.6793
4.2845
3.7128
2.8821
4.5167
2.6699
2.9056
1.7077
2.1487
2.2634
1.2623
2.4739
2.2529
1.6590
4.5023
4.4051
2.6727
2.2209
3.6835
3.6110
5.0
4.4121
4.2471
3.6533
4.9433
3.6198
2.8110
2.5478
4.2116
2.9062
2.8020
1.8802
3.7176
3.8931
4.4804
2.8858
2.1938
3.9034
2.9063
3.7123
3.8409
3.4404
2.7725
3.6907
1.9590
1.9368
3.5593
1.5235
4.2357
3.7566
0.9343
2.8914
5.0
3.8291
2.8672
3.1393
3.4338
2.2444
2.1610
2.3843
0.6082
4.3732
1.0903
4.8285
2.8168
4.9984
4.3022
4.9578
2.1484
4.1057
2.6250
2.4252
3.2430
1.6762
3.2933
3.3434
3.2287
3.2678
4.7398
3.4640
3.5830
3.7402
5.0
2.8571
3.9739
4.0758
1.3684
4.8402
3.1265
3.3178
0.9804
2.0454
3.7386
1.1187
3.6051
4.4556
2.3535
3.1954
1.6727
0.7966
2.4143
2.8982
1.5537
3.7641
2.7028
2.1995
4.4855
4.1816
2.9285
4.1382
4.7287
1.1133
2.9574
2.8549
1.2977
3.6230
3.3874
3.5571
4.7619
1.7210
2.6442
3.1308
3.1881
2.6794
3.4936
1.7771
1.7113
2.5120
4.3744
1.5333
4.8764
1.8396
2.6081
3.7826
3.5915
1.5917
1.7767
3.4565
2.2819
3.6561
3.2525
3.7387
4.4821
2.3481
2.5268
3.0796
1.9011
2.6834
4.1171
3.4416
1.3864
4.4536
3.4432
3.1130
1.2691
4.5081
3.6564
4.5434
3.4116
2.4677
3.2717
2.5738
2.2101
4.4525
1.6447
4.8475
3.8645
2.2986
3.3296
3.3762
2.5117
4.1584
2.5974
2.1550
2.5122
3.8865
2.3903
3.3306
3.6883
4.2348
4.3801
2.8437
4.1058
3.3455
2.0791
1.5872
3.4633
3.4586
4.3932
3.7733
2.3124
3.6361
3.5198
0.9065
2.9045
1.8035
1.9852
0.9362
2.3377
3.4759
3.8930
4.3862
4.8170
4.8677
2.5852
3.4081
2.8904
3.0769
1.7718
2.7990
3.6131
2.8002
1.7151
3.8297
3.7278
2.5895
1.8171
1.9487
1.4992
1.8716
4.2811
3.3097
2.9413
4.5950
1.9749
4.6885
1.8392
4.8637
3.4896
2.2209
3.7808
3.5440
3.8421
1.3165
3.2232
3.5888
4.8774
2.6186
3.9097
3.3437
2.7022
2.4525
3.4623
2.7230
5.0
2.3848
3.8588
2.1356
4.4596
3.2881
3.0551
3.6546
3.6571
3.3085
1.2738
2.6876
0.9280
2.7199
3.3989
4.3818
1.8367
1.4384
4.4032
2.6775
3.3088
3.4493
1.2679
2.4075
4.0936
1.6510
4.6972
3.9529
3.7959
2.0050
4.0964
3.5886
2.3464
3.9043
4.6695
3.9778
4.0602
2.4222
4.6700
5.0
3.8925
3.7267
3.3604
3.7195
4.4590
3.2228
2.2173
4.1307
3.1127
2.8906
2.3096
3.2423
3.6059
4.9237
2.4101
1.8941
0.6991
3.5714
1.9671
4.0106
3.7067
4.5015
4.1634
2.9739
4.0782
2.1282
0.9354
3.5083
3.4874
4.2946
4.9603
2.8807
2.9889
1.4648
2.0496
3.6581
4.2345
4.0615
3.3050
4.8023
4.1088
4.0372
3.1554
2.2305
2.9742
2.7612
4.2089
4.8968
3.5179
2.8399
2.6865
2.7399
1.9641
3.6417
1.3843
3.9682
2.1223
3.5359
2.0239
4.8796
2.7518
3.1874
4.4545
4.1197
4.1890
3.1421
3.7223
1.8729
3.8131
1.3596
1.4846
2.4677
1.6132
4.5859
3.0399
1.1451
2.7374
1.5620
3.8710
1.9646
4.3138
2.5816
2.1101
3.7245
1.2474
5.0
1.3410
2.3029
3.5169
4.4034
3.9252
3.3146
5.0
3.0748
4.1117
3.5042
3.5928
2.1374
4.0006
3.2362
5.0
3.6454
3.1846
3.0120
4.5289
2.7245
3.3749
3.7412
2.9587
3.7208
2.6118
4.8567
4.4037
3.8533
0.9656
3.4193
3.0478
2.5032
3.5260
5.0
3.3089
3.8883
3.5892
3.1441
3.4122
4.2036
3.9777
2.7172
1.9010
3.5317
2.5791
2.7135
1.6514
3.6649
3.1214
3.6923
2.5615
4.1997
2.4061
3.7379
1.9239
4.0270
4.5795
4.1934
3.5409
2.1185
2.6876
1.6039
3.7654
2.3533
4.8150
5.0
4.2935
3.1832
1.7105
2.9335
3.2905
3.1950
1.6451
3.7325
4.7055
4.6623
1.3792
3.8503
1.4472
5.0
4.2658
3.8766
4.7070
3.2006
4.4256
1.5322
3.7447
4.5768
2.9550
1.7079
2.1942
4.7848
3.8618
2.4186
3.5665
3.8018
3.8399
4.1336
5.0
1.9311
3.5165
4.2841
3.3451
4.1163
4.3965
3.4213
3.5152
2.5465
3.8725
2.8586
3.5303
5.0
3.9049
2.6847
5.0
1.3214
3.4771
1.2809
2.1596
2.3956
1.9453
4.0201
1.9589
2.8573
2.6386
2.6284
3.0326
2.4686
3.0110
5.0
3.7781
3.4759
3.6071
3.1013
2.5074
2.4832
3.0145
2.2216
2.8098
1.4244
2.8425
5.0
2.2690
3.6557
1.5667
3.6978
3.3717
4.2168
1.3826
4.2882
2.8097
3.9721
1.6808
2.3795
3.5382
0.9368
3.6366
2.5531
4.6576
5.0
4.0494
2.3075
3.5970
3.1910
4.1715
3.1636
1.4712
3.1336
2.9099
3.6476
2.5339
0.4356
2.2742
3.5559
3.9563
4.3251
2.7389
3.3589
3.4238
4.8651
4.0361
5.0
5.0
4.1928
4.3578
3.4070
2.4947
3.0406
2.2851
3.9998
3.9069
5.0
1.5360
1.6296
1.8047
2.0265
4.3000
2.7105
4.6363
3.7371
3.6918
1.9524
1.7996
4.3396
2.0565
3.8475
1.2181
3.9893
3.4612
5.0
2.3305
3.1629
5.0
4.3583
4.5460
3.3088
3.6656
3.9235
2.0360
3.0756
4.8966
2.2310
3.9521
3.9949
3.1643
1.9378
3.7834
2.7416
4.5503
3.1735
2.9547
2.8341
3.9218
4.1323
1.8627
3.0560
1.5924
4.8575
3.0239
3.8325
5.0
2.0624
3.2514
2.6237
0.9563
2.7341
3.9020
3.6616
3.8290
2.7612
1.6118
3.0858
3.5183
4.1217
5.0
2.8397
2.6945
2.4534
3.3661
2.2931
4.2690
3.8670
3.1217
2.4426
2.9905
2.9451
2.8724
2.8339
3.5291
1.9931
2.7009
3.2117
3.5307
2.4344
3.8377
4.1475
3.6091
1.6939
2.7855
4.7972
2.5075
2.1082
4.0841
3.9425
1.9345
2.7350
3.7187
2.4792
4.1777
4.6694
2.6749
2.1727
4.6163
1.7237
2.1422
3.3124
1.9638
5.0
3.7040
2.6335
2.4462
2.7551
2.6862
2.0488
2.2200
3.9303
2.7379
3.5973
3.8369
2.8067
3.9735
4.1185
4.1195
4.2356
1.8168
2.7677
4.5937
3.6397
3.7348
2.1761
2.2424
2.2410
1.8493
1.8057
4.3167
2.2376
3.2857
4.1054
2.5913
3.4169
2.7038
1.5657
3.7585
4.1736
3.7014
3.8970
3.0134
2.0978
1.5887
2.9903
4.0293
3.1302
1.9587
2.8682
1.9520
2.4197
2.8951
3.6716
3.2126
1.8893
2.3729
1.9386
4.5204
2.3716
4.4380
3.7155
3.6872
5.0
3.3598
2.6151
3.4708
2.8824
2.7805
2.1156
1.5441
4.5710
3.2448
1.6901
2.7936
3.4538
3.1101
2.6980
3.8712
3.6733
0.3865
1.5512
2.8343
1.1336
4.1507
1.8544
3.4376
2.0091
3.5853
3.5290
3.2000
2.1099
3.8018
1.8179
3.1151
4.4958
4.2389
1.9274
2.4111
