2.2742
2.2041
2.0927
2.0910
2.0212
1.9770
1.9836
2.0030
1.9082
1.8115
1.9166
1.8521
1.7726
1.8378
1.9503
1.9817
1.7726
1.8899
1.8120
2.0745
1.8797
1.9437
2.0396
1.9226
1.8886
1.9080
1.8927
2.0643
1.8207
1.7967
1.7726
1.9136
1.7726
1.8393
1.7961
2.1580
1.8298
1.8416
1.9437
1.8141
1.8068
1.8557
1.8453
1.9637
1.9988
2.1326
1.8042
1.8157
1.8979
2.0478
1.9898
1.8283
1.8201
1.8231
1.8999
1.7726
1.8060
1.8821
1.8280
2.0008
1.8078
1.8023
1.9287
1.8358
1.8599
1.8152
1.9330
1.8928
1.7726
1.9005
1.9726
1.9542
1.7726
1.8592
1.7726
1.9066
1.7726
1.8673
1.7726
1.7726
1.8110
1.9284
1.9133
1.8563
1.8117
2.0008
1.8072
1.9899
1.8159
1.9786
1.9340
1.7726
1.8745
1.8050
1.8370
1.7726
1.8739
1.8072
1.8254
1.7726
2.1169
1.9503
2.0392
1.8327
2.9570
3.0856
2.0009
1.9585
2.1738
1.9649
1.8951
1.8327
2.1299
2.1502
2.1239
2.0014
1.9717
2.1735
1.8824
1.8571
1.7726
2.0014
1.8836
1.8904
2.0651
1.8059
2.1144
1.7726
1.8672
1.9510
1.8170
1.9154
1.7726
1.9360
1.9126
2.0045
1.9401
2.1326
1.8174
1.7726
1.9180
2.1074
2.0983
1.9181
1.8214
1.8280
1.7726
1.8119
1.8685
1.7726
1.9131
1.9026
1.7726
1.8301
1.8332
1.8114
1.8682
1.9410
1.8807
1.8457
1.8224
1.8524
1.8838
1.9085
1.8152
1.8042
1.9740
1.7726
1.8151
1.7987
1.9798
1.8038
1.8290
1.8165
1.8928
1.8137
1.8049
1.7726
1.8733
1.8323
1.8563
1.9515
1.8202
1.8269
1.8071
1.7726
1.8242
1.8637
1.8568
1.8341
1.7726
1.8125
1.8111
1.7726
1.8165
1.7726
1.8579
1.9529
1.9199
1.7726
1.8211
2.0019
1.9508
2.2053
1.9771
2.0475
1.7726
2.0135
1.9605
2.0024
1.9650
1.8272
1.7726
1.8810
1.9283
1.8595
1.8966
1.9375
1.7726
1.8121
1.7726
1.9476
1.8222
1.8188
1.9248
1.9349
1.8356
1.8618
1.8290
2.0254
1.9024
1.8326
1.9652
1.9853
1.8253
1.8232
1.8854
1.7726
1.8669
1.8857
1.8749
1.8470
1.8244
1.7726
1.8184
1.8743
1.8317
1.7726
1.8216
1.7985
1.8489
1.8514
1.7726
1.7995
1.8218
1.9238
1.8721
1.8957
1.8166
1.8998
1.8268
1.8164
1.9654
1.9670
1.8858
1.7726
1.8835
1.9326
1.8170
1.9679
1.8413
1.8367
1.7726
1.8354
1.8095
1.9571
1.8858
1.9063
1.7726
1.8522
1.7726
1.7963
1.8070
1.7726
1.9449
1.8396
1.7726
1.9470
1.8034
1.8094
1.7726
1.9283
1.8042
1.7726
1.8133
1.8346
1.8199
1.8523
1.8841
1.8319
2.2609
1.9665
1.7726
2.1433
1.9468
1.9585
2.1087
1.8198
1.8452
1.8255
1.9670
1.9118
2.0506
2.2243
1.8807
1.9888
1.9064
1.8866
2.0035
2.1044
2.0578
1.8162
1.8212
1.8232
2.0889
1.8611
1.9313
1.8417
1.8807
2.0324
1.9874
1.8235
1.9199
1.8213
1.8120
1.8145
1.8488
2.0560
1.8648
1.8841
1.7726
1.7726
1.8695
1.8155
1.8397
1.9162
1.8466
1.9309
1.8551
1.7726
1.8132
1.8100
1.8095
1.7726
1.8533
1.9591
1.8064
1.7726
1.7726
1.8710
1.8253
1.7726
1.8176
1.8690
1.7726
1.7726
1.8117
1.8135
1.7726
1.8080
1.8319
1.9044
1.9818
2.0184
1.8094
1.7726
1.8096
1.7726
1.9404
1.7726
2.1385
1.7726
1.8063
1.8185
1.7726
1.8433
1.7726
1.8952
1.7726
1.8448
1.8703
1.7726
1.8775
1.8087
1.9168
1.8334
1.7726
1.7726
1.7929
1.7726
3.1449
2.2590
3.1955
1.8209
2.1168
2.2504
1.9033
1.9480
1.9350
1.8765
2.0327
1.9043
1.8837
2.0827
1.9453
1.9041
2.0336
1.9394
2.0118
1.8250
2.0027
2.1010
2.0484
1.8583
1.9311
2.1773
2.0314
1.8833
1.8509
2.1145
1.8813
1.9158
2.0246
1.7726
2.1030
1.9439
1.8702
1.8155
1.8304
1.9620
1.8846
2.0037
2.2971
1.8419
1.8545
1.8816
1.9468
1.8740
1.9274
1.8772
1.9198
1.8516
1.8680
1.8216
1.9062
1.8734
1.9221
1.7726
1.7726
1.8680
1.9085
1.7726
1.7726
1.8095
2.0260
1.9277
1.7726
1.9741
2.1329
1.8244
1.8218
1.8885
1.9835
1.8116
1.8210
1.8112
1.9868
1.8466
1.7726
1.8569
1.9314
2.0049
1.8178
1.8212
1.8870
1.8157
1.9030
1.8317
1.8105
1.8119
2.0930
1.8357
1.8649
1.9325
1.8567
1.8310
1.9602
1.8215
1.8527
1.7726
2.2176
2.9437
2.1459
2.1446
1.8159
1.8264
2.1670
1.8068
2.1977
1.9939
2.0348
1.9965
1.9589
2.0110
2.1955
1.8105
1.9218
1.9116
2.0328
1.9643
1.9478
1.8565
2.0052
2.3096
1.9338
2.0071
1.9368
2.0375
1.9050
1.8939
1.8865
1.9432
1.8347
1.8361
1.7726
1.9043
1.9357
1.9454
1.8249
1.8056
1.8080
1.7726
1.8526
1.7726
1.9742
1.9766
1.8042
1.8113
1.8315
1.7726
1.9172
1.7726
1.9844
1.7726
1.8910
1.9282
1.8882
1.8846
1.9612
1.7726
1.8115
1.8721
1.8023
1.8085
1.8406
1.8287
1.8826
1.8221
1.8181
1.8931
1.8703
2.0464
1.7726
1.8082
1.8147
1.7726
1.9178
2.1967
1.8010
1.7726
1.7726
1.9063
1.7726
1.8051
1.8891
1.8235
1.9394
1.7726
1.8074
1.8258
1.7726
1.8191
1.7726
1.7726
1.7726
1.8361
1.8670
1.9153
1.9008
1.7726
2.0837
2.0067
1.9301
1.8522
1.8268
1.8987
1.9814
2.0409
1.8095
1.9016
1.8626
1.8059
1.9804
1.9339
1.8935
1.9507
2.0100
1.8207
2.0703
1.9160
2.1096
1.7726
2.2056
1.9678
2.1343
1.9344
1.7726
2.1010
1.8121
1.8206
1.8482
2.0803
1.8153
1.7726
1.9616
1.8925
1.8050
1.9050
1.9716
1.9608
1.9044
1.8954
2.0064
1.7726
1.9362
1.9411
1.9995
1.7726
1.8278
1.8245
1.8697
1.8154
2.0068
1.9334
1.7726
2.1117
1.8467
1.8443
1.7726
1.9482
1.8090
1.9668
1.8725
1.7726
1.9903
1.7726
1.8215
1.7726
1.7726
1.9620
1.8262
1.9689
1.8205
1.8091
1.7726
1.8052
1.9692
1.9321
1.9641
1.8163
2.0406
1.9304
1.8533
2.0727
1.7726
1.9980
1.7726
1.8441
1.8176
1.8305
1.8238
1.7726
1.8130
1.9281
1.8695
1.7726
1.8202
1.7726
1.8152
1.8618
2.0152
2.1368
2.0405
2.0939
2.1803
1.8774
1.9911
2.2707
1.9108
2.0733
1.8859
1.8149
1.8294
1.9077
2.0623
1.9146
2.1541
1.9969
1.9566
1.8937
1.8883
1.8097
1.8590
1.8187
2.0350
1.9748
1.8444
1.9602
1.7726
1.8278
1.9277
1.8211
1.8938
1.8302
1.8939
1.9388
2.0816
1.8813
1.7726
1.9038
1.8264
1.8542
1.8505
1.9515
1.9440
2.0103
1.9101
2.0046
1.8423
1.7726
1.9253
1.8517
1.8658
1.8201
1.8194
1.8278
2.0146
1.8523
1.8073
1.8122
1.8237
1.9331
1.8770
1.8120
1.8628
1.8926
1.7726
1.9876
1.7726
1.8932
1.7726
1.9569
1.8237
1.8644
1.8632
1.8961
1.8153
1.7726
1.8991
1.8049
1.7726
1.7726
2.1066
1.8833
1.8576
1.7726
1.8222
1.8122
1.8058
2.0237
1.7963
1.7726
1.7726
1.8603
1.8792
1.8686
1.8091
1.8077
1.8845
1.8141
2.9077
2.1145
1.9516
2.0331
2.2680
1.8073
2.0965
2.0175
1.8995
1.9812
1.9685
1.8773
1.9508
1.8137
1.8199
2.0857
2.0353
1.9031
1.8589
2.0525
1.7726
1.9431
1.9026
2.1000
1.8700
2.0161
1.8403
1.9105
1.9185
2.0289
1.8796
1.8356
1.8239
1.7726
1.8499
1.8364
1.9207
1.9443
2.0040
1.7726
1.8266
1.9958
1.9142
1.7726
1.8756
1.9298
1.8337
1.9408
1.9168
1.8963
1.8684
1.8155
1.8464
1.8330
1.7726
1.9556
1.8533
1.9434
1.8015
1.8744
1.8781
1.9853
1.9452
1.7726
1.8751
1.8777
1.8959
1.9420
1.8747
1.7726
1.9470
1.8849
1.8509
1.7726
1.9354
1.8661
1.8219
1.8566
1.8138
1.8228
1.8205
1.8351
1.8259
1.9432
1.8005
1.7726
1.9931
1.9436
1.7726
1.9631
1.9989
1.8273
1.8030
1.8000
1.8692
1.7726
1.7726
1.7726
1.8063
1.7875
2.2412
2.2398
1.9958
2.0442
1.8487
2.0602
1.8174
1.9033
2.0476
1.8830
1.9747
2.0404
1.8587
1.8078
1.9251
1.9686
1.8145
1.8821
2.0414
1.8310
1.9266
1.8178
1.8082
1.8398
1.9599
1.7726
1.7726
1.8483
2.0681
1.9390
1.9421
2.2594
1.8183
2.0495
1.8017
1.8786
1.7726
2.0830
1.9669
1.7726
1.8705
1.8466
1.8122
1.9733
1.8593
1.7726
1.8358
1.9782
1.8281
1.9801
1.8209
1.8732
1.8802
1.7726
1.9335
1.8455
2.0302
1.7726
1.8922
1.7726
1.9005
1.8040
1.7943
1.9454
1.8281
1.8181
1.8259
1.9123
1.8711
1.8043
1.8467
1.7726
1.8169
1.8173
1.8158
1.7726
1.7726
1.9232
1.7726
1.8535
1.9387
1.8355
2.0092
1.8479
1.8532
1.7971
1.8168
1.8145
1.9133
1.8977
1.8732
1.8327
1.7726
1.8819
1.8050
1.8345
1.8047
1.8304
1.9338
1.7726
3.4895
2.9411
1.9696
1.9785
2.1547
2.0092
1.8533
1.8254
1.8181
2.0216
2.0126
1.8842
1.8597
1.9721
1.7726
2.1288
1.7726
1.8449
1.7946
1.8376
2.2149
1.9589
1.8159
2.1755
1.8490
1.8493
1.7967
1.8261
1.9400
1.8783
1.8515
2.0106
2.1420
1.8783
1.8128
2.0407
1.8789
1.8574
1.7726
1.8163
1.8246
1.7726
1.9414
1.8835
1.9640
1.9554
1.7952
1.8222
1.8526
1.9525
1.7726
1.8403
1.8172
1.8553
1.8119
1.9254
1.7726
2.1098
1.9768
1.8929
2.0427
2.0612
1.8036
1.8213
1.8233
1.8048
1.7726
1.9800
1.8324
1.7726
1.7726
1.8042
1.8984
1.8078
1.8072
1.8498
1.9679
1.8097
2.0280
1.8216
1.8321
1.8131
1.8509
1.8073
1.7726
1.8185
1.7726
1.7726
1.9130
1.8351
1.8265
1.7726
1.8051
1.8140
1.8116
1.7726
1.8296
1.8057
1.8532
1.7726
2.0295
2.0101
1.9087
2.0879
2.0581
1.9868
1.7726
2.1704
1.9705
1.8875
1.9077
1.8777
1.8917
1.9413
1.8545
3.0891
2.0250
1.9644
1.9900
1.8796
1.9156
1.7959
1.8453
1.9266
1.9572
2.0773
2.2470
1.8743
1.8721
1.8460
2.0024
1.8334
1.9003
1.7726
2.0970
2.1360
1.9236
1.9917
1.9891
1.8207
1.8427
1.8485
1.8279
1.8516
1.9782
1.8763
2.0187
1.8631
1.9086
1.8485
1.8458
1.8142
2.1118
1.8863
1.9952
1.8233
1.8818
1.8605
1.8369
1.8720
2.1405
1.8130
1.8213
1.8852
2.0203
1.8724
1.8230
1.9061
1.8176
1.7726
1.8912
1.8162
1.7726
1.9013
1.9394
1.7726
1.8484
1.8362
1.8095
1.9283
1.8473
1.8628
1.8109
1.8069
1.8864
1.8976
1.8086
1.9150
1.8696
1.9719
1.8199
1.9672
1.8033
1.8668
1.7726
1.7955
1.7726
1.7940
1.8528
1.7982
3.1162
2.9122
2.1995
1.8096
1.8809
2.0896
2.0039
1.8126
1.9971
2.1647
1.9874
1.8990
1.8230
1.8580
1.9391
1.9875
2.0021
1.8304
1.8183
1.9016
1.8438
1.9196
1.9766
2.0742
2.0392
1.9768
1.8060
1.7726
1.8883
1.9295
1.9047
1.8753
1.9311
1.9608
1.8291
1.8784
1.8215
1.8238
1.8611
1.7726
1.9073
1.8290
1.8992
1.9496
1.7943
1.9253
1.8825
2.0729
2.0526
1.8057
1.8840
1.8176
1.9259
1.8745
1.9228
1.8114
2.0061
1.7726
1.8390
1.8736
2.1202
1.8022
1.8068
1.8501
1.7726
1.7726
1.9200
1.8306
1.8907
1.7726
1.8832
1.8072
1.7726
1.9021
1.8230
1.8504
1.8605
1.8219
1.8474
1.8133
1.8592
1.8381
1.8040
1.8367
1.8701
1.8088
1.7726
1.7726
2.0178
1.8229
1.8225
1.8216
1.7726
1.9418
1.7937
1.8589
2.0310
1.8470
1.7726
1.7726
1.9101
2.0369
1.9105
2.9253
1.8648
2.0570
2.2093
2.0701
1.9089
1.8420
1.9408
2.0887
1.8125
1.9615
1.8304
1.8667
1.8121
2.0159
1.8035
2.0095
2.1982
1.8466
1.9141
1.9636
1.7726
2.0694
1.8983
2.0493
1.7726
1.9006
1.8775
1.8103
1.8790
2.0598
1.7726
2.0363
1.7726
2.0142
1.8983
1.9140
1.9030
1.9997
1.8816
1.9277
1.8188
1.8906
2.0411
1.9168
1.8074
1.9276
1.9288
2.0014
1.9335
1.8099
1.8723
1.7726
1.8362
1.9253
1.7726
1.9179
1.9010
1.9011
1.8308
1.8659
1.9495
1.7726
1.8221
1.9185
2.0195
1.8673
1.8087
1.9434
1.8587
1.7726
1.8456
1.8261
2.0423
2.0181
1.7726
1.8392
1.8724
1.8071
1.9779
1.8448
1.8293
1.7726
1.8379
1.8628
1.9535
1.9152
1.8924
1.8248
1.7726
1.8324
1.7726
1.8387
1.9263
1.8064
1.9610
1.8646
2.9867
2.1820
2.9642
2.9454
2.2785
1.9060
2.1023
2.0791
1.8637
2.1088
1.9431
1.9430
1.9566
2.0321
1.8985
2.0250
1.8892
2.0129
1.8941
1.8117
2.0404
1.9281
2.0860
1.8041
1.7726
1.8629
1.8072
2.0967
1.7726
1.9547
2.0773
1.9710
2.0407
1.8130
1.8470
1.8356
1.8233
2.0924
1.8083
1.8643
2.0760
1.8352
2.0863
1.8411
1.9159
1.8640
2.0072
1.8699
1.9584
1.7726
1.8883
1.9087
1.9533
1.8555
1.9182
1.8727
1.8337
1.8514
1.9227
1.7726
1.8915
1.8999
2.0647
1.8086
1.9084
1.9586
1.8181
1.9474
1.8030
1.9221
1.8114
1.7726
1.9089
2.1570
1.7726
1.7726
1.7726
1.8160
1.8969
1.9811
2.0164
1.9897
1.7726
1.9762
1.8135
1.8201
1.9040
1.9098
1.9066
1.7726
1.8439
1.7726
1.7726
1.7726
1.7726
1.8141
1.8491
1.8044
1.7726
1.8053
3.5035
3.0198
1.8857
1.8937
1.8918
2.2657
1.9360
1.8736
1.9370
1.8137
1.9904
1.8607
1.9068
1.9818
1.8148
1.8424
2.0466
1.8940
1.8891
2.1061
1.8104
1.8683
1.8742
1.8072
2.0340
2.0081
1.7726
1.9963
1.8239
2.0213
1.8629
1.8784
1.8085
1.8732
1.8130
1.8144
1.9979
1.8041
1.9173
1.9671
1.8605
1.8412
1.7726
1.9306
1.8567
1.8153
1.9105
1.8200
1.9244
1.8294
1.9291
1.9576
1.7726
1.9363
1.8695
1.8449
1.9820
1.9401
1.9126
1.8708
1.9262
1.8849
1.8369
1.9768
1.8067
2.0346
1.8941
1.9731
1.8617
1.7726
1.8883
1.7726
1.8184
1.8080
1.8165
2.0366
1.9231
1.7726
1.8532
1.9274
1.8644
1.7955
1.8213
1.7726
1.8343
1.8046
1.9115
1.7726
1.7726
1.8054
1.9350
1.8601
1.9402
1.7726
1.9111
1.9031
1.8147
1.7726
1.7726
1.7726
2.1528
2.0442
2.0527
2.9427
2.0045
2.0768
1.9984
1.8209
1.9942
2.1100
1.8827
1.8695
2.0478
1.8790
1.9138
1.8192
1.9814
1.8128
1.8330
1.9666
2.1040
2.0311
2.0313
2.0621
1.9461
1.9993
1.8696
2.2631
1.8171
1.8452
1.9099
1.9821
1.9479
1.8112
1.8825
1.9799
1.7726
1.8438
1.8601
1.9772
1.8074
1.8423
1.8565
1.8686
1.8209
1.8233
1.9099
1.8210
1.9368
1.9039
1.9330
1.7726
1.9096
1.8554
1.8707
1.8211
1.8056
1.8058
1.8572
1.8028
1.8189
2.0802
1.9732
2.0364
1.8536
1.8779
1.7726
2.0470
1.8377
1.8102
1.7726
1.7726
1.8732
1.8447
1.9431
1.8143
1.9044
1.8167
1.7726
1.8371
1.9873
2.3103
1.7726
1.8585
1.8463
1.8398
1.7726
1.7970
1.8571
2.0931
1.8608
1.8179
1.9187
1.8093
1.7726
1.7726
1.8195
2.0013
1.8338
1.8101
3.8298
1.9333
3.0191
2.2200
1.9894
2.1716
1.8673
2.0914
2.2164
2.0019
1.9705
2.1239
1.9131
1.9157
2.0027
2.2848
1.9066
1.7726
2.9130
1.9227
1.9848
1.8870
1.8379
1.9472
2.0816
2.1040
1.8730
1.8987
2.0555
1.9571
1.7726
2.0232
2.0334
2.1861
2.0041
2.0563
1.8165
1.8944
1.8897
1.8651
1.8350
1.9910
2.0315
1.8574
1.8476
1.8262
1.8003
1.9446
1.8436
1.8570
1.9376
1.9310
1.8125
2.0314
1.8011
1.9468
1.8044
1.8105
1.8961
1.9089
1.8164
2.1848
2.0093
1.8064
1.9022
1.7726
1.9720
1.9907
1.9011
1.8501
2.0274
1.8039
1.9414
1.8102
1.8261
2.1413
1.7726
1.9921
1.9998
1.8334
1.7726
1.9227
1.8434
1.8433
1.8202
2.0901
1.8366
1.8882
1.7726
1.8150
1.7726
2.0032
1.9792
1.8194
1.8437
1.8413
1.8060
1.8822
1.8190
1.8022
2.3046
2.1447
1.9657
1.9251
2.2372
2.0285
1.9108
2.2559
1.8216
2.0200
1.7726
1.9965
1.8812
1.8997
2.0255
1.8719
1.9745
1.9535
2.0207
1.8763
2.2058
1.8787
1.8219
1.8713
1.8211
2.1832
2.0315
1.8728
1.8257
1.8434
2.0028
1.7726
1.8345
1.8706
1.8914
1.7726
1.9653
1.8090
1.8812
1.8290
1.8842
1.8573
1.8041
1.8090
1.8238
1.8355
1.8523
1.8796
2.1672
1.9316
1.8555
1.8252
1.8715
1.8066
2.0986
1.8204
1.9216
1.8317
1.8651
1.8017
1.7726
1.9261
1.9073
1.8133
1.9488
1.8003
1.8317
1.8192
1.9261
1.7726
1.8918
1.8172
1.8633
1.8365
1.8707
1.8141
1.8551
1.7726
1.8057
1.8313
1.7726
1.8169
1.9055
1.8669
1.9589
1.8566
1.8092
1.8214
1.8345
1.8719
1.8139
1.8725
1.7726
1.9577
1.8131
1.8483
1.7726
1.9778
1.8138
1.8714
2.1283
2.0252
1.8868
1.9490
2.2569
1.8690
1.8536
2.0233
1.9699
2.0199
1.9373
1.9710
1.8708
1.9999
1.9537
2.0229
1.9249
1.8188
1.8443
1.8165
1.8226
1.8754
1.8885
1.7726
1.7726
1.8063
1.8382
1.8615
1.8129
1.8453
1.7726
1.9472
1.8728
1.8248
1.9247
1.7726
1.7968
1.8575
1.7726
1.9812
1.8124
1.9676
1.8815
1.7929
1.7726
1.9982
1.8824
1.9748
1.8703
1.9591
1.8571
1.8064
1.9136
1.9842
1.7726
1.8103
1.9146
1.9073
2.0432
1.7726
1.9075
1.8160
1.8956
1.8443
1.8294
1.7726
1.8130
1.8118
1.8244
1.8111
1.8116
1.9321
1.9250
1.9393
1.8865
1.7726
1.8183
1.8781
1.8278
1.9225
1.8404
1.9022
1.8811
1.7726
1.9400
1.9001
1.8951
1.8701
1.8095
1.9014
1.8901
2.0290
1.7726
1.9199
1.7726
1.9448
1.9311
1.7726
1.7726
1.8390
2.0129
3.5619
1.9999
2.1440
2.0858
2.9313
3.4828
1.9790
1.8848
2.1773
2.1986
2.2760
3.9246
2.2178
2.1534
2.1856
2.9789
4.2191
3.2966
2.9402
1.8169
3.0832
2.1935
3.1674
3.0083
3.1024
3.0620
2.1431
3.1671
3.2374
1.7726
1.9770
3.3097
2.0476
3.2374
1.9619
1.9930
3.1517
3.6871
2.2155
3.9868
1.9096
3.1624
3.0697
3.4766
2.2731
3.5745
2.9605
3.7594
2.9497
1.8649
3.1203
2.0134
2.0208
1.8445
2.2317
2.1503
2.9747
2.0184
3.6044
3.8920
3.1986
3.2803
1.8783
3.0671
2.2543
2.0492
1.9970
3.6050
3.4650
1.8397
3.5331
1.9477
2.9934
3.1357
1.8622
3.2584
3.2237
3.9378
2.9915
1.8587
3.5242
2.2155
2.9695
1.8564
2.1567
2.1513
3.5313
2.9233
3.7660
1.9550
3.0486
2.1191
2.2066
3.0249
1.8230
3.9349
3.7582
3.0321
3.7612
3.1545
2.9117
2.0462
1.8219
2.9530
2.1780
3.2965
3.0011
3.2727
2.1393
3.8665
3.2627
1.9497
3.2065
3.9126
2.0915
3.1883
1.9627
2.0964
2.9989
2.1723
2.2046
2.0612
2.2757
3.2020
3.5569
3.9156
3.1959
2.9721
3.5792
1.9188
3.6120
3.0790
3.1167
2.1802
3.1000
3.7626
3.5714
3.2847
3.0246
2.0615
2.1780
2.2206
2.0297
3.1995
2.2297
1.8740
3.2998
1.7726
3.8474
3.1260
2.9988
2.0175
2.2540
1.9919
3.9321
2.1573
1.9391
3.0956
2.2634
2.2338
3.1676
3.1918
1.7726
2.1225
3.1309
2.9163
3.1816
1.9071
3.2854
3.6107
3.4923
4.1993
1.9651
3.2437
2.9113
1.9516
2.9236
3.4924
3.2636
3.1576
3.1237
2.9070
1.8285
2.9231
2.0850
1.8809
3.6923
4.0179
2.9598
3.7461
1.9151
2.9880
3.1674
3.1706
4.0033
3.0056
3.0076
2.0785
3.0581
3.0296
1.9486
2.0481
3.1290
3.6958
3.2999
3.1402
3.0711
3.1458
2.3071
2.0392
3.0401
1.7726
3.5928
2.3119
1.8666
1.7726
3.5225
3.6680
2.1215
2.9847
1.8487
3.8568
3.1623
1.7726
3.2432
2.0223
1.7726
2.9770
2.3072
1.9423
2.2783
4.0654
4.1511
2.0780
3.4766
2.9370
2.0396
2.0420
3.4842
2.0447
3.5404
2.1644
2.9425
2.9209
3.2473
2.0375
3.0616
4.1702
2.9389
3.8687
2.1269
1.8167
3.2248
3.2633
2.2958
3.2472
3.0917
1.7726
1.8686
3.2141
2.9696
3.0994
1.9841
2.1606
2.2759
3.1035
1.9682
1.8833
2.9838
3.0040
1.8155
1.9610
3.2632
3.1964
3.1502
1.9822
2.1572
3.1824
1.8350
3.6731
1.9530
3.5666
3.7059
3.1278
1.8770
3.5714
3.0060
3.7164
4.2104
3.2784
2.3108
3.7215
3.7791
3.2500
3.2877
4.1529
2.9456
2.1006
1.7726
2.1902
3.6499
3.0121
1.9834
1.7726
2.0988
3.7511
1.9195
1.7726
3.1296
2.9437
3.6278
2.0486
3.1125
2.0685
2.9333
3.6731
3.1802
2.2170
4.0075
3.6370
2.0378
3.6065
1.8065
2.2198
5.0
3.2151
2.2788
3.1343
1.8500
3.5399
3.5387
2.1819
1.8730
3.4678
2.0115
2.0446
3.8263
4.3257
2.0370
3.6736
1.9468
2.9680
3.0449
2.1675
2.9617
3.1844
3.8906
1.8437
1.8739
3.0891
1.8659
2.9170
3.0793
2.9649
2.2432
3.2419
1.8173
2.1728
3.2217
2.2559
1.9955
3.6059
3.6120
2.2038
2.2796
3.2622
2.3028
2.9563
3.6680
2.0051
3.0191
3.2066
3.9654
2.9183
3.9733
2.2749
3.8824
3.7479
3.4681
2.1112
3.9011
1.9196
3.4949
3.5635
2.0378
2.3128
3.0140
3.1145
2.9310
1.9855
3.0186
3.2724
3.4766
3.0963
3.6422
3.0066
2.1856
3.1597
2.1136
2.2643
2.2076
1.9080
3.0247
2.9532
1.9932
1.9534
1.8133
3.2125
2.0646
2.3056
1.9457
3.5787
1.7726
3.5615
2.0617
2.0075
1.8704
2.0043
1.7726
3.1015
1.9822
2.1824
1.9541
3.6493
3.0697
3.0050
2.9201
2.1176
3.0108
1.9016
2.3041
3.0873
2.1887
3.1597
3.0441
1.9476
2.0580
1.8999
3.7154
3.2724
3.6262
2.0212
2.2708
3.9519
2.0058
2.2151
1.8719
1.8143
2.2362
2.2908
3.5602
2.9152
2.0067
1.9727
3.5105
2.1328
2.1411
2.1463
3.7624
2.2759
3.5859
2.2905
3.6559
1.9804
1.9402
1.7726
3.2535
2.9300
2.0550
3.0263
1.8785
2.3122
2.9188
1.8441
3.2351
2.1682
1.9624
2.9536
2.9096
2.0429
1.9735
3.0901
2.2274
2.9994
3.4855
3.5343
1.8880
3.6080
3.0854
3.2535
2.0930
3.8015
3.0966
1.8514
1.8686
2.2458
1.9059
2.2851
2.1696
2.2740
3.0670
3.4681
2.2188
3.2671
2.1211
1.9532
2.0504
3.6135
1.8338
4.1511
3.4968
2.9841
3.8263
1.8904
3.4681
3.1135
1.7726
1.7726
2.2401
3.0729
2.9756
1.9651
3.1302
1.8528
3.0283
3.5361
2.2268
3.6538
3.6338
1.9016
2.2531
1.8296
2.9997
2.0970
3.2906
3.2940
3.5497
2.1435
2.0927
2.9428
2.9450
5.0
3.7479
1.9265
3.2542
2.1694
3.5404
2.1016
3.1116
2.1940
2.1790
1.9077
2.9256
3.4830
3.1531
2.1748
3.5674
3.0848
2.1755
2.0834
3.2891
3.6119
3.5849
4.1733
2.0017
2.1219
2.1458
2.2699
2.2737
2.2450
3.1329
3.8607
1.7726
2.9737
1.8347
1.8182
2.3116
2.9113
2.9758
1.7726
3.2618
2.9814
2.2196
2.1067
2.2681
1.9096
2.0980
2.0736
2.1484
2.1412
2.9981
1.9783
3.2327
2.9291
1.9730
3.9965
3.0917
2.2151
2.1683
1.8624
2.9479
2.2450
2.9916
2.1397
2.1876
3.0839
2.2734
2.1969
2.0267
2.0704
1.9270
2.9211
2.1416
2.0364
1.9651
3.2752
2.0224
2.9943
2.0343
3.1731
2.0638
3.5812
2.2429
2.1824
2.0232
2.9408
5.0
3.6120
2.9260
3.8550
3.6807
1.8182
2.3062
2.2818
3.6870
3.4657
2.1411
2.9666
2.1027
3.2138
1.7726
3.6721
2.2486
3.0930
3.7221
1.9451
3.7178
3.5082
2.9872
1.7726
3.6534
3.8080
3.0667
1.8883
3.5963
2.0802
3.2300
3.1890
2.2600
3.2128
3.6516
3.2987
2.2370
2.2486
2.1525
3.4980
2.9698
1.8277
3.1886
2.3084
3.9927
3.2164
2.1027
2.2869
3.8346
3.5535
3.4681
3.5225
3.8045
3.6473
2.0253
3.2285
3.5743
1.8648
1.8666
1.9649
2.1310
3.7403
1.8548
1.7726
3.7962
2.9435
3.2055
3.0168
2.9226
3.4766
2.0312
3.1808
3.4766
1.8928
1.8241
2.1046
2.1383
3.4895
4.0329
3.0333
3.5339
2.3060
2.1684
3.0365
1.9643
3.6951
2.0070
2.9195
2.1433
1.9772
3.1600
3.7123
3.5514
3.0355
2.2505
3.2695
3.1678
2.2407
3.7135
1.8180
3.0090
2.2515
3.2671
2.1876
3.9017
2.2529
3.6378
2.2537
2.1801
3.0704
3.0623
1.8985
3.0541
2.1322
2.1980
2.9484
2.1091
1.9423
3.0508
3.5707
3.7834
2.2210
2.0359
3.0307
2.2920
3.1790
3.1995
2.2201
2.2046
1.9416
3.2070
3.4998
1.8175
1.9463
2.9794
2.0131
2.9182
3.8200
3.2237
3.0349
1.8180
2.9713
3.1806
3.0874
3.2453
2.9296
3.0661
2.3051
3.2451
3.3053
2.2358
2.2185
3.1000
2.1740
2.2696
2.2926
2.9287
2.2952
2.2899
2.1922
2.0341
3.6596
1.7726
3.2415
3.0278
2.1715
1.9188
3.2131
3.5852
2.2129
3.0343
3.1131
3.0149
1.9530
2.0762
2.0923
3.2968
1.8630
1.7726
3.1922
2.9918
3.8663
3.7197
2.1095
3.0183
3.2215
2.2871
1.9055
2.0157
1.8649
3.0498
1.9842
3.0095
2.9261
2.1646
3.7774
2.2737
3.7409
1.7726
2.1367
2.1326
4.0167
2.2806
3.0808
2.1062
2.9925
1.9663
3.2275
3.1890
3.1421
3.8539
1.9750
3.8079
1.9669
2.2120
3.6398
2.0385
2.0676
3.8200
2.1073
2.1887
3.4631
1.7726
1.8461
2.1685
1.8662
2.0860
2.0420
2.9793
3.0116
2.2510
3.2141
3.1127
2.2034
2.0457
3.2554
2.2465
1.8168
3.0522
2.0899
2.2135
1.8927
2.9817
2.1958
3.5177
2.1346
1.8141
3.8359
2.0162
1.7726
3.5813
3.5904
2.9497
2.1738
2.0479
2.1847
1.9643
3.6397
1.8976
3.0483
2.1173
3.0766
1.9480
1.8725
2.9332
1.9841
3.2125
3.5182
2.2567
2.1372
3.1389
1.7726
1.7726
1.7726
3.0265
3.0176
3.5225
3.6283
3.0545
2.0799
1.9049
1.8290
3.2032
2.3054
2.2804
2.2342
3.0865
3.4644
3.8357
4.2419
3.0887
2.1150
1.9019
2.2599
3.2877
2.9458
2.1877
1.8443
1.8338
3.0685
2.9775
1.7726
2.1431
3.5634
2.9960
2.9836
2.0865
3.9639
2.2773
1.7726
1.9760
2.1285
1.7726
3.5670
1.9016
2.0202
3.1554
1.8637
2.9169
3.8692
2.1502
2.2004
2.0939
3.4928
2.0109
2.1370
2.1520
2.2128
3.0349
1.7726
2.1566
3.0662
3.0614
1.8979
2.0686
3.4748
3.2384
3.2831
2.2461
2.1469
2.0274
1.9035
1.9463
3.0764
3.6881
1.8215
2.0860
3.4737
1.9719
2.2403
2.0729
3.5392
3.1039
2.3041
3.6951
1.8315
3.8292
1.9182
3.5639
2.1038
3.1157
2.9177
2.9945
2.0453
2.9693
1.7726
2.1944
3.8071
1.9825
3.0135
1.9488
3.9514
1.9504
1.8715
3.2266
3.1956
2.9308
2.1263
2.0138
2.1989
1.8353
1.8273
4.4303
3.0471
3.5399
2.1013
3.5258
1.8459
3.2773
3.8473
3.6007
3.0522
3.0789
3.7380
1.9715
2.0707
3.1266
1.9035
1.8576
1.9426
1.8164
3.6693
2.1943
1.9302
3.2141
2.1051
1.7726
2.2666
3.0717
2.1889
2.1717
2.9680
3.5571
3.8860
3.0349
2.2472
3.2377
2.0274
2.2899
2.0459
3.4846
3.0043
2.2208
3.5659
3.1279
2.1344
4.0628
3.6240
2.9920
3.6120
2.0779
3.4998
2.2618
2.9559
2.2360
1.9648
2.1580
3.1598
2.0926
5.0
3.5286
2.0375
2.0808
3.5928
2.0708
2.2509
3.2435
2.1730
3.2497
3.0639
2.0781
1.8382
3.1362
1.9512
2.9759
1.8173
2.1823
2.9647
3.1808
3.5592
2.0935
2.9949
2.2761
2.0704
3.5983
4.1766
2.9856
3.5587
2.9731
1.8153
1.7726
1.8381
3.5877
2.2559
2.1947
1.8412
1.9893
3.5874
3.0614
3.5666
3.8824
2.1099
3.6444
1.8557
2.9314
3.0451
2.0245
3.5774
2.1028
3.0704
2.2971
2.9715
3.6572
1.9750
3.5083
2.1840
2.9064
3.0161
2.3098
2.9904
2.9113
3.6070
3.5007
3.9118
2.1489
3.0374
2.0649
3.0046
2.2100
1.9582
2.1860
5.0
2.1940
2.9530
2.9933
1.8844
1.9356
1.8677
3.0328
1.8166
1.7726
3.5591
2.0416
3.2999
2.2924
1.9480
1.9255
2.0506
1.9213
1.9831
2.0885
2.9072
1.8544
2.1703
2.0588
2.0057
3.1243
1.8582
3.0851
3.4837
1.9675
2.1982
3.8596
1.9035
3.2492
3.5635
2.0410
3.5431
1.9258
3.7948
2.0356
1.8880
3.0386
2.3023
3.6120
3.1935
3.1858
1.9040
2.0834
1.7726
1.8602
3.8213
1.9698
2.1337
2.1585
3.0073
1.8410
3.1363
1.9982
3.0668
3.8580
3.5957
2.2616
2.0729
1.8973
2.1099
1.8906
1.7726
3.6114
3.6870
1.9758
1.9484
3.7405
3.6881
3.6864
2.9629
1.9821
2.0229
3.5789
1.9762
2.2079
1.8363
1.9763
2.1116
2.0904
2.2921
3.0786
3.0523
1.9000
2.2589
2.1835
2.1010
1.8174
2.0704
3.9450
2.0066
1.8306
1.8671
3.0671
3.0889
3.7562
3.1984
1.8181
3.1579
3.0870
1.8727
3.1231
2.9497
1.9682
3.2343
3.0268
2.9908
2.9586
3.2324
2.1606
2.9143
1.8376
3.0832
3.1470
3.5719
3.8786
1.9821
2.0510
1.8319
2.0939
3.2034
2.1321
1.8961
3.1251
3.0324
2.1478
3.1247
2.1303
2.9408
3.6811
1.8103
3.3070
3.9528
2.1027
1.9434
3.7939
3.3068
2.0753
1.7726
3.4652
1.7726
3.1788
3.8149
2.0350
3.8327
2.9998
3.5770
2.2678
3.1995
3.6641
1.9739
2.0773
3.6120
2.1229
2.1229
3.1810
3.5635
1.8991
3.0207
3.6870
1.8175
3.7467
1.9356
2.9697
1.9943
1.8967
2.1850
3.6234
2.0701
3.0019
3.1188
2.1947
3.0319
2.9570
1.8105
3.6283
2.2921
2.1124
2.1719
2.2509
2.2199
3.0308
3.2502
3.4766
3.0187
2.9921
1.9913
3.4801
3.5928
1.8888
2.2256
2.2565
3.6212
1.9954
2.0082
2.9505
2.0371
2.1241
2.2321
1.9463
3.0538
2.0724
1.9827
2.0034
1.8167
1.8139
3.6556
3.7855
3.5944
3.5147
1.9685
3.1302
1.8290
3.1826
1.8463
1.8587
2.9851
3.6397
3.5806
3.2219
1.9207
1.9862
3.1881
1.9046
2.9139
3.2145
1.9842
2.9516
2.9932
3.0962
3.4941
3.3099
3.5719
2.2958
2.1974
1.8167
3.1068
1.9522
2.9501
1.9661
2.1328
3.0873
2.0682
2.1246
2.3054
1.8867
2.9624
1.7726
3.5497
1.8880
2.1353
1.8734
2.0649
3.1559
3.6383
3.9753
2.0784
3.8036
3.6290
3.0146
3.1676
1.9486
2.9880
1.9821
2.1443
2.1124
1.9927
3.6990
1.9674
3.6877
2.2532
3.1747
3.2945
3.3096
2.0863
1.7726
2.9221
3.6133
2.2312
1.9592
1.9849
2.0030
1.9994
2.9959
3.4913
3.1070
3.7201
2.9806
3.2013
2.1018
3.4941
1.7726
1.9541
1.7726
2.1761
3.6219
2.0551
3.4766
2.1051
2.9670
3.6647
2.9727
2.3124
2.2030
2.2429
3.7440
3.5960
3.8695
3.6951
2.9408
2.9245
3.1085
2.3068
2.0125
2.0565
1.8909
2.1837
1.8994
3.5974
3.4693
1.9180
2.9350
3.1449
3.4826
2.1483
2.1984
1.8247
2.9469
2.1881
1.9111
3.0779
2.2450
2.9809
2.3105
2.2059
2.0563
2.0781
2.1330
2.1269
2.2810
2.9361
2.1773
2.9789
1.9942
2.1796
3.2463
2.1342
3.2220
2.0721
3.8196
2.1318
2.1458
3.0986
3.1939
3.0616
2.1438
3.0431
1.9141
1.9181
2.1614
3.5531
4.3355
1.8824
2.0392
3.8644
3.6913
1.7726
3.0714
3.2609
3.9320
1.9530
1.9943
3.6387
3.9328
2.9454
2.2946
3.2609
4.0458
1.9226
1.9204
3.5685
4.2373
1.8690
3.5270
3.5471
3.5302
1.9254
2.9303
4.4988
4.2895
2.0643
2.9964
3.0109
3.6156
1.9781
3.2202
3.2609
4.2895
1.8958
3.1399
2.2623
3.7064
1.8673
1.8758
4.5277
3.8599
1.7726
2.9115
4.0094
4.4555
1.8701
2.9841
3.2086
4.4182
2.0272
2.9286
3.5463
3.9328
2.9292
3.5632
3.1465
4.6685
2.0964
2.0909
2.2263
3.7042
1.8875
3.2318
4.0069
2.0842
2.1732
3.7908
2.1493
2.9516
4.1387
1.9212
2.1418
3.8175
2.0357
2.9674
3.5785
2.0121
3.0703
3.1424
2.0686
3.0714
3.7114
2.0051
3.5359
2.2623
1.8720
3.2713
3.6231
1.8670
3.6178
2.2263
1.8586
1.8491
1.9528
2.2312
2.0385
3.0335
1.7726
2.3096
1.9199
2.9211
2.0606
2.2772
1.8211
2.1422
2.2916
3.0176
1.9244
3.0337
2.0075
2.1609
1.8460
3.4853
2.1068
2.0766
1.9929
3.3129
2.0777
2.9560
1.9698
2.9739
1.9988
2.2120
3.0443
2.1668
1.8474
2.1888
2.0467
2.0220
1.7726
2.2288
2.0445
3.6112
1.9498
3.0492
3.0792
1.9118
2.9141
3.0236
1.9297
3.2174
1.8548
2.0579
2.1592
3.1399
2.2834
3.1720
1.8956
3.1830
2.0062
2.9841
1.9812
2.9167
1.9392
3.1143
1.9414
3.5073
1.8226
3.0704
1.8422
2.0375
2.0934
2.0200
1.7726
3.0411
2.0716
2.1678
2.0930
2.2315
2.0929
2.9167
1.8527
3.4871
1.7726
2.1806
1.7726
3.5632
1.9124
2.9578
1.9073
3.5069
2.0959
2.0622
2.0196
3.2819
3.0095
2.9167
2.0255
3.6343
1.9787
3.5632
2.0210
1.9633
2.0576
3.0707
1.9413
3.1536
1.9283
2.9219
2.0032
3.9940
2.1504
3.0901
2.2988
3.0331
1.8205
2.1475
2.0156
3.0160
1.9094
2.0515
2.1379
3.4871
2.0868
3.6110
2.0165
3.0439
1.9368
2.0250
2.0235
3.0372
2.0086
3.6343
1.9734
2.2049
2.9401
3.0707
2.0332
3.0980
1.8697
2.2838
1.9982
3.6112
2.1383
2.0579
2.1371
3.6110
1.7726
1.8890
1.9118
1.9329
2.0884
2.2018
2.0850
1.9286
1.9418
2.0191
1.8119
1.9760
1.7726
1.9396
2.0877
1.9699
2.0131
1.9180
2.1128
1.8334
2.2103
2.0158
1.8404
2.1079
2.0029
1.9767
1.9484
2.0636
1.7726
1.9127
1.8829
1.7726
1.9865
3.1176
2.2030
1.8818
2.0314
1.7726
1.8366
1.9318
2.0405
2.1188
1.9166
1.7726
2.0677
1.9544
2.2818
1.7726
1.9963
2.2720
2.0369
2.0331
2.0646
1.9992
1.7726
2.2731
1.8249
2.0623
1.9831
1.9671
2.0140
1.8476
1.8455
1.8586
1.7726
1.8519
2.1132
1.9184
2.3089
1.8313
1.8488
1.8886
1.9030
2.1554
2.0131
1.9951
2.0585
2.1825
2.0162
1.7726
1.7998
1.9416
1.7726
2.0794
2.2816
1.9548
1.7726
1.8445
1.9714
2.2085
1.8528
1.8899
2.0055
1.7726
3.0092
1.9340
2.0259
2.0736
2.0457
1.8314
1.8127
1.9111
1.9222
1.8678
1.9045
1.7726
1.8818
1.9746
1.7726
1.9466
1.7726
2.0003
1.9605
2.0173
2.1893
1.9595
1.9263
1.9108
1.8500
2.2899
3.5823
1.9725
1.9668
1.8806
1.9897
2.1239
1.8521
1.8669
2.1133
1.8748
2.1085
2.0438
1.7726
1.9162
1.8215
2.9883
1.8667
1.9374
2.2039
1.9344
1.9933
2.0582
2.1684
2.0771
2.1595
3.6917
1.8184
1.9096
1.9346
2.0593
2.1086
1.9279
1.9719
1.9022
1.9284
1.8768
2.0794
2.0224
2.1494
2.0014
1.7726
2.0643
1.7726
2.2751
2.0273
2.0746
1.7726
1.7726
1.7726
1.8954
1.9038
2.0549
2.1154
1.8892
1.8734
1.7726
1.9839
1.8392
2.1254
1.9052
1.8288
2.0101
2.0634
1.9277
1.8662
1.8875
1.9454
1.8555
2.0635
1.7726
1.9972
2.2635
1.9201
1.8730
1.9477
1.8499
2.0314
1.8926
1.9774
3.0887
2.2279
2.0092
2.0055
1.8391
1.9919
2.0517
1.9131
2.0376
1.9256
2.3049
1.9893
1.9294
1.8129
2.0660
1.9370
1.9881
1.7726
1.9080
1.9901
2.1943
1.8571
2.2216
1.8977
1.8317
1.8809
1.8997
1.8734
2.1015
1.8972
1.9682
1.7726
1.8542
1.9498
1.8700
1.9470
1.9431
2.2070
1.8793
2.0653
2.0283
1.9228
1.9563
1.9350
2.1113
1.7726
2.9366
1.9827
2.9821
1.8489
1.9910
2.0113
1.8210
1.9863
2.1813
2.0616
1.9109
2.1974
2.1116
1.8848
2.0188
1.9553
2.0028
2.0581
2.0082
1.9196
1.8276
1.8646
1.9188
3.1241
1.8233
1.9694
2.0429
2.1026
1.7726
1.7995
2.0573
1.9075
1.8909
1.9714
2.2338
1.9981
1.7726
1.9351
1.8067
1.8298
2.1543
2.0124
2.1268
1.9008
2.0855
2.1042
2.0214
2.1003
1.7726
1.9770
1.9392
2.0561
1.8211
1.8406
2.2537
2.0053
2.0780
1.9732
1.8379
1.9269
2.1469
1.8898
1.9528
1.9692
1.7726
2.1104
1.7726
1.8939
2.0349
2.0992
1.7726
2.1770
1.9865
1.7726
1.8973
1.8603
2.2078
1.7726
1.8950
1.8704
1.9480
2.0943
1.7726
1.8878
1.8903
1.8272
1.9318
1.8848
1.9091
1.8791
2.0263
1.8770
1.7726
1.7726
2.0147
2.0091
2.0027
1.9940
1.8624
2.0179
1.8662
1.7726
2.0272
1.7726
2.0802
1.8648
1.9265
2.0357
2.1865
1.9139
1.9133
1.8727
2.0370
1.9946
2.0554
1.9599
1.7726
1.7726
1.7726
2.1491
1.7726
1.8953
1.8317
1.8947
1.8833
1.7726
1.9081
1.9999
1.8793
1.8617
1.8268
1.9275
2.1263
1.8832
3.5372
1.8389
1.9656
1.9997
2.0248
1.8746
1.7726
2.0203
1.9184
2.0112
1.9515
1.8430
1.8586
1.9217
2.0377
1.7726
1.7726
1.8911
1.9983
1.8167
1.9114
1.9099
1.7726
1.9834
2.0484
1.8894
1.9927
1.8137
1.8766
1.7726
1.9865
1.8930
2.1156
2.0132
1.7726
2.1261
1.9694
1.7726
1.7726
1.8502
1.8662
2.0719
1.9951
2.0009
1.8866
2.9572
1.8908
2.0429
2.0288
2.1128
1.9628
1.8327
2.0764
1.9777
1.9879
1.9047
1.8500
1.9704
1.9319
1.9191
1.8609
1.7726
2.0974
2.0985
2.1152
1.9188
2.1005
1.8865
1.8846
1.9877
2.0850
1.7726
2.9678
1.9488
1.7726
2.0004
2.1491
1.9887
1.9539
2.0652
1.8621
1.9286
1.8493
3.0294
1.7726
1.8868
1.9339
2.0341
1.7726
1.8720
1.9750
2.1461
2.0408
2.0483
1.8860
1.8704
1.8256
1.8179
1.8564
1.9759
1.9274
1.7726
1.9781
1.9842
2.2708
1.8330
1.9386
2.1255
2.2299
1.8985
1.9096
1.9913
1.8288
2.0195
3.1820
2.2293
1.7726
1.9739
1.8827
1.9438
1.9422
1.7726
1.8434
1.9478
1.7726
2.0125
2.1787
1.9362
1.8314
2.0642
2.0562
1.7726
1.8191
1.9013
1.8098
1.9104
1.9457
2.1635
1.7726
1.7726
2.0590
2.2231
2.0576
1.9898
2.0513
1.8474
1.9205
2.2338
1.7726
1.8624
2.0351
2.1718
1.9292
2.0022
1.9542
1.9006
1.8790
1.8666
1.9567
1.9516
1.8586
1.9133
1.8214
1.8527
1.8790
1.7726
1.9405
1.7726
1.9397
1.9391
1.9308
1.9259
2.1056
1.8618
1.8809
2.0889
2.0753
2.2256
1.9658
1.9495
1.8603
1.9247
1.8942
1.9011
1.8120
1.8355
2.2148
1.7726
1.8722
1.9259
1.9204
1.9530
1.9968
1.9069
1.9965
1.9221
2.1305
1.9058
1.9472
1.9393
1.8902
1.8129
2.2293
1.8617
1.8733
1.9176
1.8639
1.8546
1.8576
1.9331
1.7726
1.9280
1.7726
2.9689
1.9456
2.0280
2.0075
2.1070
1.8686
1.9003
1.7726
1.8796
1.9422
2.0243
1.9905
1.8686
2.2887
1.8609
1.8284
1.9199
1.8973
2.1718
1.8915
1.9024
2.0596
2.1176
1.8470
1.8880
1.9957
2.0330
1.8882
1.8714
1.8479
1.9568
2.0206
1.9451
1.7726
1.8182
2.1101
1.9790
1.9955
1.7726
1.9790
2.1775
1.9518
2.0069
2.0598
1.9988
1.9351
2.1432
1.8520
1.9552
1.9545
2.0056
2.1980
2.0111
1.9850
2.0073
1.8783
2.0130
2.0172
1.7726
2.1990
1.8886
2.0717
2.9593
2.2198
2.0626
2.0072
2.9626
2.2113
2.1128
2.0780
3.0311
1.9984
2.0375
2.0044
1.9337
2.0918
2.0015
2.9846
2.1969
2.0216
2.2559
2.1665
1.9113
2.0297
1.9498
2.1051
1.9423
1.9238
2.0562
2.1519
2.2846
1.8567
1.9145
1.7726
1.9798
2.0513
1.8117
2.0791
2.0049
1.8342
2.9615
1.9434
1.9570
2.1886
2.2696
2.0882
2.0836
1.8165
2.0427
1.7726
2.0193
1.8272
1.9675
2.0042
1.9944
1.9338
1.7726
1.9628
1.9152
1.9469
1.7726
1.9897
1.8603
1.9272
2.1230
2.0872
3.0245
2.0240
1.8176
1.8865
2.1134
2.0318
2.0192
2.0646
2.0227
2.0737
2.0224
1.9599
2.1423
1.7726
2.1371
1.7726
2.0175
1.9409
1.9516
2.0574
1.8127
1.9542
2.2718
2.0146
1.8338
1.9681
2.0833
1.8507
1.8435
1.7726
1.7726
2.1028
2.1032
2.2692
1.8460
1.8463
2.1489
2.0075
1.8350
1.9904
1.9854
1.8275
2.0185
1.8478
1.8326
2.2279
1.9734
1.7726
2.0819
2.0101
1.7726
1.9146
2.1511
2.0899
2.1258
1.8836
1.9082
2.0139
2.1112
2.0631
2.0051
1.9852
1.9421
1.8413
2.1109
1.9652
1.8612
1.9181
1.8906
1.8556
1.8498
1.8839
1.8578
2.0505
1.8910
1.7726
1.7726
1.9860
2.0239
1.9407
1.7726
1.9101
1.8127
1.7726
3.1647
1.9432
3.1978
2.9479
2.0305
2.1368
1.7726
1.7726
1.9412
1.8712
1.8708
1.9247
1.9271
1.9750
2.0234
1.9885
2.0373
2.0763
1.9791
2.0930
1.8478
2.0903
2.9106
2.0041
2.9514
1.7726
2.0960
1.9228
1.9116
1.8714
1.8839
2.1889
1.8730
1.9957
1.8308
1.7726
1.7726
2.2397
1.8334
1.7726
1.8677
2.0567
1.9472
2.0693
1.9860
2.1851
1.8647
1.8779
1.9037
1.9633
2.0432
3.1144
1.7726
1.9204
2.0132
1.8556
1.9500
2.2995
1.9850
2.2459
1.8618
2.1238
1.9014
1.8442
1.8342
1.8846
2.1310
2.1390
2.1812
2.1665
1.7726
1.7726
1.8263
1.9744
1.8848
1.8430
1.9006
2.9875
2.0793
2.0289
2.1160
2.9167
1.7726
1.9829
1.8467
1.8369
1.9230
1.8690
1.7726
2.0111
1.7726
3.1594
2.2024
1.8671
1.8715
1.9203
1.9750
2.0688
1.7726
2.0370
1.8507
1.9208
1.9916
1.7726
1.9345
1.9736
1.9007
1.9541
1.7726
2.0785
2.0803
1.9875
1.8871
1.8944
2.1211
1.9007
2.0154
2.0687
2.0305
1.7726
1.9321
1.8399
1.9579
1.9052
1.8773
2.2512
2.0687
2.1907
1.8729
2.1141
1.9547
2.2170
2.0235
1.7726
1.7726
2.9691
1.8578
1.8348
2.2149
1.8185
3.0095
2.1282
2.0146
2.1085
1.8441
1.7726
2.1259
1.8760
1.7726
1.8197
1.9574
2.1980
1.8840
1.7726
1.8384
1.8527
1.9696
2.0977
1.7726
2.1050
1.8580
2.0471
1.9180
2.1459
2.1231
1.8338
2.0101
1.8533
1.9057
1.9524
2.0556
1.8612
2.0003
1.8172
1.8809
1.7726
1.9458
1.9381
1.9006
1.7726
2.0309
1.8656
1.9204
1.9284
1.9888
1.8719
2.1348
1.9501
2.1045
1.9400
2.1975
1.8880
1.8069
1.8612
1.8340
1.7726
1.7726
1.8822
1.9559
1.8403
1.8666
2.0112
1.8627
2.2405
1.9421
1.8519
1.7726
3.2817
1.8753
1.7726
1.7726
2.0477
1.9337
1.9276
2.0291
2.0612
1.9820
1.9205
2.9606
2.1361
1.9144
1.7726
1.7726
1.8658
2.0377
1.9292
2.9318
2.0991
3.5094
1.8910
1.7726
1.7726
2.0671
2.1003
1.9588
2.2178
1.9661
1.9890
2.0281
1.9477
1.9969
1.9416
1.9897
2.0302
2.2386
2.0821
2.2346
1.8365
1.8822
2.0811
1.8498
2.1833
1.8591
1.7726
2.0190
1.8878
1.7726
1.9511
1.8500
1.9831
2.0937
1.9463
2.0057
2.1292
2.1835
2.0129
2.0246
1.8791
1.8954
1.9970
2.0737
1.7726
1.9334
1.8837
1.9912
1.8770
1.8832
2.9259
1.9744
1.9477
2.9211
2.1869
1.8974
2.0529
1.8603
3.5008
2.0054
1.9575
1.8766
1.9589
1.9305
1.9657
2.0101
1.8985
1.9818
1.9042
1.8603
1.8618
2.1455
2.0236
1.9140
2.0404
1.8395
1.9454
1.8427
2.0375
2.1975
2.2100
3.0631
1.8640
1.9292
1.7726
1.9280
1.9100
1.9740
1.8595
1.7726
1.9215
2.0408
1.9820
1.9456
2.2853
2.1607
1.9938
1.9114
1.9164
2.1764
1.9628
1.8863
2.1284
1.8439
2.0309
3.2170
1.7726
1.9890
1.8487
3.1545
1.8551
2.0088
2.0486
2.0117
1.9366
1.9459
1.9245
1.8362
1.8719
1.8681
1.7726
1.9567
1.9272
1.7726
1.8704
1.8692
1.8860
1.9807
1.7726
1.9335
2.0660
2.1614
1.7726
1.8500
2.0080
3.1142
1.9697
2.0202
1.7726
1.9864
1.9668
1.8589
1.8163
1.8796
1.9623
2.0325
2.0976
1.8185
1.9699
1.8397
1.9013
1.9803
1.9986
1.7726
2.0034
2.0858
1.8747
1.9225
1.9595
1.9595
1.7726
2.1203
1.7726
1.7726
1.9817
2.0171
1.9854
1.8533
1.7726
1.9656
2.0918
1.8796
1.9895
1.7726
2.0559
1.8753
1.8548
1.8335
1.9423
2.0968
1.9725
2.0027
2.0023
2.2044
1.8085
2.1121
2.0428
1.8818
2.0064
1.8898
2.0373
1.7726
1.8445
1.8554
2.0001
2.0727
2.0995
2.0102
1.9870
2.0748
1.8930
2.1015
1.9381
2.0332
1.9272
1.9415
2.0258
1.7726
2.1662
1.8862
2.0768
2.0366
1.7726
1.9328
1.8493
1.8820
1.9609
2.1997
1.9741
1.9820
1.8890
2.1079
1.9608
1.7726
1.8755
2.9507
1.7726
1.8974
2.9621
1.8213
1.9204
2.2518
1.9409
1.9785
2.0662
2.0385
1.7726
1.9217
2.1406
1.9042
1.9042
1.7726
1.7726
1.8646
2.0517
1.9824
2.0865
1.8110
1.8628
2.9818
1.8445
2.0416
2.0053
1.8875
2.1624
1.8860
1.9889
2.0821
2.0549
1.9375
2.1040
1.8755
2.0679
1.8638
2.0861
1.9615
1.9234
2.0397
1.8158
1.8919
1.7726
2.1743
1.9851
1.9314
2.0054
2.0656
1.9354
1.9981
2.2151
2.0138
1.8394
1.9205
1.8480
3.0359
1.9498
1.8589
2.0112
2.9502
1.9334
1.7726
1.8569
2.0896
1.9342
2.0050
2.1562
1.8452
2.2301
3.0484
1.7726
1.9043
2.1707
1.9596
2.0790
1.8251
2.9392
1.9179
2.9340
1.8819
2.1579
1.7726
2.1276
1.9727
1.8554
1.9476
1.7726
1.7726
2.1835
1.8987
1.8590
2.0185
2.0116
1.7726
2.0402
1.8036
1.9931
2.0872
1.9078
2.0975
1.9035
1.8340
1.8939
1.8506
1.8690
2.0096
1.8557
1.8640
1.7726
1.7726
1.7726
1.9445
1.9435
2.1971
1.9221
2.0627
1.7726
1.8350
2.9751
1.9896
1.9897
2.2458
1.9797
1.9415
2.0172
2.0325
1.8278
1.8392
2.1558
1.9038
2.9453
1.9384
1.9064
1.9227
2.2196
1.9174
2.1030
2.1658
1.9750
1.7726
2.0789
1.9689
2.0650
1.9438
2.3017
1.8670
1.8271
2.1249
2.0821
2.1006
2.0877
1.8078
1.9196
1.8413
1.9805
1.8572
1.8250
1.8230
1.8445
1.7726
2.0534
2.0325
1.8476
1.8783
1.8760
2.0089
1.9719
2.0842
2.0493
1.9397
1.9111
2.0935
1.9851
1.9329
2.0084
1.9463
1.8928
2.1368
1.8762
1.8174
1.7726
2.0558
2.1198
1.9900
2.1846
2.1124
1.9033
2.1852
1.9722
2.0208
2.0391
2.2771
1.9196
2.2252
2.2540
1.9544
1.7726
1.9546
1.8839
1.9735
1.8856
1.9812
1.9767
1.9597
1.9776
1.9283
1.9483
1.9054
1.9305
1.7726
2.0677
2.1629
1.8512
2.1169
1.8240
1.8507
2.2738
1.8765
2.0112
2.1394
1.7726
1.8898
1.9697
1.9089
1.9058
2.1215
2.1454
1.9265
2.2433
1.8349
2.2089
1.9465
1.9065
2.0865
1.9254
1.9589
1.8768
2.1580
2.0508
1.9022
2.0190
2.2971
1.8612
2.0208
2.1661
1.8596
2.0544
3.0195
1.8748
1.9048
2.0715
1.8554
2.1410
2.0800
1.7726
1.9561
1.8953
1.9303
1.8953
1.9757
1.9358
2.0537
2.9800
1.7726
2.0737
2.0280
1.9237
2.1446
2.0138
1.8595
1.8676
1.8802
1.7726
1.9156
1.9074
1.7726
2.0387
1.9303
2.1166
2.0337
1.9010
1.9916
1.8528
1.9003
1.7726
1.8580
2.0562
2.0630
2.0256
2.0331
2.0327
1.8783
1.8615
1.8701
1.9929
2.1203
1.9862
1.8956
1.8400
1.8697
2.0529
2.0361
1.9412
1.8900
1.9633
1.7726
2.0350
1.8061
1.8348
1.9962
1.8315
1.9734
1.8279
1.8809
2.0083
1.8776
1.8800
2.0868
1.7726
1.9375
2.0441
2.0572
2.0989
1.8413
2.1396
2.2105
1.9638
2.0196
1.9350
2.1377
2.2024
1.7726
1.9826
1.8693
1.9151
1.8456
1.9331
2.1445
1.8621
2.2345
1.7726
1.9493
1.8970
2.9198
1.9141
1.9578
2.1046
1.9332
1.7726
1.9632
1.8685
1.8787
1.8292
2.0216
1.7726
1.7726
2.2436
1.9699
1.9887
2.2391
2.0746
1.8973
2.0942
1.9192
2.2834
1.9915
1.7726
1.7726
2.9261
1.7726
2.0569
1.7726
2.1107
1.7726
1.9823
1.9251
1.9882
1.9402
1.8399
3.0572
1.7726
1.9438
2.2085
1.8020
1.9708
1.7726
1.7726
2.1958
1.8898
2.0717
1.9484
1.7726
1.9927
2.0186
2.1059
1.9228
2.0122
1.8947
1.9472
1.7726
1.9780
1.9624
2.1162
1.8574
1.8603
1.9887
1.8384
2.0762
1.9859
2.2427
1.9496
2.1586
3.0823
3.0007
1.8977
2.0234
1.9292
1.8328
1.8041
2.1151
1.8178
1.9512
1.9723
2.0877
2.0026
1.8912
1.8214
2.0039
1.8447
2.0303
2.0130
2.3063
1.9579
1.9102
1.8387
2.1845
2.0390
1.9472
1.9869
1.9039
1.9101
2.2014
1.8369
1.8982
1.9063
1.8973
1.9079
1.8770
2.2262
2.0220
1.9449
2.0041
1.9499
2.0608
1.8678
2.0706
2.0014
1.8293
1.9020
1.8110
1.9817
2.1290
2.0436
1.8787
1.8890
1.7726
1.9738
2.0396
1.8541
2.0341
1.9492
2.1541
2.0029
1.9941
3.0570
1.8609
1.8612
2.1201
2.0785
1.9152
2.2015
1.9278
2.3065
1.9022
1.7726
2.1259
1.8666
1.8854
1.9661
2.2588
1.8894
2.1104
2.2140
1.8389
1.8328
1.8512
1.9193
2.0948
1.7726
3.3104
2.2462
3.8193
2.0495
1.7726
2.1887
2.1692
2.9872
3.6267
3.7043
2.1653
1.7726
3.1487
2.0256
1.9975
3.2662
3.4681
2.9754
3.0345
3.7758
3.0774
2.2962
3.6811
1.9831
2.1211
3.5116
2.0331
3.6608
3.4721
3.1276
3.6353
2.9947
1.8848
3.9963
4.0738
2.2779
3.0970
3.3086
3.4879
3.2149
4.1354
1.9492
3.7499
3.9799
2.9668
2.0660
4.0909
2.1015
2.2319
3.7479
3.0620
2.2981
3.6018
2.0666
3.2103
3.2829
3.5527
3.6744
1.9848
3.8672
1.8541
3.0597
3.4666
2.2290
3.6767
3.8504
3.1696
2.9619
3.0988
2.1565
1.9605
3.9154
1.9570
3.1049
3.2906
2.2563
4.0143
3.8410
2.2690
4.0909
3.6039
3.4913
2.2310
3.1029
3.2702
3.0243
2.9959
3.0778
3.9486
2.0699
3.4642
2.1330
3.2818
2.2236
2.1880
2.0852
1.9956
4.1777
2.1449
3.4854
2.2821
3.0139
2.1147
4.4195
3.2702
3.0823
2.0095
1.9628
3.1203
3.6234
2.9542
3.3113
2.0357
2.0510
3.2066
1.9488
2.0362
2.2510
2.0147
3.0344
3.6077
3.8406
1.9207
2.3096
1.9524
3.1364
3.0354
3.8499
3.4713
3.4830
1.9468
1.7726
3.5006
2.2792
2.9588
3.8821
3.8156
1.8709
3.6644
2.2498
2.0411
3.1939
3.0178
1.7726
2.2185
3.0665
3.1254
2.3095
2.3013
3.8373
3.9843
3.5258
3.6295
1.7726
2.1546
3.4873
2.0981
1.9919
4.0556
3.8705
3.6500
2.2486
2.9421
3.6343
2.0340
3.1538
2.1177
3.0650
2.2131
3.1992
3.9142
3.4885
3.6937
2.2111
1.9975
3.1659
3.6150
3.1490
1.7726
2.1938
2.2740
2.3006
3.5051
3.2103
3.5781
2.1824
3.8057
2.0785
3.5017
3.0009
3.2110
3.5249
3.7272
2.2932
2.0821
3.7791
1.8403
3.5443
3.7127
3.6127
1.8695
4.0282
2.1585
2.2694
2.9450
3.6032
3.8055
3.2337
3.0505
3.0093
1.9975
2.1411
3.2366
2.9487
1.9771
2.9312
3.6343
3.2730
2.9647
2.1653
2.0223
4.3537
3.0491
3.6041
4.0081
3.2679
2.0586
2.1015
1.7726
1.9179
3.0196
3.2174
3.8156
2.9753
3.1475
2.0068
3.2525
3.1740
3.2871
3.6012
3.0085
2.1467
3.2119
1.7726
1.7726
3.0131
2.1455
2.3013
3.2269
3.1941
3.1492
3.0981
3.7393
3.7585
3.1076
2.2055
2.1523
3.6819
2.2613
3.8733
3.9427
1.9553
4.0096
3.0508
2.0839
3.0078
3.3082
1.7726
2.2935
3.0555
3.2099
3.4869
2.1887
1.8848
3.4949
2.0264
3.8785
1.7726
2.1999
3.2219
4.4143
3.2339
3.6150
3.0168
3.8499
2.2690
3.5725
1.7726
4.0120
2.0299
4.1684
3.6339
3.2208
2.9600
2.0730
3.5685
2.2424
1.8419
3.2515
2.9063
3.2174
3.5604
1.8413
2.3019
3.1505
3.0996
3.0062
3.2178
2.1530
3.0400
1.8673
1.8738
2.9934
2.9902
2.1892
2.2715
3.7362
3.0779
2.9751
3.1505
3.6739
3.2045
3.9000
4.0618
4.0328
4.1057
1.7726
2.9296
3.0711
3.1814
3.3089
3.0842
2.1520
1.8947
3.5392
3.1100
2.0940
2.9617
1.8348
2.2876
3.1647
3.6718
2.3052
3.4949
3.6460
3.6415
3.8978
2.9682
3.3082
3.0880
4.0091
3.8138
2.2398
3.7707
3.0537
1.7726
3.8063
2.3122
3.1043
2.1745
3.2482
3.4806
3.2229
3.5544
2.1511
2.9384
3.2874
3.0199
1.7726
3.1026
3.6320
3.0249
3.6638
1.9675
2.0305
2.9497
2.1672
3.0128
2.9948
3.2702
2.9712
1.7726
3.2366
3.0904
1.9585
3.0001
2.0061
3.6343
3.6339
3.0264
2.0797
3.3089
1.9803
3.5378
3.1360
3.2662
2.0596
1.8656
2.9931
3.6320
3.0628
3.6804
2.1889
2.0240
3.5204
1.9975
1.7726
2.1585
3.6808
2.1624
1.8881
3.5885
2.1697
3.0904
2.0168
3.0817
2.1931
2.9150
3.2290
3.0493
3.5029
3.6076
3.0535
1.9740
2.9923
2.1767
3.1951
2.1511
2.1737
3.4632
1.9364
2.0981
1.8972
3.2702
2.9986
3.8326
3.9042
2.1894
2.9194
3.0100
1.8514
2.9320
3.0431
3.5781
2.2848
1.8548
3.2829
1.8312
4.0328
3.5263
3.2584
3.2103
3.3029
1.7726
3.5669
2.1906
3.1777
2.9497
3.2206
3.5513
2.9811
3.7154
3.7451
3.6372
3.7200
3.7604
3.8626
2.0628
4.0524
3.9386
2.0827
3.1283
2.0331
2.2346
2.1015
4.0481
3.3014
3.1916
3.3061
3.7804
1.9803
3.8088
1.9357
3.4798
2.9348
3.0416
3.6614
2.3125
3.2059
3.9486
3.9427
1.9925
1.7726
1.7726
2.9990
3.1108
4.0109
3.2655
3.2333
2.2919
3.5359
2.2400
2.2319
1.7726
1.9557
3.7537
2.1630
3.2126
4.3624
1.9680
2.9679
3.5418
3.1897
3.2678
2.0377
1.7726
1.8988
3.0658
3.0352
3.8872
2.2465
2.2452
3.2290
3.8387
1.7726
1.7726
2.2105
1.9871
1.8950
2.9135
1.7726
3.2973
1.7726
3.4949
1.9605
4.1128
2.2855
3.0581
3.2313
1.8348
3.5940
3.0540
3.1324
2.2498
3.5682
3.8925
2.1393
2.0785
2.9772
3.6382
2.1214
2.2673
2.1765
2.0168
3.2945
3.2863
3.0649
3.7717
3.2788
3.9486
3.5048
3.0275
3.7070
3.2563
1.9671
1.8413
3.4966
3.4942
2.1637
3.2945
3.7809
2.2613
1.9820
3.0675
1.9520
3.9685
3.6339
3.8073
1.8344
4.0143
2.0299
2.1940
1.7726
2.0256
2.2400
3.7804
3.0274
1.7726
2.1704
1.9685
2.1085
2.1511
2.0357
2.2411
3.0610
3.2054
2.0240
3.8317
1.7726
3.0466
3.1600
3.8086
3.4783
2.2766
3.6048
2.9144
3.2060
3.0611
3.2738
3.5439
2.2535
3.1757
3.2045
2.2236
2.0495
3.8256
3.0817
2.2764
3.0627
4.1424
2.0059
1.9670
3.7335
3.2074
2.1894
2.2834
3.1131
2.9661
2.0693
3.9487
2.2279
3.6794
2.2988
3.0244
1.9888
3.7157
2.1682
2.9262
1.7726
2.0280
2.0636
1.9468
2.0974
3.2939
2.1483
1.9865
2.9487
1.9508
1.7726
2.1198
3.8708
3.4640
1.7726
2.1246
1.8922
3.5603
3.0981
2.2807
3.7307
3.1485
2.2807
3.1645
1.9131
3.2823
3.8499
2.9194
2.2700
3.6724
3.1918
2.9209
2.0704
3.6754
3.1170
3.1856
1.8756
1.8435
2.9739
1.8971
3.5781
3.5204
3.8089
2.1211
2.0061
1.9520
2.9882
2.2881
3.0622
2.2193
3.2702
2.1935
3.5508
2.1458
1.9240
3.0691
2.0027
3.7811
1.9500
3.9587
3.6034
3.0466
3.8298
3.7041
3.2239
3.6339
3.0138
3.0940
2.0925
3.2998
1.9877
2.2415
2.9990
1.9003
2.9597
3.1567
1.7726
2.0082
3.6667
2.0649
3.1729
3.6441
3.7619
3.5671
2.2726
2.1110
2.2726
1.7726
4.1213
3.5604
1.9714
3.8580
2.9461
2.9381
2.0331
2.1388
3.1116
3.4813
3.7955
3.6953
3.2555
2.1726
1.9729
2.1702
2.9597
3.4909
3.6070
3.1308
3.4949
2.1935
3.7355
3.1603
3.7332
3.5676
3.1389
2.9248
3.3024
3.6555
1.9557
2.2348
3.2742
3.6791
4.1711
3.2912
2.9612
2.2949
2.9971
3.7749
3.5187
3.0880
3.5604
3.8692
3.1853
3.1561
3.6355
1.9545
2.1898
3.5348
3.9918
3.6832
3.8499
3.8359
1.9661
2.0768
3.2829
3.1830
2.9519
3.8464
3.9056
3.1679
2.2793
2.1967
3.0490
3.1505
2.0438
3.2397
3.9374
1.9545
2.2659
4.0866
2.9514
2.9789
3.5132
2.0125
2.1484
1.9865
1.9605
2.1422
2.1399
1.9776
3.0131
2.0438
3.0649
1.7726
2.9887
4.1647
3.2351
3.1908
3.5001
3.2495
2.1831
3.5625
3.1545
3.8867
3.0623
3.0179
1.7726
2.3087
3.2117
3.5642
2.1180
2.9829
2.0812
2.0829
2.2785
3.4678
3.6943
2.2181
3.7217
2.2069
1.9520
3.8797
3.0852
2.0331
2.1172
3.2925
2.0400
2.0107
3.7620
3.5705
2.1629
2.1467
3.5359
2.2151
3.1951
3.0493
3.9834
2.9188
2.9188
3.2149
2.2230
2.2015
2.9770
3.5132
2.1056
3.7698
3.3075
3.7838
2.9786
3.6992
2.1458
1.7726
3.2742
3.0617
1.7726
5.0
3.7463
1.9402
3.8393
3.0684
2.9380
3.9733
2.2793
3.0981
3.4739
1.7726
1.9370
3.1221
3.6449
2.9248
2.2498
2.0495
3.5758
3.8864
1.9496
3.2103
3.1664
2.9805
3.7490
3.4820
3.0818
2.0660
3.0581
1.8500
3.5378
3.7070
2.2805
3.5781
4.0610
3.6152
3.0360
1.9820
2.9541
2.3096
3.6132
2.0264
3.2742
3.5185
2.9437
1.8337
2.2509
2.2973
2.0123
3.5508
1.9583
1.9327
3.5682
1.9003
3.8499
1.7726
3.5060
3.4873
3.2318
2.1001
3.2817
3.8156
3.8925
3.6352
2.0486
3.4693
2.0889
1.9854
2.0741
2.0368
3.0018
3.1417
3.8410
1.7726
3.1600
2.2644
2.2862
2.9543
2.9162
3.7627
3.5885
3.5359
2.0495
1.8291
3.5434
1.9854
1.7726
3.1072
3.8499
2.1015
3.6917
1.7726
3.5872
3.2819
3.4717
2.0947
3.6899
3.2292
1.9854
3.1184
2.9144
4.0524
2.2498
3.7393
2.9965
2.0041
1.7726
3.0996
3.1892
3.7034
3.2465
3.4883
2.0925
3.5249
3.0778
3.8925
3.9486
1.9871
2.1539
3.2290
2.0041
3.2584
3.6339
1.7726
2.2100
4.1526
3.8807
2.2687
3.2702
3.2045
2.9815
2.9186
4.1496
2.0215
3.7689
3.0825
3.7626
3.6014
3.0873
3.0892
2.9893
2.9193
3.0189
3.8697
3.0078
3.9020
2.9188
3.5781
2.9977
2.2172
3.1939
1.7726
3.5873
3.9342
2.1185
1.7726
2.1483
3.7219
3.4693
3.3011
2.2324
3.4811
2.2498
1.9822
2.0474
2.2987
3.0431
3.0702
3.4949
2.0001
2.2973
3.0161
2.2301
1.7726
3.0758
3.1903
3.2556
1.7726
3.5204
2.9248
2.0908
3.7977
3.5204
2.9518
3.1561
2.0732
2.2317
2.2398
2.9948
2.9974
1.8478
2.1010
2.9597
3.2975
3.2197
3.3029
2.1330
3.1180
3.2515
1.9836
3.0408
3.8499
3.2870
3.6402
2.2474
3.3062
2.2472
3.7136
2.2572
3.7373
3.0484
2.3019
3.2643
2.1109
3.8303
3.2871
1.9787
3.6150
1.8893
2.9433
3.1914
2.1188
2.2073
3.0087
3.0956
2.1784
3.9951
3.6680
3.8359
2.9277
1.9820
2.0829
3.9427
4.0143
2.2755
2.1363
3.2236
3.7374
1.9956
3.6667
3.0601
4.0231
1.9651
2.2952
2.2185
3.0564
1.9825
2.9067
4.1458
3.7768
3.2377
3.2677
3.0778
3.5568
1.9760
2.9650
3.2269
3.9427
3.0052
1.9883
2.0185
1.8526
1.9906
3.5497
3.6118
3.0889
3.7064
3.6665
3.1186
3.6550
2.9248
3.5485
3.2188
1.9374
1.8399
2.0590
3.1214
1.9668
3.0195
2.2880
3.4650
3.3077
2.1599
1.8384
3.6608
2.0118
3.5781
3.1521
3.8504
2.1113
3.8059
3.1932
3.0778
3.7094
3.6580
1.8934
2.9902
3.7788
3.1541
1.7726
1.9391
3.0610
2.1198
3.2020
1.9185
3.5700
3.0554
3.5845
2.2687
3.1332
1.8332
3.6719
3.0266
3.6289
1.9646
2.0357
3.4998
3.2622
3.5085
3.7393
2.0967
4.0610
3.1727
3.6558
2.1999
3.1895
3.1321
3.5059
3.5898
3.0230
1.7726
2.9862
3.1120
1.9820
1.7726
2.0299
2.2988
3.5024
1.8738
1.7726
3.8428
3.2119
3.1438
3.0389
3.6933
3.6550
3.1001
2.9257
3.1688
3.7785
3.6798
2.2420
3.5233
2.9661
3.2292
3.6482
2.1837
3.5153
3.8128
3.8499
3.7164
2.0082
3.6195
3.9818
2.1636
2.1483
2.0125
2.0575
1.9109
1.9330
3.1655
3.5633
3.2371
2.9527
3.9477
2.9301
3.9020
3.6478
2.2339
2.0578
3.2945
2.2848
2.0103
3.2071
3.8298
3.7788
3.5742
3.5106
5.0
3.0228
3.8925
3.7051
3.4949
2.9966
3.6611
2.1962
3.2625
3.9422
3.4681
2.2919
2.9374
2.9692
3.7439
2.2074
2.9862
2.9888
3.0469
3.5735
2.2992
3.1992
4.1496
3.5362
1.9182
2.1653
1.8833
3.0460
1.7726
3.2853
3.2556
3.1184
4.0231
3.0833
3.6392
3.2412
1.9919
2.0125
1.7726
3.0873
2.3015
3.6392
1.9605
3.1149
3.2287
2.9630
3.7084
1.9557
3.8499
2.0272
2.2528
3.1709
3.6556
2.0318
3.9999
3.7781
2.3096
2.9331
3.2796
2.1924
3.1290
2.9106
1.9854
2.2480
2.2401
2.1314
3.0555
3.6115
3.0735
1.9836
2.2047
3.5872
3.7330
3.0777
3.2119
3.5929
3.1685
3.5407
2.1442
1.9975
2.1379
3.0018
1.7726
3.1790
3.0030
2.2510
3.5169
3.0302
3.8504
3.1801
3.5002
3.0847
3.5098
2.1999
3.7269
3.2829
4.1561
1.9900
3.2854
1.7726
3.5930
2.0034
3.5503
2.9424
2.1015
1.9449
3.9685
2.0848
3.5527
3.0085
3.1918
1.7726
3.4857
3.2508
3.8512
2.0974
2.9265
3.0665
3.8406
3.1419
2.0357
2.2935
3.5536
3.8020
2.2380
4.2206
3.0970
3.1001
3.5348
3.1487
2.1848
3.9702
3.0142
3.1704
3.0632
1.8303
3.6665
3.6150
3.1977
3.1727
4.1354
3.6663
3.8379
2.9391
3.5159
3.2383
3.6009
3.5563
2.0027
3.5568
3.4957
3.5369
3.2290
2.9137
5.0
2.0586
2.1455
2.1188
3.1108
3.2453
3.2697
3.1538
2.3013
3.5378
2.3109
3.0522
2.2509
3.1877
4.1440
2.9959
2.1015
2.0068
2.9134
2.0860
3.0238
3.0180
2.1653
1.7726
1.8353
2.1056
3.6423
1.9975
2.9063
2.2111
2.9837
3.1789
3.8032
1.9755
2.2312
2.2792
3.0940
2.2622
1.8310
3.8158
3.7690
3.2627
3.4619
2.0660
2.3127
3.4798
3.7127
3.1362
2.2140
3.6441
2.0193
3.0623
3.2339
2.9130
3.0070
3.1521
2.1358
1.7726
2.0080
4.0668
3.1914
3.8205
2.2971
3.5221
1.7726
3.1304
1.8350
2.0532
4.1234
2.0565
2.1462
2.1444
3.5060
3.0940
3.1616
2.0147
3.1866
3.4791
3.2119
3.1738
3.4681
2.0660
1.9803
3.8890
1.7726
2.3126
3.6964
1.8796
1.9619
3.3022
3.1505
3.6455
3.6318
3.0986
3.9901
3.0958
3.8429
2.1099
3.4990
1.9716
3.2547
4.0768
3.8885
2.2313
3.2371
3.5134
3.7702
3.9202
3.6592
3.9629
3.0608
3.8148
3.4970
1.9453
2.1846
3.6234
3.2985
3.4991
2.2488
2.1829
3.5513
3.8079
2.9678
2.0759
2.9692
3.6294
2.2544
3.1264
3.9289
3.0217
3.7815
2.0649
2.0438
2.9373
4.0628
3.4804
3.2219
3.0400
3.7998
2.2591
2.1452
1.8419
4.1080
3.2087
3.5369
2.9932
3.4998
4.1573
3.1578
4.0277
3.0342
3.1292
3.4776
3.1595
3.2398
3.2457
3.7860
3.8063
3.7963
3.0399
3.0767
3.7574
3.7680
3.7323
2.3058
3.6079
2.1585
2.2644
3.7966
2.0530
2.2193
3.1035
3.9702
3.2028
1.9410
2.9718
2.9928
3.7023
3.3061
3.1174
3.2970
3.4855
3.1702
3.8082
3.5005
3.9753
3.0000
4.0092
2.2762
3.4665
2.2115
3.0847
3.2176
3.1880
3.7018
2.9548
3.2798
3.7559
3.8567
3.6586
3.2732
3.1798
3.5604
3.5965
3.9047
2.2004
3.8288
3.2472
3.2148
2.2908
2.1300
3.7112
3.5442
2.9556
3.5648
3.4893
3.0804
3.6467
3.1751
2.0300
3.2438
2.0014
2.2390
3.0631
1.9463
3.0852
2.0470
2.2944
2.1183
3.1354
3.4690
3.1360
3.0067
3.2226
3.8269
3.0376
3.0624
3.8087
3.7040
2.9986
3.8856
3.6048
3.1701
2.0598
3.1424
1.9937
3.6183
4.0232
3.6201
3.9760
2.2278
3.1937
3.8743
3.6198
3.1007
3.5116
3.6188
2.2755
2.1848
2.1983
2.9712
2.1116
3.8808
3.0229
3.1867
4.0092
3.5990
3.4753
3.5447
3.7475
3.1567
2.9723
3.1991
3.9265
3.2870
3.8633
3.2307
3.1543
3.1918
3.6753
1.9457
3.5604
2.0806
3.0112
2.1437
1.9295
3.7623
3.0667
1.9243
3.5930
2.1531
5.0
3.0890
3.2942
2.9106
3.3082
2.2246
3.2068
3.1829
2.2565
3.9169
2.2236
3.7475
3.6661
4.1001
2.9740
4.0970
3.4858
3.5781
2.0981
3.8937
3.8742
2.2947
3.2660
3.1864
3.1544
3.7771
3.8210
3.0061
2.1242
4.0041
3.0174
3.1826
2.2690
3.7566
3.0814
3.0665
3.4622
2.2088
2.2561
3.9331
1.8589
3.6857
3.9737
5.0
3.1425
3.2905
3.2496
3.9733
2.1470
2.9236
3.5633
2.2369
3.2242
2.2823
2.0920
5.0
3.6376
3.1000
3.9070
3.7894
3.0366
2.1590
2.1445
2.2788
2.1003
3.1699
3.1896
3.5835
3.1849
2.2659
3.2670
3.0682
3.2875
2.9406
3.0236
3.9085
2.0755
3.2702
3.7086
2.3054
3.0499
2.1012
3.7650
2.9610
2.2863
3.9733
4.2327
3.1564
2.2774
3.6621
3.2819
3.0981
2.2415
2.0557
3.5742
3.6840
3.0187
3.6265
2.0617
3.7164
2.9519
3.6183
3.2656
3.7086
3.5983
4.2926
2.9431
3.5937
3.2846
3.7699
2.9523
2.2111
3.0046
3.0239
3.6179
2.1421
2.1709
3.7346
3.8614
2.0118
3.6423
2.2750
3.6352
3.0331
3.6190
3.8250
2.1955
3.0904
3.0179
3.0811
3.7063
3.3096
2.9411
4.1664
2.0294
3.2959
2.9432
3.2829
3.6526
2.9306
3.7293
2.2121
3.5802
5.0
3.5119
4.0667
2.1427
3.8072
2.1089
3.1798
3.5091
3.2174
3.9083
3.8173
3.5468
3.5746
3.2470
2.2973
2.0609
3.1925
2.9478
3.2144
2.0059
1.8287
2.0344
1.9923
2.2030
2.1633
2.3116
2.9846
3.5823
3.7367
3.5636
3.0075
3.1298
3.8550
2.2623
4.2229
2.9905
2.1281
3.5731
1.8592
3.2870
3.1629
3.1526
2.2600
3.1449
3.9510
3.6437
2.1952
3.4740
2.2753
3.3108
3.4638
3.6352
3.7717
1.9882
3.1988
3.3057
3.4691
3.6053
3.6496
3.5711
3.2915
2.3073
2.0654
3.4835
2.2398
2.2559
3.2790
2.0377
1.9137
3.5581
2.9833
1.8441
3.6798
3.4865
2.9772
2.0202
3.5147
3.1996
2.0019
3.7905
3.7204
3.7138
2.2789
3.5785
3.0776
1.8314
3.0132
2.9240
2.0112
3.2525
3.0375
3.2812
2.0368
3.2345
3.5099
4.0120
3.7771
2.9507
3.9415
2.0470
3.9055
2.2437
3.9025
3.0871
4.0244
1.8366
1.9941
3.5159
2.1515
3.9047
2.2003
3.4688
3.6473
2.1459
3.5361
3.4710
3.1295
1.8798
3.9610
3.8469
3.7698
3.8572
1.9213
2.1788
3.7182
2.1627
3.6434
3.6864
3.0789
2.2847
3.0308
3.9047
3.8385
3.9445
3.1579
2.0540
3.1236
2.9711
1.8491
3.9265
2.9205
3.1276
3.0105
3.6730
3.0680
3.7660
3.2470
3.0673
3.3055
2.0157
1.9562
3.5426
3.1461
3.7086
4.0062
3.7595
2.2390
3.5048
3.1013
3.5391
3.2479
3.1385
3.2867
3.1898
2.0849
2.1678
3.5148
2.0870
3.2525
2.2158
3.7228
2.2111
3.5443
3.2788
4.1553
3.0149
2.2000
3.1186
3.2822
2.1935
2.1915
4.0092
3.8705
3.7029
3.7296
3.2761
3.7940
2.9382
3.7164
2.0088
3.6496
2.9838
1.8526
3.4797
3.8630
4.0415
2.0839
3.5765
3.2243
3.5913
1.8697
2.1505
2.2125
3.0431
2.1353
2.9737
3.9258
3.2372
1.8332
1.9160
2.1330
3.0838
2.9189
3.0267
2.0127
3.7475
3.9047
3.1523
3.1114
2.9872
3.9737
1.9325
3.1244
3.6663
1.9122
2.1511
2.3062
3.0988
3.7474
3.5655
3.7902
3.1754
2.0984
3.0296
2.9974
3.7244
2.0741
2.2589
3.2936
2.1782
2.0482
3.5312
3.6881
1.8997
3.0767
2.0858
3.5243
3.9454
3.2006
3.8250
3.6338
3.0087
3.1206
3.6888
3.6525
3.2339
3.2973
3.7714
2.2377
3.9510
2.1815
3.0095
2.9582
3.5348
3.2009
3.1340
3.5083
2.9286
3.1395
3.8125
3.8544
3.6977
3.5864
2.9159
3.5979
3.5359
1.8883
2.1086
2.1240
2.1042
3.1898
2.2713
2.9872
2.0280
3.4967
3.2572
3.4769
3.0180
3.5431
1.8880
3.2174
2.2279
3.2591
2.0674
4.0264
3.1604
3.1451
3.0604
1.8649
3.2678
3.2766
3.8451
3.0091
3.2742
3.5208
1.9865
3.9097
3.5966
3.7997
3.4975
3.8141
3.6654
2.0964
3.6303
3.7982
3.1792
2.9657
1.8906
3.5640
3.1811
2.1955
2.1636
2.2157
3.1923
3.4866
5.0
3.7610
3.2139
1.9354
3.7030
3.2019
3.1531
2.1627
2.9681
3.5376
3.5648
3.0939
3.2592
2.2822
3.7068
3.5130
3.0033
2.9967
3.8775
2.9882
2.2341
3.1030
3.0947
3.5451
2.9880
3.7475
2.2760
3.2060
3.7438
3.5554
3.6126
3.1313
3.2782
2.2807
2.2707
3.2185
2.9827
3.6430
2.9103
3.0389
2.2246
3.1993
2.2445
2.2477
3.6518
2.0434
2.1911
3.5245
3.6107
1.9540
2.0136
4.0806
3.0035
3.3121
2.3095
4.0283
3.1452
2.3046
3.8315
2.2038
3.8812
3.8498
3.5084
2.1088
3.0599
3.7962
3.1295
3.1505
3.2515
2.2331
3.2262
2.1140
3.0969
2.9722
2.1266
1.9946
2.2893
2.1120
4.1851
3.8992
2.2149
3.0781
3.0408
3.0521
4.0753
3.2982
4.1031
3.7498
3.7118
3.9169
2.2718
2.1347
2.9934
3.1186
2.2400
2.1437
3.0873
3.5876
3.9321
3.0812
2.0103
3.6519
3.5691
3.1000
3.6513
3.2737
3.2503
3.5992
2.2244
2.1381
3.7086
2.2067
3.5065
3.4808
1.8855
1.9946
3.9362
3.2377
3.1076
2.9113
3.1865
1.9891
2.3059
1.9566
1.8822
3.7270
2.0155
3.2809
1.8595
4.0895
3.9370
4.0777
3.0329
3.5322
2.1782
2.9630
3.1123
2.0344
2.3083
2.1015
3.2751
3.2930
3.4695
3.5785
3.7670
3.8898
3.4711
3.4800
3.9524
3.7266
1.9734
3.7564
3.0757
3.7024
2.1391
2.3023
3.7966
1.9321
3.8060
4.1592
1.8597
3.4770
2.0816
1.8681
2.1638
2.1921
2.1900
3.5376
3.5347
2.1999
3.6366
3.0811
2.2587
3.7559
3.4759
1.9676
3.2553
3.4958
1.8922
3.2280
3.2732
3.7926
3.9824
2.0427
2.9079
3.2189
2.2649
3.2711
3.5226
2.0844
2.1618
2.2205
3.6798
1.8870
4.1448
2.2322
2.9747
3.7458
2.2724
1.9247
2.1588
3.7086
3.0076
2.9753
3.5844
3.2497
3.6146
3.0666
3.1103
3.7625
2.9712
3.7052
3.1477
3.2936
1.7726
3.7855
2.2616
3.0386
2.0019
3.6357
3.0859
3.8881
3.7124
2.2706
3.0059
3.0640
2.2131
3.9033
3.0658
3.8109
3.5684
2.1842
3.0442
3.5881
3.1302
3.0694
2.1864
2.1159
2.2369
3.6800
3.0356
3.6864
3.2824
3.8371
3.6259
3.1672
3.6434
2.2623
2.2308
2.2884
3.0283
3.6555
4.0277
3.0951
1.9955
3.3038
3.1366
1.9420
3.1966
3.0335
2.2477
1.8906
2.9183
3.0747
3.4935
3.8520
3.9639
3.6101
3.1587
3.6551
3.1801
2.2623
1.9525
2.9484
3.6938
2.9783
2.1931
3.5979
3.6677
2.9840
1.9364
2.1632
2.0028
2.2683
3.0525
3.2060
3.2850
3.9693
2.1381
3.9392
2.9509
3.9190
3.0301
2.2339
3.6791
3.6352
3.0709
2.2709
2.2085
3.8001
3.0454
3.0401
3.7973
3.1815
2.9652
2.2559
3.5587
3.0730
3.8818
3.2113
3.8147
2.0605
3.7889
3.6509
3.5844
2.9913
3.1528
3.0578
2.1199
3.5604
2.0220
3.6306
3.5687
3.7052
2.2622
1.8413
3.2065
3.1135
3.1198
3.0885
1.9536
2.2228
3.6655
2.2298
3.8092
3.8561
3.5502
2.0806
3.0387
3.8383
2.0438
3.8925
3.5238
3.7326
3.5302
3.0219
4.0047
3.9848
3.7978
3.5089
3.5144
3.7734
3.0265
3.0376
3.3075
3.2377
3.2828
3.0941
2.1563
3.0115
3.1278
3.5582
2.1141
2.1104
1.8374
3.9070
2.2351
3.7259
3.8450
3.2879
3.1049
3.1467
3.5508
3.2017
1.9534
3.6808
3.5478
3.9904
3.5176
3.0371
2.9983
2.1193
2.2115
3.0979
3.7180
3.9228
2.2550
3.8220
3.7417
3.7071
2.2641
2.2059
3.5082
3.4719
4.2048
3.7738
3.6798
2.1923
3.0632
3.1506
2.2637
3.2378
1.8487
3.5853
2.1055
3.8244
2.9979
3.9101
3.2031
3.5128
4.0365
3.9896
3.8645
3.1353
3.6486
2.0677
3.4944
2.1671
2.0170
3.0119
2.1983
3.2040
3.1918
1.8964
2.2526
2.0297
3.4735
2.2887
4.0003
3.0171
3.0349
3.0485
1.8994
4.1853
2.0128
2.1690
3.4737
4.0047
3.8326
3.8173
3.9203
2.1093
3.1348
3.5884
3.1209
3.1516
3.9850
2.3004
5.0
3.1446
2.0800
3.0401
3.8806
3.2114
2.9987
3.8241
3.0004
3.6070
3.0609
4.2915
2.2982
3.9536
1.8901
3.6303
2.0096
2.2194
3.3066
3.5562
3.5825
3.1266
3.5979
2.2947
3.3099
3.6625
3.5536
3.0445
1.9786
3.6045
3.0901
3.2060
2.9510
3.5625
3.1995
3.2734
3.0136
3.8496
3.0115
3.8992
2.9493
3.7574
3.0847
3.8764
3.5557
2.1251
3.0707
2.0563
3.5209
3.0524
3.5396
3.7862
3.8197
3.3078
2.2191
2.9433
2.2623
3.7784
3.0182
3.4955
3.7711
3.7888
2.1326
3.5903
1.9610
3.4925
3.8024
3.2113
3.9249
3.0349
3.2525
2.2084
3.9203
3.8445
2.3122
2.1269
2.9722
3.6152
3.6193
3.0062
4.1877
2.2587
3.4704
3.1542
3.9918
2.2246
3.1206
3.5079
3.2828
3.7270
3.9062
3.0416
3.0269
1.8225
3.7734
2.9269
3.6787
3.8187
3.6402
2.9856
3.5399
1.9553
2.2740
1.9344
3.1157
2.9810
2.2544
2.2874
3.0482
3.0508
3.2532
3.1639
2.9630
2.0722
3.0654
3.8656
3.5179
3.5604
3.2162
3.0392
2.9754
1.9900
3.5432
2.3009
2.2569
2.0416
3.5223
3.2820
2.0342
3.1141
2.0009
2.9475
3.1657
3.7512
1.8445
3.8614
2.2974
3.7953
2.0063
3.1000
3.1787
1.9429
3.4787
3.0753
3.6641
3.1386
3.3129
2.2504
3.1766
3.2766
3.7997
3.5447
1.7726
2.2479
3.2526
3.7355
2.2509
1.8630
2.1515
3.8063
3.2029
3.8246
2.0842
2.9909
3.1554
3.7078
3.5080
3.5116
3.6747
3.9366
3.0878
3.8318
2.2627
3.2948
2.2040
4.1811
3.1427
3.5376
2.2360
1.7726
2.9297
3.0574
3.9279
2.2764
3.8337
2.2262
3.2941
2.2931
2.1326
3.6696
3.2174
3.7086
1.9697
3.1383
3.4757
3.7253
2.9501
3.1985
3.8086
3.4866
4.1647
3.0912
3.7350
3.8581
2.9124
3.1867
4.0568
2.1581
3.1480
3.5957
3.7327
2.0740
3.1229
2.2254
3.9815
3.0522
3.0107
2.9664
3.8119
2.1218
2.1266
3.1918
2.2048
3.9212
2.9929
3.2656
3.6482
2.2339
2.2013
2.2568
1.9472
2.9971
3.4857
3.3121
3.0522
3.2337
1.9849
3.1421
3.7637
3.8516
3.6219
2.9611
2.3010
3.0390
2.0344
2.9858
4.0516
3.5672
2.9863
3.0574
3.1409
3.8063
2.9316
3.1423
3.7998
2.1276
2.1841
3.7475
3.3055
3.1244
3.1339
3.4638
2.1647
2.0772
3.2251
3.5466
2.1426
2.2652
3.6790
3.7442
2.1807
2.9990
3.5967
2.9215
3.0238
4.1749
3.0575
3.0555
3.7680
2.1749
2.1350
3.2223
1.8306
3.9558
3.0125
3.4936
3.4988
3.1964
2.0736
1.9835
2.2628
3.6012
3.4720
3.2732
3.6124
2.1445
3.8321
3.2082
3.1143
4.0654
2.2025
2.1183
3.8029
3.4912
3.7938
2.1511
2.1379
2.3033
2.0431
2.2191
3.8301
1.7726
3.1790
3.8749
2.9675
2.2293
3.2337
2.1567
3.9070
3.7863
2.2175
4.0043
3.0518
2.9114
1.7726
2.1595
3.4972
3.5979
2.1560
2.1079
1.9315
3.1269
3.0321
2.9531
3.6887
2.0892
2.9188
2.9338
3.6967
1.9956
4.1394
3.5169
3.2339
3.7784
3.5758
2.9269
3.4725
3.1684
3.2703
2.2446
2.1904
3.7865
3.4988
2.0498
2.1246
3.4848
3.1262
3.4948
2.9536
2.1633
1.9397
2.1199
2.1014
1.8930
3.2362
2.1458
2.9841
2.2115
3.2421
3.9999
3.5006
3.0488
3.0637
2.1593
3.2908
3.8197
3.6456
2.0875
3.1453
