1.0286
0.5953
4.6375
2.7406
0.9770
0.0
2.8036
2.6768
0.8199
0.3058
1.4333
1.6540
1.3327
4.4536
0.0
2.1792
0.6205
1.5370
4.6297
0.8110
0.0
0.3307
2.6524
2.9686
2.2264
2.0011
0.0
2.7126
1.7388
0.0
1.9961
0.2818
2.0019
2.7451
0.3526
0.8568
0.0
1.2588
0.6494
0.0
4.2637
1.4445
0.0
0.5647
1.4830
0.0
0.0
1.8209
0.7289
0.0
1.6976
1.5809
0.2584
0.0
0.0
0.2645
0.0
0.2996
2.5602
2.4385
2.7073
0.0
0.1006
0.3241
0.8859
2.2668
0.6352
0.0
0.0
0.0
1.3628
1.9100
0.0
2.1350
0.5620
0.0
0.9434
1.4258
0.0
1.0129
1.3903
3.5956
1.9049
2.3189
3.3596
0.7579
0.8171
1.1336
0.0
0.0
0.0
1.4236
1.3654
0.6431
2.2529
0.5055
0.0
0.7743
0.1842
0.0
0.5319
0.5963
3.3982
1.5967
0.5707
3.6570
2.5867
3.2135
2.6680
0.0
1.5965
3.2179
0.7162
2.5818
1.0907
1.8189
2.4683
0.7535
0.0
0.7141
0.0
0.9773
0.0
0.0
4.2017
0.3395
3.9671
0.0
0.0
1.4845
1.2659
0.0
0.0
2.4208
0.8839
2.9813
1.1162
1.9967
0.2844
0.0
2.0365
1.1940
3.5383
0.0
3.0001
2.4321
0.0
0.7084
0.1712
0.1006
1.7805
0.8547
0.0
0.0
0.0
1.8058
0.8884
1.2188
0.5361
0.0
0.0
3.3027
1.2021
0.0
0.4342
2.4004
2.2398
2.3334
1.3649
0.8272
2.3528
2.3303
0.8536
2.6511
1.6145
0.8823
0.0
0.4850
0.0
2.5033
0.0
0.1652
2.2071
3.9489
1.2477
1.0914
0.1144
0.8859
0.5674
0.0
1.5794
0.3546
1.4735
1.9665
0.7246
0.3346
1.3322
2.5530
2.3485
1.4003
1.6327
0.1412
3.1952
3.0730
1.9806
1.4700
0.9128
2.8788
1.1820
0.5981
0.6070
2.1864
0.0
1.4448
0.8589
1.0626
0.6041
0.1845
1.5181
2.1443
0.9713
1.9073
2.4282
0.1197
0.0
2.0468
0.0
0.0
0.0
3.7464
0.0811
2.5136
1.9898
3.9216
1.6144
3.4918
2.0967
1.0610
1.6275
0.0
2.8516
4.0609
2.6355
0.7143
1.3552
0.9981
0.0
0.0
0.0
0.8865
1.8788
0.1347
0.0
3.0773
0.8680
0.9863
1.7577
2.0924
1.8774
0.5563
0.0
2.1586
0.0
0.0
0.0
1.3527
0.7779
2.7409
0.0578
0.0
0.6658
1.2375
0.0
1.0990
1.1269
1.9167
1.9697
2.1944
1.9550
0.5473
0.7720
0.5844
0.8679
0.0
1.6775
1.1647
2.6008
1.4754
0.8703
2.4123
2.7279
2.3886
5.0
1.6847
0.0
1.7297
0.0
0.8996
0.7441
0.6960
3.5847
1.4777
0.0
2.5839
3.3482
2.3784
1.9894
3.1442
0.0
4.2787
2.5090
0.0
1.8604
4.6811
4.7423
3.8924
1.2631
0.4426
0.9356
3.8231
1.2207
0.7706
0.3691
2.3233
0.0
0.0
0.2182
0.7321
0.0
2.2394
1.6389
0.0
2.3021
0.1269
0.6758
0.0
1.5177
3.5161
1.0774
1.2291
3.0936
1.9623
0.8543
0.4808
1.3960
0.8425
0.7384
0.0
0.0
3.5636
0.0
2.1410
1.2369
0.5032
3.7844
3.3371
0.0
0.7544
1.1246
1.2140
0.0
0.0
0.3990
0.0
0.5021
0.6433
4.4146
2.5246
2.4659
0.0302
0.4994
0.0
2.1489
1.5358
1.7534
1.0486
2.3264
1.0228
4.0576
0.0
1.1675
0.0
2.1723
0.0
3.4663
1.3660
0.0
5.0
1.6144
0.0
3.2496
1.3026
0.8349
0.0
0.0
1.7599
1.6624
0.4941
0.8025
0.0
3.0151
3.3779
2.9644
0.0
2.6532
4.0982
1.5974
2.9862
0.0
3.2465
2.5142
2.7043
3.5056
1.1725
1.5882
2.2437
0.1779
2.1594
1.8604
0.0
1.2193
1.0890
2.1083
1.9811
0.0
1.8950
1.8428
3.4059
3.2869
2.3580
1.7419
1.9581
2.8396
3.1021
0.0
1.0944
0.0
1.3067
1.8037
3.5864
2.5953
3.0571
0.4745
1.0242
1.3960
1.1683
1.0083
0.0634
2.0439
0.7838
0.8517
2.0104
3.4361
3.2821
0.8338
3.0480
0.0
0.9282
4.0171
2.0985
1.7349
2.0770
0.0
1.4040
0.2894
3.8073
0.1807
0.9845
2.9509
1.7676
1.7364
0.0
2.4625
0.2344
3.7300
1.7293
1.8782
1.5644
0.6286
0.9082
0.0
3.4388
1.5656
3.8357
0.4397
0.0
1.3431
1.8146
0.0
0.9195
2.6181
2.4503
1.3168
0.7016
0.4150
3.0246
3.9572
0.0224
0.0
0.0
3.5399
3.2586
1.3695
2.9704
1.1524
4.5120
1.9445
3.8892
3.7723
3.5255
4.8553
1.2167
2.4369
2.1500
5.0
0.8575
0.1039
3.8563
2.0377
1.5765
1.7616
2.5121
1.9422
1.6753
4.8432
0.0
3.0329
2.4306
0.2405
2.0851
2.1647
0.0
1.1827
0.0
0.0
1.9784
0.0
0.0
1.9043
2.3790
0.1080
1.3989
0.0
0.0
4.1347
2.9491
0.5502
1.1201
0.6072
1.9044
3.0281
0.2695
1.8439
2.0222
0.0
0.0233
1.1773
0.6420
2.0006
2.4343
1.1890
2.9990
0.0
2.4006
0.5881
0.2782
1.2885
0.5339
0.0
2.0724
0.0
2.0370
0.0
0.0
2.3672
1.1830
1.4655
1.1348
1.1750
0.0
0.4642
1.1182
1.8715
0.5832
1.4169
0.4028
2.8369
0.9199
1.2840
1.6218
2.6375
0.2009
3.4397
0.8332
0.0
2.1370
0.0
0.0
0.0
2.4508
2.9335
0.0
3.6471
0.3599
2.7326
2.3416
4.2890
2.2837
0.1621
0.2663
2.2362
0.0
2.4830
3.6464
1.5598
1.2891
2.7406
2.3257
4.0521
0.2564
1.4878
0.0
3.8812
0.5329
2.2818
1.2947
1.5722
1.6691
0.0
1.4550
3.1048
1.3850
0.0
0.8421
1.9351
1.0634
0.0
1.2985
1.8913
0.0
2.0137
3.2555
5.0
1.7925
3.2306
2.4135
1.5532
1.1005
0.7107
0.0
2.9225
0.0
1.3328
4.0223
1.4998
0.0
1.1969
0.0
0.7940
3.9558
2.1936
2.1284
2.1135
2.2514
1.1494
2.0744
0.3128
0.0
0.0
0.6513
0.0
2.4211
0.7457
2.1504
1.4199
2.8135
2.0460
2.0543
3.2622
0.2266
0.0
1.2208
0.0
1.8735
0.0
0.0
4.0291
0.1996
0.5078
2.1280
0.0
1.4268
0.0
0.0766
0.3733
0.0
0.0
1.2673
0.7374
0.3288
0.0
2.0901
1.6904
1.1394
1.9130
1.4801
1.0318
4.5947
2.2461
4.1608
0.0
2.9795
1.0645
2.5108
4.0524
2.8063
2.8358
1.5363
0.1473
0.0
0.8625
1.0431
0.0
0.5912
0.0
0.9586
3.5539
1.3449
0.0
1.1358
2.1030
2.0474
0.0
0.0
3.7527
1.9748
2.2772
2.0854
1.1785
0.0
2.8282
0.0
0.6616
2.5713
2.8026
1.2905
1.0831
0.8453
0.0963
0.9146
4.0850
1.9866
1.9759
0.1362
0.0
2.1631
1.1616
1.0820
2.1295
0.1951
2.3207
0.0
1.1191
0.7055
4.0043
1.6938
2.8971
2.7796
1.8240
0.7992
2.8139
1.3049
0.0
4.5376
0.0
2.3736
0.8992
1.0548
3.3590
1.4954
1.2768
2.7123
0.0
1.6886
1.6423
1.6168
0.0
0.4000
1.6560
2.8715
1.6630
0.0
0.0
0.0047
0.0
1.6381
0.3171
0.6422
1.8914
0.5844
3.8220
2.0039
2.6673
3.0264
3.4277
2.1618
1.3765
1.1240
1.3986
1.5473
1.9188
2.1303
4.6962
1.4597
1.2834
1.3053
0.9723
3.1380
2.3535
1.2245
0.6775
1.7674
1.7196
3.0572
4.3514
2.5905
0.0
1.3439
3.0310
0.8132
0.9688
2.1060
0.3334
0.7582
0.5606
1.2924
0.8050
4.0246
2.0657
1.1453
0.6671
4.7571
4.0947
1.1624
1.0173
1.7665
1.6746
3.2224
1.4457
1.2990
2.3104
1.8472
0.9329
1.2650
2.1282
0.9031
1.9491
0.5962
2.6297
0.1974
3.4819
2.2555
1.9223
1.0990
0.0
0.6914
3.8783
0.4667
0.0
0.0708
0.6107
0.9813
3.5079
3.9601
2.3733
0.7961
1.3345
2.0665
2.9130
2.3542
3.6854
0.0
1.2675
1.1236
0.0
0.0
1.1828
1.8151
2.3454
0.7730
1.3750
0.0
0.0
1.5314
0.0
0.1508
0.0
0.8269
0.9012
3.5938
3.5942
2.5255
3.4317
0.0
2.0731
0.8014
0.7193
2.6502
1.6902
2.3171
2.3643
2.5342
0.0
0.7864
0.6447
4.4536
0.0
0.0
1.9096
0.4094
0.3349
1.9217
0.0
2.4158
2.3591
2.3858
2.3557
2.7478
3.4897
1.0480
0.7246
2.0286
0.0
2.1594
1.8092
0.9950
1.7551
2.7675
2.8630
0.0
0.6364
1.0222
2.9202
3.0117
1.4243
2.5925
2.4210
3.3747
0.1905
1.6246
1.8248
1.9078
0.7928
0.5475
1.6071
0.2553
0.7039
0.0
2.8650
1.6180
0.0
0.9746
2.4166
2.0729
1.4110
1.5276
3.9519
0.7789
1.3969
2.2393
0.0
0.9309
3.8364
1.2010
0.0
0.2359
0.0
0.6001
0.5865
0.9086
0.6077
1.9874
1.6520
0.9599
1.7190
0.0
1.1547
0.4519
1.1911
1.4990
2.4147
2.8726
0.9387
1.9931
1.2114
1.3671
0.0
0.0249
0.0
0.4564
2.5402
5.0
3.9118
0.0409
1.3068
3.9689
2.3103
1.6147
0.0
4.4875
3.9650
2.4258
0.0
2.9448
1.7652
2.8253
1.4145
1.1736
0.0
1.2417
2.7936
0.0
0.0
2.8364
1.1939
0.9681
1.8807
0.8666
2.9072
1.8618
1.1814
0.9584
2.7313
1.4422
0.0
4.4530
0.8935
2.6460
0.9831
1.5016
1.0798
0.0
1.5888
1.2759
2.0185
0.0
2.0567
0.0
0.7612
2.3866
2.2362
0.6471
3.2604
1.0271
0.5899
2.9514
0.4115
2.1815
0.0
0.0
1.8624
2.4902
0.6572
1.7189
0.4399
1.0584
0.9505
0.0
1.8326
0.0
2.6197
1.0819
1.0056
1.9177
0.0
2.1661
0.0
0.4225
1.6330
1.2558
0.0
3.6443
1.1623
0.0861
1.3020
0.0
1.0644
0.5551
1.1861
1.8573
1.6299
2.4495
1.4356
2.7277
0.0
0.6771
0.5162
0.2682
0.7292
0.0
1.6107
0.0
3.7186
0.9846
1.7867
5.0
0.0
0.4062
0.8885
2.6775
0.8133
1.4853
2.4962
1.8731
0.0
2.2935
3.5235
2.5129
4.6015
2.1432
2.6623
3.1128
4.4251
0.0
1.3834
2.4308
2.5750
2.3205
0.0
1.5165
1.3565
0.3043
0.0
2.7588
2.7776
0.6973
0.8168
2.0618
1.6146
1.7098
3.7549
0.0
2.2884
0.0
0.5484
0.1487
3.2807
1.5496
0.0
0.7512
0.0
1.6309
3.8660
2.8318
1.4234
1.2520
0.9164
0.6327
0.9040
3.7399
3.7825
1.4810
1.0227
0.0
0.0
0.0
1.0263
0.0
2.0390
1.1506
1.1747
2.7360
2.9893
2.7076
1.5910
0.0140
1.2207
0.0
1.0075
0.0059
1.1435
0.1483
1.8684
0.7059
2.4369
0.7418
3.2209
0.8292
1.8516
3.5510
4.1542
1.1493
2.4595
0.0
0.0
0.0
2.9448
0.0
0.7867
0.0
4.5226
3.4482
0.6978
0.0
3.3088
0.8207
1.5165
0.2875
2.2687
4.2313
4.3656
2.9194
2.5955
2.7592
2.4073
2.0916
0.0
5.0
1.9243
1.2932
0.2264
1.6022
1.7042
3.0547
0.6060
2.6316
3.8243
1.7027
0.1314
2.1524
1.1333
0.1624
1.1467
0.0
0.0407
0.3674
2.6528
1.3687
0.0
0.0
1.2258
2.4855
0.4603
1.7657
0.0
4.2343
2.4662
1.7108
1.9423
0.7355
0.0987
0.9043
3.4128
0.0
1.1769
2.3178
2.2298
0.4430
1.5286
0.0
4.7663
1.1548
1.6811
0.0
2.9948
0.0
2.9383
1.6769
0.4804
2.7182
2.4654
0.0
0.6104
1.0253
1.5258
0.8899
0.5378
0.9721
2.7763
1.5690
1.6417
0.8507
1.0289
1.7644
0.9511
0.8498
1.5401
1.5881
2.4213
2.6437
0.3504
0.2922
1.4458
1.4971
0.0
0.9064
2.2606
0.9494
0.3291
1.1610
2.3962
1.5934
2.9047
2.4700
0.7948
3.2295
0.9229
2.2577
0.3217
0.9904
0.0573
1.5529
2.1289
2.8373
0.6854
2.1755
0.6408
3.7015
0.0
1.3377
2.8251
2.2129
3.4104
1.7534
0.0
0.8895
4.1634
2.5750
3.5540
0.2936
0.9309
1.2691
2.6774
3.6446
1.2098
2.7007
2.7372
1.3492
1.7390
2.3983
0.0
3.0236
0.4142
1.7134
1.6402
0.5121
3.1754
2.8510
0.7068
1.3764
1.0011
0.0
1.6110
0.9836
0.8947
0.7131
1.4788
1.0135
0.5993
3.3379
0.9893
0.0278
2.6726
1.1449
0.0
2.0978
0.0
1.1171
2.0789
2.4669
0.8018
0.1312
0.0
0.7522
0.0
0.6917
2.0468
2.8434
2.2894
2.1729
1.2459
0.3833
1.7625
1.1352
1.4416
2.0404
2.1966
0.3773
1.5300
2.9936
3.1184
1.4423
0.2395
0.3556
3.5847
0.1682
2.5868
0.6648
2.7127
4.8537
2.6834
3.7161
2.8379
3.0609
3.3209
3.6898
1.2519
0.9354
1.4409
2.1577
0.1916
0.7320
2.2491
2.6105
0.8413
2.5089
3.0568
1.9460
1.7799
0.1988
0.8521
2.5571
3.1192
0.1947
1.6701
1.8972
0.0688
3.4254
1.9044
1.7792
1.7931
0.2845
1.1915
0.0
0.0
0.0
3.1877
0.0
1.2858
1.3791
0.9542
1.5089
2.0725
1.6092
1.8883
0.8850
3.0244
0.1578
2.9596
0.7285
1.3178
1.0529
3.1364
3.2331
1.2349
2.1327
0.7562
0.1303
0.5150
0.0
2.5771
1.2737
0.0
0.5252
3.2207
2.6151
1.0896
1.6986
0.0
0.0
2.1559
0.0
0.0
2.0667
1.8496
0.6757
0.6378
0.5491
3.5101
2.3275
0.0
0.0
1.1334
4.6061
1.5422
1.7739
2.9539
0.3629
4.3451
0.0
0.4109
1.4956
1.2888
0.2900
0.5555
0.0
0.4791
2.4540
3.2891
2.0633
2.4992
3.7133
0.8559
4.0958
0.6184
3.6905
0.0
0.6433
0.0
0.2517
0.1233
2.5371
0.0
1.1741
0.0
2.4289
3.4693
0.0
3.8880
4.9009
0.7104
1.7417
3.8632
0.0
1.1068
1.8419
0.0
2.0200
0.0
1.0182
0.0
0.4804
3.0946
2.8491
0.7495
1.4515
0.6110
1.6123
3.0895
0.3841
0.4695
2.1965
0.0
1.7299
1.1442
0.0
2.1529
1.7837
0.5758
0.0
0.0
0.0
0.8577
1.7614
2.0558
1.0266
1.1631
1.6321
1.4160
0.6316
1.4427
0.0
1.6441
0.0
0.3573
2.3980
2.4087
0.7875
0.0
1.1571
0.8081
2.1906
1.5488
3.8678
0.2381
0.0
0.4161
2.5250
0.0
1.4568
0.0
2.6047
2.3880
2.1781
0.0
1.8197
0.9227
0.6666
0.0
2.6736
0.0
1.5770
1.6432
0.1169
1.4145
0.0
2.4621
0.7967
0.9080
0.9294
2.7020
2.9258
2.8273
1.9012
1.3163
3.0476
0.2240
2.5240
1.6093
2.8234
2.6223
0.0
4.3821
0.7984
0.0
1.5248
3.3810
0.0
3.0973
3.1887
3.9476
1.3550
1.0318
2.5413
2.6339
1.8146
3.6408
2.7819
1.6758
2.5025
0.2390
2.4505
2.7941
0.0
2.5881
0.3743
2.0670
0.8244
1.9042
2.8996
0.3619
0.0
1.7310
0.0
1.1350
0.5493
1.1340
1.8408
2.3369
0.0
2.2176
0.0
1.7471
0.0
0.0
0.9955
0.0
0.8939
1.0375
0.0
1.3009
0.0
0.1835
0.4926
1.0508
1.5713
1.1468
2.7854
0.8369
1.4114
1.2771
0.0
2.0212
2.1003
0.2724
1.6704
3.8925
0.0
3.0703
0.9295
1.3588
0.7368
0.0
1.6247
2.2832
2.7880
1.7815
1.1531
3.9769
1.0331
0.0
4.5027
0.0385
0.4739
1.2317
0.8145
0.7016
3.8497
2.1538
1.1440
4.1167
3.3277
2.7796
1.8158
1.9904
3.7097
4.0528
2.1179
2.5836
2.1523
0.7987
2.9514
1.6959
1.1513
4.6898
2.8327
1.4150
1.6192
3.7294
0.3089
4.3901
0.6454
1.5330
1.1775
0.0939
1.5473
2.3915
1.0597
2.5819
0.0
0.5637
3.7531
2.8777
1.1219
3.3020
2.9987
0.0
2.5082
1.9220
1.9436
1.0351
0.2252
2.1423
2.6730
0.8678
2.8775
4.6331
0.4174
1.0659
0.2964
0.6459
0.3889
1.2628
0.9658
3.9705
3.3918
0.0
2.5839
0.7604
1.1784
4.6310
1.1009
1.5972
1.6978
2.6025
0.2705
1.6766
0.6799
0.9393
2.9376
2.6116
0.2190
0.4850
1.9673
1.6630
4.6415
0.0
0.9953
2.4299
2.2083
2.7345
0.8082
1.7864
0.0
0.0271
1.8184
1.7331
1.2348
0.4480
2.2045
2.0485
2.3769
4.8887
1.5735
1.0607
1.0653
1.2568
2.2389
2.4282
1.6353
3.2412
2.3046
3.0623
2.8368
2.9459
2.9548
0.3827
2.6477
0.8034
1.9035
2.4057
1.6035
0.3134
5.0
2.4884
1.5683
1.2760
0.5642
0.3407
1.2741
0.0
2.4584
2.1081
2.8865
0.4759
0.3766
3.0958
1.5912
0.7876
0.0100
3.2439
0.9358
2.8647
1.2406
0.1222
0.0
2.3384
0.4271
2.8190
1.2517
0.6942
0.0714
1.4184
0.0
0.3377
0.0
0.0
4.3094
2.5987
0.0
2.5480
1.7162
3.9905
0.1335
2.7953
2.8698
1.2979
0.0
2.3017
1.5734
0.0
1.0743
2.7153
0.0
0.6960
0.0129
0.0
0.5059
3.2214
0.9453
0.0
0.2215
1.3036
2.5994
1.6958
1.1894
1.8495
0.0
0.0
0.3006
2.2337
0.8419
0.7878
2.2073
0.0662
0.0
0.7516
1.6223
0.0
4.1957
4.4290
2.8352
0.2959
0.1541
1.7058
0.4979
1.5956
0.7053
1.1577
0.9652
2.7352
2.0201
0.1408
2.5871
2.7731
2.0279
1.8300
0.2988
1.9720
2.7745
0.8317
1.1743
0.0
1.9919
1.4602
1.1438
2.8058
0.0
2.1776
0.9795
0.0390
0.6141
0.3058
0.0
0.0
1.4151
1.2046
2.2731
1.5004
1.7960
0.0
3.8656
1.4150
0.0
0.0
3.7004
2.4123
1.8829
1.6862
3.7945
2.2781
0.3804
1.4384
0.0
1.7634
1.2351
0.2642
0.0
2.1918
1.4769
0.0
1.7507
0.0
0.0
0.7964
0.5516
1.5081
2.7057
0.0
0.1466
1.1054
0.0
2.6233
0.0
3.5751
1.2002
0.7453
1.4048
0.6858
2.6160
1.7388
0.9106
0.2379
2.3039
0.1764
0.2155
1.1847
0.0
1.6203
0.6062
0.4874
2.4527
0.3387
1.5290
0.7830
0.0
1.5656
0.5905
2.1118
4.5202
2.0029
1.9848
3.5879
1.0031
0.0
5.0
1.6516
3.7165
0.1523
2.9015
0.6584
5.0
4.1001
1.7461
2.6238
1.9511
4.2525
4.0157
2.4906
3.1821
2.2670
1.7483
3.4154
5.0
1.3433
2.6185
2.6168
4.3114
4.2513
4.1058
3.4037
4.6573
0.3471
4.1978
0.4053
3.0668
1.2635
3.3352
5.0
4.9090
1.5708
2.0367
3.9669
0.2839
4.9534
0.1123
1.5981
2.1938
3.0534
2.6899
3.7101
2.8794
3.1306
3.4876
4.3787
4.8086
4.9739
4.5273
2.7439
2.8270
1.2319
4.3439
0.0
1.1363
2.6423
3.2317
0.5778
2.0474
1.3579
1.1303
1.3468
1.7213
3.1757
0.0
4.0575
4.2159
5.0
4.1627
5.0
3.0502
0.0
3.1076
1.8670
3.6252
3.8536
5.0
4.9017
3.3535
3.7025
2.8798
2.1068
3.8164
3.9177
1.9999
0.0
2.9656
0.4862
4.1816
0.7727
2.3668
2.6227
2.8519
3.6164
0.8852
1.2676
0.0
4.1524
2.4196
3.7378
4.0150
2.2641
2.8641
3.5534
2.2844
0.1809
2.2739
3.9028
0.1162
4.5761
1.8563
3.3665
4.8763
2.6315
2.1837
3.6781
3.5632
2.5969
3.3030
3.4543
3.3877
1.5493
1.8815
3.2651
3.2026
2.8796
3.8365
3.7221
3.1747
0.9030
3.6310
0.0
2.3663
0.3282
2.7837
3.6688
3.9185
1.1798
3.6340
2.4008
1.9525
3.6887
0.9122
0.7544
2.5887
0.6959
3.7208
2.1461
4.1305
0.0
3.8449
4.3586
3.1671
5.0
0.5310
3.1765
3.7584
4.1784
0.1792
3.7304
2.0307
4.1626
3.8061
5.0
0.9219
1.1312
3.7765
2.1311
2.4884
1.9803
5.0
1.8294
2.3924
3.7908
3.0835
0.9832
4.5307
1.1877
0.8989
2.7426
3.6950
4.4276
0.7636
4.8638
1.0309
3.3795
1.8740
2.1704
3.6463
3.6731
3.8097
3.5238
2.2401
2.5239
0.8081
0.4820
3.1121
3.5290
2.8233
2.3710
2.9511
3.8457
2.5362
1.9409
2.1914
3.1757
4.5558
3.4478
0.9532
3.8689
3.3004
0.7672
2.3741
1.6407
3.8983
3.5542
4.1647
2.9954
3.3894
4.2776
3.8320
5.0
3.1144
4.0132
4.7942
0.0
4.9847
0.0
3.8475
2.5559
2.3255
3.3515
3.1036
3.3397
2.8560
1.9603
3.2976
2.4394
4.2913
4.8633
3.4825
2.1596
3.4556
3.7394
3.3743
3.5587
1.6543
3.5945
3.7209
5.0
1.6413
4.1104
2.3316
1.9248
3.2085
2.2982
2.5256
4.9939
1.5173
2.8959
0.0
2.2376
1.7578
4.5492
0.0
4.1942
5.0
5.0
0.5681
3.1726
1.9473
1.8885
0.9487
2.5457
5.0
5.0
2.3048
2.4408
1.7212
5.0
1.6600
3.6932
2.7131
2.4208
1.8530
3.6137
0.0
4.5241
2.3295
3.6438
3.9164
4.8573
2.7969
5.0
3.3106
3.7971
4.9752
1.5779
0.9626
4.9170
0.0
4.2672
5.0
3.3607
0.0
2.9818
2.5890
4.3135
0.0
0.0
3.8249
5.0
2.7828
2.2072
3.7089
1.8740
2.1406
3.5887
3.7806
0.9590
4.8782
5.0
4.6950
3.0257
1.2891
5.0
4.3736
3.1133
2.6505
3.7244
1.1028
3.9879
4.1604
0.3982
3.7706
5.0
0.0
2.2785
5.0
4.5809
5.0
2.8174
1.0422
5.0
0.5139
5.0
4.0382
3.1142
4.1878
0.9797
0.0
4.9388
0.2042
2.7372
4.7418
0.8071
4.7665
2.8779
0.0
2.9476
3.1721
2.4764
5.0
3.4510
4.6698
4.4108
3.4715
3.4140
0.0
1.2268
3.0529
3.6282
4.3224
3.1735
2.8130
0.8065
4.1384
2.3735
3.8971
4.4347
2.6625
0.8648
4.8881
2.6479
4.1377
4.2599
0.0
4.5395
3.4625
3.5781
2.7083
0.0552
4.6679
1.7828
5.0
2.2932
4.0062
1.0644
4.6204
4.5178
3.6245
2.1284
3.3855
3.7375
3.4617
1.2243
1.1647
0.9787
0.7437
5.0
0.0
2.2028
3.2110
4.3228
1.9470
2.0271
4.8418
1.3203
1.2672
4.8006
4.5383
3.7140
3.6054
4.9139
5.0
0.8452
3.4245
3.5989
3.2820
3.7167
0.1177
1.5782
3.4747
3.7628
3.4569
1.6148
3.1510
1.2258
2.0550
2.6861
5.0
1.5306
1.5451
2.6757
1.7340
4.9365
3.5738
0.0
0.5859
2.4935
3.7288
1.7322
2.1439
5.0
3.0043
0.0
1.4239
2.6801
2.6646
1.3066
3.1673
4.5655
2.5469
5.0
3.2361
2.9449
2.4992
0.1039
1.7880
2.8281
0.1255
3.3676
1.8288
0.8671
3.8060
0.0
1.2603
0.0
4.5467
3.3002
2.6764
3.8465
0.9623
3.3058
2.5788
1.8292
3.2729
3.5159
2.0629
4.8914
5.0
2.4871
2.7043
3.7399
3.0643
0.6352
0.6841
2.5521
0.9643
3.5810
0.0
3.7443
2.6937
0.3373
3.0881
3.0019
4.1716
0.0
2.7488
5.0
0.6340
3.0147
4.9493
5.0
4.9541
5.0
2.4307
3.4309
2.3354
0.8596
1.7331
3.0468
0.3435
3.7227
2.2583
2.0950
1.5848
3.9073
2.5614
4.3523
2.8385
0.0958
3.1687
2.4086
2.8012
2.2849
3.6739
4.2360
4.4939
4.6103
3.0896
3.9068
2.1056
4.1617
4.9929
0.0
5.0
4.5500
3.5476
2.9354
0.6388
4.3727
2.6107
1.6881
3.5850
2.9131
5.0
0.6043
4.1245
3.1964
4.8722
1.6938
1.7326
2.3904
3.5477
2.2543
1.7430
2.9885
3.0144
3.1340
5.0
3.2342
2.8830
4.2211
2.5074
4.5252
4.6689
2.5305
2.8283
2.2200
3.8327
2.1958
4.5590
1.1725
2.8737
5.0
0.9069
2.6162
2.1184
0.3694
2.5883
3.0256
3.6397
1.1690
3.4760
2.0940
2.3894
5.0
4.7211
0.0
1.2906
1.1026
3.2724
0.8850
4.2596
2.7964
0.4560
2.8086
1.8589
1.0711
2.1696
4.0862
3.3766
3.5855
2.0455
1.2714
2.4793
0.0
1.3699
3.6455
0.9105
4.0847
3.5414
5.0
2.1388
0.0
2.6461
1.5349
4.8544
2.3647
4.8834
3.5836
4.8305
1.4138
2.6709
1.6271
3.3638
3.4428
0.0026
2.4993
1.8582
4.7565
5.0
3.1614
0.0
3.0698
2.5611
0.0
3.7765
2.6584
0.7228
0.0
3.4753
4.0983
4.2434
3.1457
3.9368
2.9603
3.6434
3.5746
0.8053
3.8625
4.8379
4.0537
3.4232
5.0
0.4879
2.0964
1.1340
5.0
4.0511
4.7075
4.0696
2.5783
0.3937
1.3960
3.2670
4.4536
1.2217
0.7813
4.0506
3.2135
3.1388
3.0412
1.8232
2.9050
0.7974
0.0
5.0
4.2835
2.8437
0.5707
3.7458
1.4228
4.1052
4.1198
3.1345
5.0
2.7794
3.4272
3.3710
2.1525
0.0
0.0
1.5517
3.5232
2.7447
5.0
3.5224
3.8551
2.4808
0.4185
3.5566
2.1489
1.5312
1.1840
0.0
4.2987
0.5914
3.2417
4.2172
5.0
2.3542
4.3603
4.7921
3.1962
3.1088
3.3879
4.1199
4.4042
3.5488
3.4455
3.9470
4.9650
5.0
2.5994
1.2083
3.8472
3.5606
0.0994
1.6940
2.9399
4.3637
3.4589
1.1665
1.3280
2.0070
0.7180
4.0751
2.4294
2.4303
2.3415
0.1864
0.3392
3.2943
0.9436
0.8014
0.0
1.7079
1.8115
5.0
5.0
4.2889
5.0
3.0172
3.9642
3.9284
3.8116
1.5346
1.0722
3.2248
3.1221
5.0
4.5914
2.0282
3.3296
4.5181
1.4121
1.6212
2.2846
2.1257
2.9425
3.3410
2.0890
5.0
4.5777
4.4712
2.6192
2.6929
2.8492
0.0
3.6491
5.0
1.8986
0.3153
1.8831
4.7487
1.7052
3.6325
1.2573
3.4411
2.7834
1.8632
2.0892
2.8987
1.1914
0.0
2.4585
3.1600
3.6791
3.8195
1.6047
1.3018
1.9956
5.0
2.1173
0.9093
0.0
1.7563
1.7693
2.0180
1.5313
0.2417
3.7488
5.0
3.5080
0.0
2.0817
3.5184
2.7769
2.6012
2.9455
4.7016
2.9415
4.8397
3.3863
3.0262
4.3225
3.3704
1.0981
4.4389
2.4663
1.2928
0.7638
1.0188
3.2152
3.9707
1.1681
2.2450
3.3195
2.4441
0.0
4.9143
4.5391
2.9802
0.0
3.0940
2.4086
2.4399
2.6184
2.4196
3.5599
0.0
2.1985
3.5925
1.0207
3.7472
2.9388
4.0999
3.0091
4.9252
3.1954
4.2126
3.5960
1.2720
3.8404
3.1892
1.5526
3.0090
2.6849
0.8404
0.5637
2.7521
0.2452
2.7987
2.7262
4.2806
4.4446
1.3508
3.2773
2.7764
0.1483
2.6894
0.0
4.8490
4.1499
2.8049
3.3995
3.7405
0.0
0.1418
1.0520
4.4545
3.7550
3.9416
3.6128
2.0463
1.9708
3.7658
1.1533
3.5740
5.0
0.7662
3.3437
3.7675
2.7304
5.0
3.8225
4.1356
3.1207
5.0
2.9336
3.2679
3.0042
5.0
1.3409
2.4102
2.8327
1.8992
1.1440
2.8087
4.0861
4.7218
3.1481
3.3816
3.5679
1.0481
2.6136
2.8797
0.1321
0.8259
3.0965
0.0
2.6304
4.4807
2.2772
5.0
3.7172
3.9083
1.4611
3.4505
3.1733
2.0550
2.7089
3.4725
3.7234
2.8825
0.0
1.4018
2.8040
2.9259
4.3992
2.2496
4.6083
3.3534
4.9601
3.0837
1.1486
3.6834
5.0
5.0
5.0
3.4211
0.0
2.9607
3.7857
3.5913
3.7746
2.8660
1.9979
0.4831
3.8304
1.6049
1.1242
4.7091
0.2793
2.3371
4.2342
3.8041
2.6315
2.0755
4.7968
2.4656
0.8738
0.0094
3.7214
4.4475
0.8201
0.0
3.4286
5.0
1.4173
1.6204
0.1692
2.8402
1.0321
3.1930
4.0228
2.0210
2.8536
3.1009
4.8630
4.6370
2.8153
3.4040
2.2926
3.3646
2.4178
4.1691
3.0223
4.1521
4.3293
0.0
4.1936
1.3052
0.8383
1.7683
1.6522
0.5580
5.0
3.1221
2.2435
3.6109
3.4574
0.8690
3.1692
2.7925
1.8726
2.9949
3.9159
5.0
3.5315
3.4968
1.7571
4.5823
0.9005
0.0
4.5735
1.6238
2.5731
2.3740
3.6299
3.1018
0.7310
3.4384
3.0326
2.3928
4.2076
1.6908
3.9871
2.2885
1.9941
0.6609
3.1917
0.0
4.0860
4.0046
4.3113
3.4028
3.6711
3.9292
3.4342
4.2220
4.0764
1.9770
1.5715
4.1248
2.6357
4.5210
5.0
1.9595
1.8891
4.8517
3.7245
1.8071
2.9164
3.7341
3.9338
2.3432
1.8770
2.6595
1.7650
2.6883
4.9864
2.5361
3.1860
2.8067
0.5306
0.0
4.5265
3.6044
3.1725
3.2656
2.9695
3.5314
3.2131
2.4481
3.1923
3.9099
3.8044
3.8195
0.0
2.7409
5.0
3.7961
4.3292
0.4161
3.6096
2.2540
4.2850
4.0130
1.6707
2.1538
1.5000
2.9878
2.6326
2.0162
3.4654
0.9492
2.9167
2.4244
3.8657
3.8072
2.9381
2.0938
2.1143
3.5795
1.7790
1.3297
2.3579
1.8318
1.0449
4.6166
0.1568
0.4075
2.8383
2.7445
0.0
4.6167
0.3585
2.9683
5.0
2.2600
5.0
1.1558
3.6886
1.9776
1.1056
3.5214
2.7975
1.8649
5.0
1.9302
4.0307
3.1137
1.3278
4.2860
3.3274
2.9743
1.2909
3.4102
0.0
3.0843
5.0
2.3239
3.3728
2.3258
4.1331
1.2688
2.0895
1.8149
2.1381
4.9411
3.3343
4.6972
3.4625
4.3785
3.9359
0.2607
3.9945
4.0171
2.0239
0.0
2.1229
0.3913
3.9926
1.2345
3.7674
2.7968
4.1378
2.3088
2.8454
2.4018
1.4901
2.1939
1.4949
2.7840
3.7726
3.2476
1.0498
1.4195
4.8951
3.9536
1.5144
3.0463
3.1128
3.2566
2.5719
2.5482
0.6608
1.6550
2.0951
4.5526
2.5719
2.8174
3.9461
1.0826
4.2551
5.0
2.8317
5.0
4.1736
5.0
2.9891
0.0
2.5619
4.3062
1.7858
3.0414
3.7805
1.1715
1.9973
1.6070
5.0
2.9804
1.5693
0.9387
2.7928
2.9109
2.3622
4.0206
3.5500
4.5016
5.0
2.0778
1.9582
5.0
3.2651
4.3047
1.2824
0.0
0.8229
3.1613
3.2766
0.0
0.0
1.5778
3.6808
2.7739
0.0
1.8149
2.5074
3.7756
0.0
3.0695
3.4905
0.5265
0.4388
5.0
4.1264
0.7174
0.2847
4.4537
0.0
4.5855
3.7040
3.0328
3.5772
4.1769
4.6269
5.0
0.3391
4.4729
2.5182
2.0961
2.6800
1.8607
4.6497
3.7173
3.6701
4.6220
1.6446
3.3050
5.0
1.2626
0.7335
1.9581
1.3943
2.7189
0.0
2.3225
2.3070
4.7888
5.0
3.3110
4.6019
5.0
3.3471
3.6593
2.1919
4.8089
1.2346
3.7274
0.3624
3.2369
2.5154
3.7071
3.2498
2.0259
0.7407
4.0484
3.3524
0.2870
1.7591
4.9815
2.1071
2.1175
0.7546
0.0
2.5928
0.6357
1.2893
5.0
3.1121
1.9094
0.2967
0.0
5.0
2.4638
1.3859
2.4716
2.4598
3.9839
0.0
3.6461
1.3816
1.3839
0.0
2.3469
1.6730
3.2886
3.3931
3.5806
1.6630
3.8032
4.9149
0.7844
2.8965
4.6348
1.3073
3.6626
2.8706
1.2286
3.7041
2.9588
2.8129
4.0825
2.3037
2.6933
1.4093
0.9187
4.0237
1.3699
4.0938
2.0551
0.1923
0.9968
5.0
3.0309
4.3025
0.0
4.7856
0.6678
2.0626
1.2538
1.9282
4.0291
3.7937
5.0
1.3484
3.8812
3.7303
4.4028
4.8597
2.1216
1.7721
5.0
3.3113
3.7040
3.8316
3.9914
2.6697
3.4624
1.4910
3.8156
2.7874
5.0
1.8784
2.2116
1.6610
4.0091
1.4624
2.3760
3.1744
3.1451
1.2640
4.2386
3.5536
1.4115
2.5375
4.8809
1.9119
1.8410
3.6281
0.4758
0.4815
0.4749
2.6202
3.8997
2.9827
5.0
2.9914
2.6922
3.3370
4.3343
4.6934
5.0
5.0
4.2490
3.2162
3.0503
2.2564
3.8969
4.5057
4.5200
3.2825
2.4631
1.6352
2.8746
1.7516
2.2212
3.9213
3.7683
2.8108
4.7095
2.8692
2.8597
4.4663
1.6239
3.1066
4.0695
3.5324
0.0
1.6944
5.0
5.0
3.6632
4.4938
5.0
1.1964
3.7950
2.2740
1.4073
3.0607
0.0
3.8397
0.5727
3.4967
4.0350
2.1081
3.5442
0.0
4.8015
3.8745
0.0
3.0803
5.0
2.1958
5.0
4.0992
0.9990
1.9953
1.2908
3.5652
4.4160
2.3413
2.8847
3.0806
2.4958
5.0
3.0621
2.9977
3.0576
0.0
1.4402
2.8833
3.2793
2.1070
0.7921
3.0153
3.4423
0.0
0.6506
3.7141
3.5646
3.2906
2.5704
2.7187
3.1841
0.0
2.3984
3.6624
3.5178
2.2975
3.0234
2.2039
2.7608
1.4432
2.9438
2.9977
3.4754
3.6194
3.2873
3.2582
4.5793
0.0010
1.3268
4.1169
2.8533
2.5455
3.2318
2.9310
3.4390
2.5403
3.4624
3.0777
2.2309
4.0176
4.9317
2.1976
3.2758
1.4192
2.9244
3.3739
3.3638
1.5603
3.1315
2.3405
3.4849
0.6113
2.1607
3.0896
0.7537
0.9663
3.6139
1.9542
3.8086
3.6186
1.3285
1.0389
3.8745
1.1715
3.0541
2.5822
1.0812
4.1868
3.8298
0.8303
3.2338
4.5085
2.6950
3.7503
3.2622
0.7925
2.0125
4.0418
0.7015
5.0
2.3405
0.2501
5.0
0.0
2.3990
1.5221
2.2867
1.5734
1.5226
2.0106
3.0626
3.0908
2.3470
0.3746
0.5029
3.7993
2.7245
0.0
2.7555
0.1177
1.5118
1.9370
3.0120
2.4864
2.4139
0.4324
3.5912
0.0
2.4361
1.3093
2.1742
1.0786
3.6142
1.7948
2.2051
3.7073
2.4724
0.2855
1.6108
0.0
2.1244
2.2537
2.3642
2.0769
3.9492
1.9418
2.8853
3.1888
3.3712
0.4137
2.6127
2.4396
2.9792
2.9437
3.2873
0.0
3.2081
1.1925
2.4074
0.8659
3.5751
3.2521
3.1844
4.6409
3.4067
2.4663
4.1030
1.7032
3.0089
0.0
1.8754
3.0999
0.5198
0.5211
2.2300
3.3609
3.0646
0.6177
3.7116
3.6023
3.1618
0.8615
2.7858
0.6230
0.0
0.0
2.9005
2.3964
2.3280
0.8601
3.1228
2.1026
3.0421
3.5879
1.7931
3.0335
3.1889
0.0
2.8837
0.7753
3.0613
3.1120
2.8240
2.5258
3.2262
2.7629
2.4247
3.1597
4.5223
3.3266
3.3259
4.3318
2.0353
1.4315
1.8429
0.8873
1.2480
1.0649
3.8380
0.5623
3.5294
3.2940
2.7651
2.8564
3.0412
0.7984
2.9416
2.5419
2.3251
0.0
3.4015
1.6530
2.8345
0.0173
2.1593
2.5846
3.0382
0.0
2.6067
0.0
2.8404
1.1857
2.8197
1.5279
2.9792
1.6759
3.0414
2.1561
3.6381
2.5636
3.2170
3.1453
3.3593
1.0332
0.9943
0.1059
2.8520
1.3385
0.0
3.7854
0.0932
2.0211
1.4042
2.2701
2.2428
5.0
1.4615
3.0010
2.9079
0.4535
3.5309
2.8252
1.2020
0.0396
3.3945
3.7893
0.0
0.0
0.9633
0.0
3.2613
3.3154
1.6467
1.1422
2.0879
0.0
3.2837
0.5414
0.9149
0.8919
3.3694
1.0085
0.0
0.3205
0.0
0.0
2.4478
0.1423
2.7706
1.1504
0.0325
1.6089
3.3784
0.7319
1.5341
3.3108
2.0560
1.4126
1.0526
0.9690
0.6110
0.5492
0.0
0.2266
1.1310
1.5804
1.1147
1.3519
0.0
2.4012
3.7639
2.0755
3.1514
5.0
4.5646
1.9479
2.6902
0.9453
0.0
1.2488
0.0
3.1821
2.3381
0.0
1.3000
0.0
1.6228
1.6685
2.1299
1.5986
1.1553
1.2593
3.0776
2.4818
2.8722
2.8192
0.0
0.0
3.5189
0.5455
1.5674
0.7483
0.0
1.9990
1.5589
0.2070
1.6315
3.9808
2.1384
2.8341
0.0
0.4145
2.5905
0.5769
1.3876
0.0
0.8510
2.6126
3.4466
0.9967
0.0
3.4171
2.4727
0.6230
2.0693
1.1180
1.3953
1.2321
5.0
1.2166
0.5586
1.8506
3.1021
1.5286
2.4461
3.8051
2.1590
0.1356
0.5554
0.0
2.4777
2.4252
5.0
0.0
1.0380
0.0
1.4228
2.4217
2.9222
1.8134
4.2673
1.5670
1.5716
4.8517
1.1466
3.6402
2.3489
0.9664
0.8704
0.3840
4.4155
2.1825
2.0438
0.0
0.0
0.8244
2.5292
2.1644
0.0
2.6712
2.7290
1.5545
1.3962
1.2539
0.0
1.5674
0.0
0.4292
1.1468
1.1565
1.8625
0.3573
4.5952
2.2568
0.5401
1.8074
2.7937
2.0588
1.5173
0.0
1.8887
0.9421
0.0
3.6744
1.2561
2.5035
0.0
0.0
1.8526
4.0845
2.4457
2.7913
1.5070
1.0614
0.0
0.9349
2.0328
0.9498
2.1289
1.4367
1.0831
0.0
2.1442
0.6676
0.9840
2.2347
1.7048
2.1727
0.6502
1.5869
1.9298
0.5202
0.0
2.1921
3.1425
0.7940
3.4811
2.7217
2.2236
0.9592
1.4947
0.7972
1.4769
1.7897
0.5787
0.5457
0.4393
1.9163
0.5677
1.8500
0.0
1.9972
2.6490
2.0772
3.5543
2.1927
0.0
0.0705
0.0
1.2475
3.6474
0.0
0.1331
4.0805
3.7025
0.9541
1.8559
2.9289
0.0
2.8510
3.2037
2.4295
1.7148
0.2997
1.0266
1.9771
0.0864
2.5290
2.8443
0.5957
1.1963
2.2852
1.3076
0.8109
3.1991
1.0178
0.0273
0.8808
0.0
0.0
0.3373
0.1507
2.8394
0.0
2.7590
1.6855
2.9947
4.5356
2.8468
2.1122
0.0
5.0
1.9548
0.1488
3.5333
1.3454
1.8529
1.6561
4.9058
1.7877
1.5123
1.6213
1.6915
1.3654
2.8991
0.0
1.4336
1.0294
2.2886
0.0
4.6453
4.5833
1.6459
2.2339
1.5246
2.7722
0.0
0.0
1.8391
4.0843
0.0
2.1976
2.4383
2.2761
0.0
0.6121
0.0
0.0
1.6549
0.5460
0.0
0.4856
0.0402
0.0
0.6373
1.2988
0.0
2.5542
2.4703
2.2838
2.5851
0.0
3.6386
0.9219
0.0
4.9831
0.5914
0.9013
3.9895
1.1014
0.0
0.3127
0.6519
0.3252
3.0390
1.0260
3.3639
2.6370
1.6373
1.2914
0.0
1.8597
0.9565
1.6555
0.8803
0.0
0.3521
0.2391
1.5533
0.0
1.7972
0.0
2.1147
0.2978
3.5994
2.1284
1.4434
0.7704
3.3114
0.0
2.3435
0.0
0.1302
0.2137
1.0386
0.5564
1.1096
1.0733
0.4168
1.0506
0.2316
2.5335
1.2017
2.5690
1.8953
1.5052
3.5496
0.6452
0.0
1.0702
2.1272
0.6515
1.3117
0.8501
2.2242
0.5935
0.5037
0.7190
0.5803
1.3517
0.1776
2.6393
0.0962
1.7813
0.9305
0.6762
4.1686
1.8902
1.6832
1.4881
1.6894
1.8459
0.0
0.4932
1.6373
2.6737
0.0
1.7802
1.7398
3.2714
1.1189
2.5385
0.0
1.9326
2.3101
0.7240
1.5891
2.6746
2.4101
3.1873
0.0
1.0630
0.7912
2.5205
3.3309
2.3697
2.5331
1.8047
0.6055
4.5694
3.9911
0.0
3.2729
1.4096
3.4363
1.2506
2.0016
3.2227
1.0203
5.0
0.0
3.0321
1.8249
0.4307
4.1703
0.7224
2.4811
1.4883
2.9621
4.5463
0.0
1.5099
0.6097
0.0
1.3905
0.9562
0.0
1.7264
0.0
3.4231
3.6181
0.2130
1.8155
3.9694
1.4960
0.6853
1.3573
3.9796
2.1485
2.0870
3.3559
2.2941
1.9571
0.0
1.0351
3.0344
2.1010
0.9690
1.7234
2.7127
1.1170
3.5986
4.7328
3.0528
0.1086
2.5445
3.1394
0.3360
1.7266
0.0
0.2781
0.1924
0.7778
2.3633
0.0
4.4557
1.1034
2.9821
0.0
1.8594
2.4418
2.9810
3.7113
0.1034
0.0
0.0229
3.8387
1.4379
2.2756
0.8646
2.4287
1.7860
2.6985
0.2606
2.6301
2.2484
0.0
1.6674
0.0
0.0
0.4592
2.2189
0.4610
1.1047
3.0446
1.6300
1.8577
3.1169
2.0471
0.0
2.2601
1.2488
3.6775
2.8365
1.6677
0.5891
0.0
0.0
3.5774
1.1475
0.0
0.0
1.1353
1.5530
0.9035
3.1597
0.2480
1.5594
0.2161
1.0697
1.8210
4.1560
1.7080
2.0117
0.8670
2.2683
0.0
0.9475
2.4028
1.8710
1.0603
0.6887
1.9249
0.0
0.3016
3.0972
3.1808
0.2958
0.6419
3.7124
0.0
4.7925
1.3066
3.9755
0.7331
0.0
0.0150
0.8860
0.2561
1.9081
0.7743
0.8370
4.5989
4.2872
2.8633
2.8381
3.0789
0.8057
2.5939
0.4884
3.0536
0.6519
1.0454
0.0
2.4964
3.6072
0.7435
0.4343
2.3914
0.7294
0.0
2.8973
0.0
2.1293
2.4732
1.8001
0.0
0.1390
1.5431
1.1334
1.4518
1.8408
2.2592
0.9026
1.0657
4.2192
0.0
4.3542
0.3911
0.0
1.6681
1.0212
5.0
2.9378
1.7521
0.0
1.2132
0.2399
3.1316
3.3126
1.1409
3.6180
2.9981
1.0242
0.0
1.6678
1.2705
1.5883
3.5489
0.4750
0.3951
1.4661
1.6586
2.4237
3.1662
1.9541
2.3362
0.8770
2.9904
2.4137
2.6456
1.6902
2.5662
2.7088
2.7972
0.9812
0.9675
2.1153
2.9035
1.1019
0.0
0.0
0.2467
1.2655
1.2656
1.3077
2.4308
2.9240
0.6238
0.1854
2.4345
0.8725
3.4408
1.2183
0.9796
0.6477
1.4210
2.6787
2.8064
1.1844
2.9365
1.9570
1.5669
0.0
1.3049
1.4549
1.9168
1.5050
0.0
2.3957
1.4149
0.3993
3.1551
4.6945
4.9101
2.1547
0.9116
0.4663
0.9376
2.1993
2.6113
1.6334
0.0
2.2165
1.5578
0.7592
0.7011
2.8707
1.5676
2.6654
0.0
1.4850
2.3089
1.8884
1.5634
1.8281
0.0
0.0
3.8084
1.8397
1.8211
0.1926
1.5456
0.7627
0.4929
3.0530
3.0991
3.0352
3.2949
0.9449
1.5876
3.8866
0.6794
0.0
4.7476
1.0460
0.0
2.6893
0.4431
0.2532
0.7681
1.1220
1.4327
0.3296
1.1468
1.3245
0.9630
0.3888
2.2051
1.0839
2.2677
0.3083
2.1530
1.2294
2.7462
5.0
1.0388
1.5096
0.0348
0.0
1.4593
1.8892
1.4911
0.0
0.0
0.0
0.0
1.7993
0.0617
1.0303
0.0
1.0871
0.7577
3.7269
2.0281
0.0
1.2431
0.0
3.2385
3.2643
0.2806
4.4827
3.9504
2.2231
3.5433
4.5352
0.7176
4.0984
1.9584
1.8233
0.4638
1.6401
1.7823
3.6453
2.0322
1.9374
0.4569
1.4883
0.5122
1.5903
2.2043
1.4199
2.6837
1.9145
5.0
2.8230
1.6347
0.4892
0.0
0.0
3.4147
2.4785
3.0663
0.8720
2.1665
0.5892
5.0
0.0
0.0
1.9227
3.4727
0.0
5.0
2.6477
3.6315
0.1170
0.0
2.6752
0.7530
3.9912
3.8736
4.1345
0.9121
2.7729
0.0
0.3731
1.5824
0.7455
0.7073
1.9875
1.5593
1.3612
0.7901
2.4838
0.2762
3.1607
5.0
0.0
4.7344
2.3319
2.0321
2.4453
2.1450
0.0
0.0
1.5832
1.7622
2.4538
2.5207
2.4183
2.3696
1.8998
0.9720
2.8809
2.3103
0.0
1.8609
1.4167
2.9006
0.0
2.7488
0.7037
1.5779
1.8209
1.5807
1.4242
2.9087
0.8952
0.7422
2.1995
1.2194
0.8214
0.6038
0.4576
3.4514
2.9007
5.0
1.4070
2.3684
0.4128
0.6185
0.1776
0.4109
1.2548
3.3872
0.8332
4.4544
0.0
0.8259
0.0
0.7819
1.1219
0.0156
3.6780
3.6817
2.1712
1.6250
0.0
0.6041
0.0
1.8855
0.0
1.5385
0.5452
3.0350
1.6407
0.0
3.3239
2.4083
4.5511
1.9398
4.8119
1.2321
0.0
1.5589
0.0
0.7533
1.2838
1.0427
0.3089
1.7422
2.0856
2.5193
3.0882
0.7670
0.2263
2.8815
0.0734
1.4152
0.6978
0.5626
0.0
0.8959
0.6779
1.7865
1.4686
0.2542
0.8756
1.5063
1.2438
0.0
2.2103
1.3116
3.1444
1.2426
1.8389
0.2380
4.2886
1.8146
1.8011
1.5563
2.5175
1.1429
1.2535
2.0562
1.6956
0.0
0.0980
5.0
2.1309
0.7538
1.2646
0.0
2.8763
0.0940
0.0
2.2930
0.0
0.2306
0.0
2.9479
0.0
1.9859
0.0543
1.6838
0.1660
4.1205
1.8520
1.7827
2.2372
3.6281
3.6246
1.0041
1.4871
2.8648
1.3406
1.3122
1.5749
2.3025
0.9996
1.0524
0.7151
0.0
1.0405
1.2940
2.4292
0.3593
1.1726
0.9725
0.3739
1.0701
0.7778
1.0904
3.8720
2.4455
1.0825
3.6165
2.5489
1.8022
2.1784
1.0389
3.2503
0.2877
3.5405
2.2572
0.4836
2.7485
0.5066
0.0
2.2639
0.4076
0.7948
0.0
3.4519
2.9458
0.5073
3.1009
1.1609
2.6172
2.0205
1.0833
0.4294
1.2085
2.5294
2.8596
3.3471
0.2002
0.2194
4.0505
0.6778
0.6508
0.5570
0.9993
3.4781
0.4587
0.3312
1.9243
3.1858
1.9688
2.0755
5.0
2.1182
3.0759
0.2996
3.3224
0.1476
0.4008
1.0645
0.0
2.3711
1.9763
1.1592
0.0
0.0092
3.2582
2.9533
0.0
2.8853
0.3960
1.9048
1.1201
1.7398
4.7508
0.0
3.1249
3.9107
3.2677
2.4395
0.0625
2.5322
2.4009
2.1034
1.7871
0.0
2.8313
1.9731
0.0
2.7260
0.6388
0.0
1.0079
3.8096
1.9363
1.0631
0.9770
0.0
2.7761
3.1561
0.0
0.5524
3.0031
0.6928
1.7868
2.6457
3.1439
4.4494
0.0
0.9878
3.6693
2.1339
0.0
1.4491
1.8017
0.0
0.3819
0.0
2.6428
2.2545
3.0429
0.3442
0.0
0.0
0.0274
3.3833
2.7130
2.7608
2.6740
0.9052
0.4000
1.5914
1.9719
3.4830
1.1131
1.2891
0.6962
1.0764
1.2073
0.6726
2.7355
0.7781
0.1569
0.0
0.7359
2.2309
2.1088
0.0
0.0
1.8690
0.1087
0.5586
3.0144
4.9050
4.6714
4.6913
0.2288
4.2003
1.1680
4.4259
1.6069
0.5497
1.8662
3.1124
0.2262
0.0
0.0
0.0
4.1794
1.8276
2.2657
2.5574
3.2276
1.8879
0.0
4.3071
0.0
2.5109
2.4362
0.3685
2.3523
0.7127
0.0
4.0316
1.9675
0.9205
1.2288
2.1443
2.5962
0.5784
0.0
1.6485
2.4922
0.8402
1.4582
2.4430
0.1771
2.5554
0.7378
1.5850
0.0
3.3226
0.0
2.9286
4.0239
0.0
3.4681
1.4618
0.0110
1.6052
2.5199
1.8972
0.9874
2.3801
2.5733
0.0
1.5860
1.3459
1.9205
2.6860
1.2204
1.7976
1.8504
1.5826
2.2142
0.9567
0.0
0.1797
1.2487
1.1948
0.0
0.7034
3.7235
1.1231
0.0
0.7427
1.1313
0.0
2.1058
2.0807
0.1029
0.0
2.0134
1.1361
2.5868
4.3220
3.5376
4.5169
1.4948
0.8880
3.7030
0.2634
3.7704
2.0227
0.8689
1.6371
1.0303
2.3918
0.6297
1.1235
0.6818
2.3437
2.3187
1.3317
0.0
2.5769
2.1840
0.8165
0.2684
2.2454
2.7498
1.0320
1.1076
1.1340
0.4131
0.2924
3.4374
0.8046
2.7636
2.3313
1.8718
1.3442
4.2366
0.6029
0.6020
4.5007
1.4331
0.0
1.2213
2.1068
0.8751
1.4961
2.3825
0.1211
3.0037
2.3644
4.7947
0.7525
1.0355
2.1131
2.7391
0.6002
2.9752
1.4427
0.7646
2.3946
0.1576
5.0
0.0
0.2598
1.8641
1.2453
4.9267
1.4523
1.6929
0.0
0.6378
0.7225
0.4471
0.0
0.4824
0.1040
1.2713
2.7677
2.1430
1.4171
3.9808
0.0
0.6056
0.0
2.9648
0.0
0.3534
1.7477
4.1889
0.0
0.7920
1.0448
0.9437
3.2591
3.4266
2.4294
1.4346
0.0
1.1372
0.6101
0.8716
0.2325
2.4227
0.9194
3.7069
0.0
2.5803
2.4175
3.2092
1.1499
2.8550
0.0
2.4920
2.1753
2.2691
2.1663
1.9044
3.8149
1.6432
0.8558
1.0981
1.4855
1.9538
3.1570
4.9171
2.7407
0.6628
1.8397
0.6478
3.3996
0.0
0.0032
1.8541
0.0
2.7203
0.9469
1.1975
0.0
1.1253
0.4349
3.6660
0.3927
0.0
1.6547
1.8064
0.9544
2.8626
3.1036
0.0
1.5008
0.0
5.0
2.0088
2.5221
1.6993
0.1656
1.3032
0.3726
2.6396
2.4444
2.0042
3.7269
2.4486
0.2309
2.4783
3.8235
1.7978
1.5408
1.3694
0.2083
0.0
2.2084
2.7571
3.4523
1.7717
0.6392
0.0
1.1333
0.1507
2.3272
0.0
2.7028
1.1981
1.6547
0.0
1.5198
1.3347
2.5755
3.5376
0.0
2.6377
0.0
0.1495
3.8663
2.0612
0.0
3.6431
1.3465
1.8950
1.9923
1.4513
0.6479
1.4803
3.2095
2.4721
0.7658
0.3335
1.0046
0.8576
2.8184
0.3392
1.3215
2.4070
2.3205
3.5701
0.0
1.8589
0.3023
0.6499
2.1183
3.6786
3.5930
0.0
1.6835
2.9032
2.0657
0.0
3.1289
3.5753
0.0
3.0945
0.9015
0.0
2.0450
0.5847
1.4949
3.0960
0.4938
2.3079
2.9594
1.4193
1.7894
1.6426
1.4181
0.0
0.0
1.3444
3.2336
1.4054
1.9299
0.0
2.3199
1.5615
0.7945
0.6226
0.6120
3.0858
0.2334
1.9578
0.0
0.8522
1.0809
0.0
2.9399
0.0
2.7319
1.8544
2.2194
0.0
1.9040
0.2365
2.5235
2.4877
2.0339
1.3296
2.6485
1.6763
0.6736
3.8017
1.4563
3.3615
2.0543
1.6929
0.0
1.3824
1.1145
3.6281
1.5479
2.6751
4.0454
3.0791
2.1201
2.2009
3.0588
4.1670
0.0
2.3718
2.9548
4.2361
0.0
3.7809
0.9809
2.3361
0.0
0.0
1.9130
3.4297
2.6063
0.6790
3.3041
0.5455
0.0
0.0
2.8320
2.0228
0.6843
1.2069
0.5863
0.0
0.4814
1.8871
1.4197
0.9674
1.9729
1.7746
3.0470
2.6503
0.0
1.8795
0.1424
0.5317
0.8595
1.0840
1.2728
2.4873
0.0
2.4141
0.8772
2.5291
0.0
2.3546
0.0
2.2428
1.7641
4.1348
0.8417
2.7930
0.0
3.0091
1.7836
0.0
3.1735
1.7893
0.5170
3.1610
1.0636
2.1020
1.4992
1.6022
1.5769
4.8043
2.7942
1.6946
1.6175
1.6379
2.2919
1.8540
1.8458
2.1104
3.2723
1.0116
1.5612
2.7603
0.4349
0.0
0.0523
3.3033
0.4405
1.3691
0.5156
0.0
1.8960
1.5629
0.8492
2.6296
0.0
1.9898
0.6020
2.1818
2.7566
0.3401
0.9454
3.4520
4.7045
0.0
3.7922
2.0471
0.2051
0.0
2.4735
2.1317
1.6263
2.2323
2.0489
3.3626
1.5371
2.3805
1.2475
0.5668
2.4221
0.0
3.4863
2.9547
0.4457
0.4560
2.7191
1.5005
0.0
1.8929
1.6148
0.4525
3.3070
0.3222
2.9487
0.0
3.6522
2.2060
0.7321
0.0
3.0901
0.5602
3.0887
1.8842
4.2331
1.6485
0.0276
0.0
2.7509
2.1279
1.1314
1.6873
1.9856
1.8212
0.0
0.6996
0.7575
0.9039
2.6358
1.8209
0.5075
0.2365
4.0404
1.1936
2.0840
3.3346
1.2059
0.0
4.3596
1.9823
2.4776
3.5080
1.1900
1.4858
2.5855
0.5124
0.0
0.2286
2.0408
4.1441
1.6975
0.2881
1.0294
2.0164
1.8704
0.3458
0.7444
2.0560
2.8103
1.7182
4.8946
2.2435
3.1906
3.2359
0.0
2.5923
1.9706
1.7255
3.1919
3.3143
1.2339
3.6504
5.0
0.5664
3.6001
2.9911
2.8166
3.3078
2.9259
4.8131
3.2359
2.6878
3.9099
1.7959
2.3614
4.1604
0.4954
3.7480
3.6325
2.3907
3.3763
3.1604
3.7980
4.5140
4.6031
3.9523
2.6681
3.1368
3.7960
4.1577
3.9755
2.6577
3.1853
3.2379
3.8900
2.4949
2.2669
3.1627
3.7678
3.2444
1.3731
2.7865
2.0717
3.1124
3.4339
3.3754
3.9030
1.0097
0.4810
4.3163
0.6903
2.8327
4.0390
4.5546
4.4504
3.6627
3.0183
2.9105
2.4836
3.8339
1.2433
3.8457
3.3135
2.0768
4.4340
1.9495
3.3744
4.0450
2.4679
3.7788
3.7620
2.0825
3.0719
3.6948
2.8682
3.2556
3.9890
1.9817
3.4453
1.1269
4.5608
3.5219
4.5922
3.5729
3.6411
2.1226
1.2455
3.7015
2.5656
2.3220
1.8463
0.4486
3.8204
3.7763
2.7884
1.2168
4.5108
3.7856
4.6816
2.9593
2.5278
3.8159
3.5612
2.8467
3.7995
3.0944
3.0517
4.4229
2.9938
4.0102
4.4951
2.5734
2.0719
3.2557
0.1327
3.7106
4.1014
3.2857
2.3676
3.6535
1.0811
1.2653
3.9289
1.5102
5.0
4.0352
3.6460
1.5236
3.3248
2.1700
0.4924
3.4039
2.7525
0.0
4.1749
1.7871
3.2483
3.6392
2.8055
4.2665
4.2903
3.5779
4.6830
1.0658
1.8547
3.4456
1.5415
3.1584
4.2833
4.0250
4.1619
0.4344
4.3041
2.8267
0.0
3.2423
3.7341
4.3733
4.0582
3.5939
3.5617
3.8395
3.7824
2.8757
3.1413
1.6265
3.6329
3.3571
0.0
3.3825
3.1866
1.5779
3.1574
4.1327
3.1252
0.6033
3.7973
5.0
3.4797
3.0897
2.5971
2.9760
4.5807
2.8122
3.7266
4.5108
1.1899
2.9885
2.8764
2.6611
0.0
4.1318
3.9423
3.7692
3.5951
2.6893
3.7807
2.5954
4.1030
2.5690
2.2776
4.5480
3.8835
4.0168
2.5828
2.6328
3.3288
2.4717
2.6730
0.6653
2.3805
4.4168
4.3252
3.2228
3.6352
3.1244
0.7596
1.7730
3.9666
1.1032
4.2529
3.2067
3.3761
3.1024
3.9164
3.2526
4.1143
3.6401
3.5625
2.2731
3.5851
2.8889
4.2126
1.2166
4.6787
3.8777
4.9664
3.9602
4.1831
3.2044
3.1579
3.9060
1.2064
4.1995
2.1758
2.7612
3.3085
4.2594
3.9262
4.6693
4.2832
4.0950
3.5872
2.8390
1.0253
3.4677
4.4606
1.2206
5.0
2.2478
4.9984
4.5942
1.4420
5.0
3.9855
3.1138
2.9542
1.5002
3.9441
4.3378
3.7386
3.3794
3.1985
4.9138
2.8590
3.3108
3.8569
0.0
2.7350
3.1179
3.2829
3.1729
3.2193
2.2946
3.8061
4.1329
3.8900
4.1065
4.8722
3.2767
4.0729
3.4505
1.7969
4.6327
3.1119
3.2135
3.1145
2.8283
2.6168
4.3418
2.3116
0.9971
3.2782
2.9392
2.7721
3.9520
4.3230
4.8338
2.8399
3.3726
3.8152
3.4673
4.2103
3.2120
4.6037
3.1727
4.6542
3.1178
1.8430
3.4582
3.8880
2.1926
4.3640
1.2538
4.0858
2.9187
2.6100
3.3323
0.0
3.1889
3.4974
2.5250
3.5667
3.8719
4.2850
3.2414
3.5701
2.3837
2.7803
3.7813
2.9672
4.6522
2.5917
3.4151
3.7214
0.8293
3.3549
2.8137
2.7891
0.0
3.9861
3.5342
1.6782
3.5288
0.0
3.0100
3.3709
1.7281
1.2182
0.5964
2.6096
2.3992
2.7327
2.0300
4.4508
2.4082
2.3157
4.1137
4.1001
2.8244
3.2150
0.0
2.6744
3.9524
2.8520
2.8522
1.1341
3.6509
3.1416
3.0474
3.6914
3.3478
1.5475
3.8020
4.9165
0.4600
2.2408
0.0847
1.5632
4.3358
3.3852
3.3396
1.4011
4.2306
3.9451
2.8560
2.7252
2.5571
2.9706
3.6691
2.8232
4.1444
5.0
2.2254
4.0720
4.1628
5.0
3.2127
3.1249
2.4859
3.9262
3.9062
3.5677
1.1658
1.5317
0.7048
3.9794
2.5074
3.0677
2.9318
0.0
5.0
2.5139
2.7370
1.6752
3.8799
2.7583
4.2154
3.2215
5.0
0.6638
2.2555
1.7443
3.2230
3.6617
1.8695
3.3898
0.0
3.5463
3.3762
4.5583
2.9594
3.1946
2.9010
3.5613
3.4057
0.2298
3.5865
3.9520
2.7471
3.0843
4.3888
3.5247
3.1291
2.9461
3.6888
3.8137
2.9498
3.1162
4.0563
3.4791
3.5500
4.6008
3.6175
3.1923
4.6369
1.4198
3.8543
4.4159
3.2883
0.4533
2.2088
1.3907
3.1804
1.2192
4.9070
3.6623
2.0012
3.4658
3.2645
4.3663
5.0
0.3549
4.0177
4.9723
2.2801
4.0913
3.6650
4.0448
4.9304
3.2718
4.1199
2.0447
2.7100
2.6836
3.3375
1.0689
3.3144
3.8041
0.0
1.8543
3.5288
2.9443
3.0847
0.6842
4.3317
0.6873
1.9699
4.5924
4.5444
2.1974
3.6140
3.2598
4.2880
2.0037
0.0086
0.0
2.2854
2.1797
1.6529
0.2382
3.5216
4.5569
2.9027
3.7295
3.8302
3.0041
3.1706
0.4549
3.7232
3.2315
4.1607
2.6386
1.2871
2.8406
3.7026
4.5437
1.9160
2.8327
2.5398
2.9874
3.6068
2.0813
5.0
3.7825
4.3397
2.9504
3.3559
3.8045
3.6126
3.0593
2.4338
2.2446
2.3346
2.2818
1.2753
2.1047
3.5929
1.1874
2.1536
4.5616
1.9189
1.6557
1.9335
3.9599
3.7401
3.1207
3.7414
2.6371
3.4409
1.4314
4.8836
0.9788
2.4355
3.4411
4.2344
3.9898
1.3549
2.8059
1.1824
0.0
3.4164
2.6466
2.5007
1.8277
3.1875
3.1641
3.1186
0.0
1.2791
3.6196
2.5635
2.4910
2.5245
2.3751
2.7328
3.9169
0.8099
2.7607
4.4544
2.7978
1.7126
2.9941
3.8979
3.3585
4.0105
4.4641
3.4941
2.0835
3.8673
3.5469
0.7193
4.1251
4.2478
0.9742
1.7773
2.4732
2.7922
2.2086
3.3071
2.8083
3.7683
4.2591
1.5155
3.0654
3.0754
3.3262
4.5080
0.8849
3.2685
1.9999
3.4243
2.6646
3.7084
0.9634
4.4963
0.1766
0.7939
1.2227
2.0412
3.2348
3.8441
2.5200
2.4192
3.5025
3.9161
1.5339
2.8814
4.3061
3.7562
3.3764
4.7803
0.0
2.6175
3.2616
3.4937
1.6747
4.0516
3.2182
2.1164
3.4735
4.0702
2.1246
3.0208
4.9346
0.0
2.2259
3.3075
3.5401
2.7133
3.8988
4.7102
2.1651
0.6445
4.0662
3.8758
3.2024
2.4275
2.8250
4.8677
2.8723
4.0380
0.1162
2.2323
1.1605
2.7546
0.0
4.2826
2.8965
1.4631
4.2734
3.4356
1.9228
3.7678
4.6450
3.8148
3.3353
4.6059
4.2183
5.0
3.9944
1.3159
3.3162
2.8819
0.0
5.0
3.2542
3.1074
4.2102
2.4427
3.1412
3.0927
2.2525
4.1820
3.1092
0.0918
4.1760
3.2986
0.6456
3.0420
2.4479
4.3863
2.8267
2.0307
1.9332
3.2989
3.8908
4.0402
2.9839
1.9011
0.9606
3.6315
2.6675
2.0987
2.9615
2.8776
3.6855
2.4817
3.2306
3.9568
4.0314
3.3449
3.3988
4.7056
2.4133
4.3097
3.9783
3.1248
2.4605
3.8371
4.0394
3.9034
2.6486
1.6399
1.4621
3.4674
2.9950
4.9589
4.7042
3.6992
2.9644
3.2569
5.0
1.0991
1.5789
4.0628
3.7869
3.6115
3.3563
4.1730
4.2533
2.1266
3.6542
3.1213
4.9961
2.9423
3.5426
2.7313
1.2065
2.5766
1.3753
3.2117
1.6153
4.4903
3.1029
2.1545
2.9622
3.4914
2.9136
3.3626
3.7598
3.7552
3.1329
2.9016
2.4390
1.5234
3.1604
1.9557
2.0807
1.5966
4.2964
0.0
3.4745
3.8320
1.5788
4.2740
4.3065
2.5879
3.6793
3.3450
2.8376
3.4709
0.8656
5.0
1.8677
3.4223
3.7508
3.7872
1.5422
5.0
3.1664
1.4276
1.3133
2.7561
3.3489
4.5641
3.4140
2.9513
3.1581
2.9840
2.0966
2.8627
3.7396
2.2990
3.5934
3.3055
3.6805
3.4938
0.3560
3.2099
3.8952
4.1103
3.1909
4.4214
3.6020
2.7524
3.2402
3.3649
2.7776
1.1717
4.6191
3.2618
2.9149
3.2113
4.1237
3.7475
3.0616
3.3492
3.8312
0.9655
3.1503
3.9876
3.2022
3.3357
3.0179
3.5705
4.2483
3.5946
2.8749
3.4872
2.8499
4.3797
3.0228
0.6634
1.0913
1.9801
3.6625
0.9444
4.7357
4.0468
3.1805
3.9951
1.3155
3.7987
2.7966
3.5444
3.3566
4.6284
2.3617
3.6611
2.6511
1.0365
3.0383
3.0796
1.4424
3.1802
3.6966
5.0
1.2258
0.0
2.8022
5.0
3.3720
2.2585
3.0842
3.5975
3.3924
0.0
3.7901
2.9391
0.2749
3.4141
0.7047
1.8767
3.7530
0.0
3.3722
3.3718
3.6892
3.8499
3.2594
4.2237
3.4487
3.3512
3.3546
3.7440
0.0
2.3623
2.7557
2.5987
1.1878
2.6800
4.7227
2.8569
4.4141
0.0
4.0037
2.2185
1.8169
1.4032
3.2920
2.2156
4.1410
3.4751
4.0636
0.3785
1.7864
3.6255
0.0
2.6088
3.3573
2.0334
1.8777
0.0
3.2274
3.3495
3.8589
1.5274
3.8410
3.5322
0.0
2.2934
3.2721
3.8466
1.8147
3.4244
3.8468
3.4303
3.3225
3.2332
2.3108
4.1814
4.4833
4.4923
1.5778
2.9599
4.6289
2.9404
3.4543
5.0
1.9719
2.9695
2.0320
1.6116
2.8048
1.4495
4.3237
3.8138
3.4094
1.7465
3.5263
1.9710
3.4514
4.0439
3.7471
3.9804
2.7041
2.7629
3.6940
3.5840
1.9393
1.0290
1.8968
3.1247
2.9257
3.6492
3.5297
4.1594
1.2481
3.1730
1.0950
3.5348
3.9651
0.1112
4.5153
4.5845
2.0555
0.1915
3.2133
4.0394
4.4059
4.6032
2.6273
2.9242
2.1427
0.6769
2.3850
3.7797
3.8374
1.9979
3.1852
2.2211
2.0056
3.1297
3.7151
1.7334
3.5153
3.0902
2.8225
0.0
2.7166
3.7738
1.9566
3.4642
3.8611
4.0828
1.6187
2.3568
1.9970
3.8681
3.2340
1.2079
2.9138
3.3196
1.6044
2.2632
0.0
3.8347
0.2465
0.9555
3.3075
3.2617
3.2452
3.3025
3.6667
3.8008
2.5246
3.5892
0.0
3.0376
3.5555
3.0576
2.1926
2.8152
4.1388
3.9328
3.8460
3.5792
2.7613
3.4823
3.2079
3.5679
2.5659
1.7162
3.3711
1.7581
3.7025
3.5693
4.5099
4.4120
3.6555
3.0231
3.2131
2.2252
3.2076
4.0605
1.5654
1.5630
3.0673
3.5193
1.5013
3.1707
4.3330
3.6362
0.0
2.5021
2.0593
2.5384
3.6237
3.8813
4.0340
3.0031
2.9791
4.2144
1.3604
3.8842
2.3556
3.1096
3.0285
3.1127
3.4161
2.3290
3.2554
2.5771
3.8886
2.9282
3.0032
2.6917
2.7642
3.8462
3.0402
4.6079
3.2651
3.7324
2.8498
2.7260
2.7487
4.2346
3.7500
2.4975
3.1579
3.2790
3.5813
4.0631
3.7521
2.9818
2.3881
3.8761
2.7261
1.3597
3.7901
3.0515
2.8506
2.7344
3.2396
4.1085
2.8510
3.2672
2.5945
2.8269
5.0
1.3299
0.9494
2.8594
2.7283
3.0461
2.9237
2.9039
1.9126
3.3122
4.6561
3.5780
0.7558
2.7329
0.8193
3.1277
3.1806
3.2923
3.1580
3.1524
4.4210
1.2117
4.4385
3.5209
3.1494
1.9686
3.6454
2.0982
2.2444
4.7355
2.9928
4.1432
2.4678
2.0921
3.5978
2.4197
0.2697
1.6221
4.0199
3.1180
3.8950
0.6636
4.1886
5.0
2.2749
3.6518
4.0137
4.4439
2.8139
3.8104
4.3199
2.3049
4.0806
3.9823
4.3448
2.5439
2.0157
3.3959
1.8680
2.3991
2.2271
3.3689
2.7605
0.9438
3.0444
4.0807
1.5030
0.0
3.2145
2.6454
0.3272
1.8526
4.7584
1.4252
3.3270
2.2716
3.2465
2.3887
4.2373
4.2240
2.4697
5.0
3.3812
3.2940
3.0946
3.5089
3.5080
3.4989
3.3514
2.7460
3.2667
3.0636
3.7026
2.5659
3.5134
2.0402
3.0595
4.1593
3.9507
3.4699
3.2425
1.4018
5.0
3.1930
2.8859
5.0
2.8932
4.0552
3.4658
2.3111
3.3939
2.2821
4.5268
5.0
4.2797
2.8851
0.5197
2.0751
3.2800
2.3263
4.6739
3.7958
3.3316
3.9214
3.1069
3.6252
3.1384
2.4919
0.0
2.7667
4.5977
3.2034
1.8847
2.7085
3.7152
3.5876
3.7777
1.4260
2.8734
3.5448
2.8833
4.5622
3.6904
0.3891
3.1926
4.0870
0.7866
3.5817
2.8593
0.5935
1.9440
2.9628
2.6304
3.1247
4.3296
3.2057
3.9771
1.4869
3.6210
0.1530
3.0263
4.5544
4.4876
1.8782
3.9282
2.7127
4.0105
2.6495
0.0839
3.7457
2.1093
0.0294
2.3381
3.7782
3.7403
3.0033
4.3133
2.2029
3.4101
3.1724
2.7451
2.6715
4.2222
1.4681
1.8535
3.2294
4.3743
3.2530
1.0804
4.4887
4.3661
2.6367
3.8667
2.5223
3.1737
1.6341
3.5495
2.3864
3.3707
3.2834
3.3302
0.0
3.4026
3.3268
3.2081
4.3039
4.6524
1.9910
3.9937
3.2608
3.3897
3.1454
3.8664
3.7914
3.7382
3.8778
2.8358
3.0550
3.8885
3.0138
4.7216
3.0656
2.2316
1.7023
3.0076
0.4146
4.0330
3.1901
2.3330
1.9990
4.2274
3.2122
4.3829
3.2578
3.1945
3.6147
1.6939
2.7521
4.2601
3.0607
1.8281
2.9497
3.5694
2.8176
2.9987
3.0601
4.4187
4.5005
3.2476
4.3235
4.0728
3.0417
4.1790
3.5494
3.6213
1.8556
4.0645
3.3786
2.4572
4.0193
3.1814
3.6571
1.2406
2.8294
3.5707
2.1385
2.5574
0.0
1.4802
3.2970
3.5118
2.6352
3.4771
3.7496
3.2753
3.8340
3.2494
1.0844
3.5372
3.5837
4.1287
2.8497
3.6126
3.9843
3.2137
3.1999
4.7640
3.8691
2.5031
5.0
4.2674
2.6202
4.0063
3.8474
3.2442
0.0958
3.3014
2.5075
3.4723
3.4914
3.3742
0.0
1.7583
3.3250
3.7151
1.8964
2.2668
4.6651
4.7073
4.5728
3.4360
3.3056
4.2644
2.3622
4.5770
3.7166
3.1004
3.1171
5.0
1.3141
4.0815
3.1940
3.9547
3.5610
3.2942
1.7269
2.6073
4.1557
3.2189
3.8944
3.8942
0.0
2.5206
5.0
1.8094
2.9536
3.3265
3.1591
3.4547
3.7762
4.8533
0.0
5.0
0.0
0.8751
3.2492
3.5642
1.2413
3.9741
4.3574
2.8418
3.0919
3.4660
2.9434
3.7883
3.6131
3.6536
2.2425
1.2765
3.6376
3.7775
3.6665
1.3088
3.7761
1.4276
4.2066
3.5928
0.0
2.6591
1.5608
0.0
2.4618
4.0105
2.7706
3.3275
2.1033
1.2064
1.7270
2.7858
2.0541
3.9430
4.2786
4.3579
3.3796
2.0083
0.8385
3.7196
3.8440
4.1028
3.0696
4.3735
4.5600
3.2899
3.7059
3.1986
2.7296
2.9519
3.3150
4.3441
2.9767
2.8535
4.4786
3.9500
1.9149
3.4195
3.7575
3.8918
4.4879
2.2613
4.0687
3.8346
2.5724
2.9490
2.4970
1.0791
1.7448
3.4211
1.5071
1.0557
3.1129
2.5902
2.9541
2.6170
3.1760
3.2387
2.9992
4.1240
4.2135
4.1231
3.8361
1.8732
4.7950
3.8886
2.6676
3.5358
2.8546
3.0830
2.0076
2.0843
1.8026
3.7699
3.9406
4.0266
3.3283
4.0286
3.7072
0.6474
3.3750
3.4885
0.7578
3.5517
4.1137
3.3968
1.5028
1.9343
3.4163
2.6304
2.1237
2.9769
3.4127
2.9022
3.7014
3.5520
2.4985
3.8482
3.6285
4.3340
1.9859
0.0
2.9538
2.8623
2.4047
2.1274
2.6954
2.5279
3.6042
3.0335
1.3302
3.5387
1.5016
1.5720
3.4105
3.7174
2.1508
3.3179
2.3786
3.0739
0.0871
2.6140
1.9990
3.8269
3.6106
3.1500
5.0
3.4515
3.0572
3.2740
2.9770
2.9363
4.0427
3.1066
4.2117
2.9000
1.9697
3.8916
2.9448
3.0991
2.9006
2.6306
3.6968
2.8636
2.6489
3.9736
3.8000
3.3447
2.9345
2.7014
4.1031
2.9489
2.8618
2.0617
1.3611
1.1301
3.5606
2.1156
1.1392
1.8486
0.6507
0.4826
1.6625
3.7710
2.9583
0.0
3.9389
0.7648
3.4819
2.4376
4.3376
2.3982
1.0889
2.5411
2.4203
3.5653
3.2012
3.7883
5.0
4.3358
3.9458
3.8381
2.3677
3.5671
2.8287
2.6392
1.5202
4.1179
4.5062
2.3768
3.6922
1.0961
2.0570
3.8856
3.1738
4.3561
1.5052
4.1279
2.0577
2.5455
2.0861
4.7382
3.0928
2.1831
2.7430
4.6230
2.0356
3.1410
0.0
3.0331
3.6130
3.0902
2.5969
2.7246
2.1532
4.4901
1.5620
2.0079
4.1900
1.8418
1.5322
2.3969
0.0
3.3268
3.5804
4.2814
2.5099
3.5803
0.6788
2.4251
0.0
2.2601
2.3623
3.6477
3.6612
3.5696
2.5715
3.3396
2.0558
5.0
2.8647
3.8111
2.2721
3.2549
1.2170
0.9567
2.7282
3.4353
2.8312
0.0890
3.0794
2.5377
4.8784
4.3585
3.6553
2.1119
3.3648
2.2042
3.1770
4.1335
3.9505
0.8460
2.9513
3.3474
4.9162
4.0306
2.7109
4.1099
2.2894
4.2692
2.8462
3.4023
3.2331
3.9449
1.0363
3.6332
3.7956
2.6158
2.4381
0.6715
5.0
4.9338
3.5764
2.4933
2.2527
3.2443
4.1187
0.0
3.3946
2.7637
3.5545
1.4837
1.9781
1.5450
2.7794
4.2437
2.2661
1.9531
2.5760
4.4757
3.8513
2.6039
1.8265
3.8045
2.2150
3.3098
3.6101
3.1448
0.7745
0.0
1.3155
3.3475
3.6423
3.4193
1.4490
4.5401
0.0
3.4210
1.6003
2.6909
3.9641
2.6696
3.6615
1.9013
3.7882
3.8347
4.0386
2.7419
3.3081
1.5064
2.4465
0.0
3.0901
1.4567
3.3228
4.3580
5.0
1.1270
1.8739
1.9954
2.7749
1.2756
1.1574
3.9463
0.4403
3.6426
0.8539
2.0672
3.1058
1.8313
1.7402
3.4716
2.4826
1.2211
1.3173
3.3765
4.9156
2.5905
2.2346
1.9622
3.4775
4.0662
2.1662
3.6077
0.4095
1.5673
3.3249
3.2532
3.6880
4.2894
2.0269
0.8504
2.9610
1.0072
3.5225
3.9592
3.2682
3.9614
1.7481
1.3629
4.7623
2.6791
1.4015
3.7388
2.9158
1.6898
0.0
3.4820
3.8774
5.0
3.1927
4.3054
3.7197
3.5170
2.5007
2.4775
0.4971
2.3489
2.9429
3.6904
3.8121
3.6393
5.0
0.0658
1.5454
3.9172
3.1250
2.7096
3.0196
3.3258
0.5505
3.4472
2.0562
4.8199
2.7432
4.2168
3.2577
0.7338
2.6485
1.0511
3.1211
0.0
3.5317
1.9788
1.1510
4.3784
3.3386
3.8965
1.8776
3.7889
1.9519
2.0185
4.1967
0.0
2.3452
3.4690
2.8028
2.4731
4.1317
3.9876
2.5497
5.0
3.1121
3.3203
4.4226
3.4740
3.8347
2.9131
0.7986
0.0
4.0744
2.6002
1.3243
2.4452
3.1490
2.0862
1.0766
4.0065
1.2390
2.7310
4.9211
0.7371
3.2066
4.1673
3.2009
2.7103
4.0041
3.7340
3.7878
0.9727
3.6441
4.2406
3.8613
4.5732
3.1280
1.2392
0.7198
3.3296
3.4887
3.4188
0.9401
4.3103
1.6925
4.0978
3.6170
3.4541
2.1634
4.0788
2.7784
2.3197
2.2992
3.6857
3.3849
4.4277
1.0340
3.4322
3.0422
4.5325
3.9892
4.1099
1.3482
3.5088
1.6596
0.0
2.8911
4.0802
3.6061
2.8104
2.3980
5.0
4.3095
3.4413
2.6112
3.4361
3.9845
1.1730
5.0
3.3163
2.7158
1.5252
1.9740
4.1860
2.2127
3.8391
1.2600
1.8913
4.2607
4.1726
1.2140
2.7927
3.3045
5.0
1.7219
4.3214
3.1391
1.7996
1.1149
2.9498
3.5260
3.0283
2.8350
4.2655
2.8131
0.1538
3.7698
3.4087
0.6926
2.7431
4.5990
3.5093
4.2086
3.5177
3.5146
3.0740
1.6743
2.2502
0.0
2.0260
4.1724
2.8236
1.1908
3.8149
1.8345
3.0915
4.5561
3.8650
2.4494
4.0961
3.7712
3.1923
3.5599
3.8229
2.8131
5.0
2.5099
4.3234
3.6478
4.2793
4.0571
1.8437
2.9591
4.2693
5.0
3.4564
2.0607
2.8069
3.5798
0.3081
4.4794
4.1198
1.7618
4.6630
0.9143
0.9080
1.5594
2.2932
3.7098
2.9189
3.5796
1.6847
0.0
4.2471
2.4981
4.0307
2.6021
4.6248
1.5578
1.8991
3.9441
1.1553
4.1242
2.4680
3.7098
3.3098
2.3178
2.7517
0.1059
2.9380
2.7215
3.6087
1.8373
2.7513
4.8824
5.0
3.0455
2.7579
1.2180
0.8418
2.5741
4.1230
2.4058
2.3019
3.2887
2.1442
2.5356
1.7778
4.1233
1.9248
3.9842
0.0
3.4674
4.0546
1.4094
1.6204
2.8193
3.0129
3.8249
3.8167
4.0733
3.5611
3.0684
2.4738
1.6921
4.1801
3.6833
2.6155
3.0554
3.1480
1.9015
2.9859
3.4298
3.8724
2.0817
3.1136
3.3133
3.0522
2.8043
2.7406
2.5487
2.8715
1.6308
4.8098
2.9827
2.3803
2.2943
1.6072
2.0501
3.0289
2.1804
0.5992
3.8669
0.0
3.0506
3.3372
2.1068
0.0453
0.5452
1.6267
3.2157
3.6910
2.2846
3.5939
3.0671
0.0
3.4958
2.5146
3.1385
3.6184
4.5516
0.6290
0.8705
3.0621
2.7942
2.5731
3.6692
1.8134
1.8359
2.0301
3.4429
2.8300
0.7145
3.5011
2.8442
0.7294
3.6016
3.4215
4.1938
2.1804
3.5458
1.9170
3.3411
2.8034
4.8796
2.4838
4.6292
4.1983
1.2879
4.4775
1.7664
3.8487
2.3989
2.5077
3.7382
2.0078
3.4028
3.4198
4.2153
3.0717
4.1459
3.7372
3.1013
4.0513
3.3155
3.2921
2.8662
1.4051
2.1492
1.2351
2.7019
2.9384
0.0
1.5813
3.2967
3.8926
2.0217
2.7070
3.6865
2.9147
2.1123
1.6630
0.0
2.2325
1.7522
4.4289
1.2729
3.0412
3.7112
2.9236
0.4547
2.8979
1.5467
3.3704
2.0260
3.0113
1.2991
4.2977
2.3088
3.2227
2.8397
3.9264
2.8931
3.0682
2.2613
0.9489
4.9227
1.3156
0.8869
2.7214
2.5962
4.4197
1.4417
2.3250
3.8867
0.7403
4.6358
4.1087
5.0
1.7446
0.8756
0.0
2.3806
4.3770
0.2963
2.6238
1.3998
2.1786
3.0212
2.7616
5.0
4.6209
4.6281
0.1431
2.6236
2.8742
0.8213
2.5344
3.0257
3.6325
3.6143
2.0486
3.6397
5.0
3.2962
0.0
2.4921
2.3414
3.5660
4.0752
3.8481
1.7588
3.7745
0.0
3.2904
1.3404
2.9756
0.7851
3.2386
3.8712
4.1862
3.4691
3.2965
3.9055
5.0
1.4934
4.1765
2.5070
4.2207
3.7405
2.6690
2.8340
0.2283
3.1867
1.0724
3.2967
0.1580
3.4364
1.3735
3.7072
3.0704
2.8269
2.3063
3.1720
2.2177
3.8899
1.9208
3.6021
2.4856
3.3188
3.6786
5.0
1.4618
3.4090
2.1511
2.9502
2.8301
4.8613
2.4986
1.0019
2.0512
4.3552
3.0197
3.6527
1.9427
3.2630
1.9617
2.6460
2.1244
2.7041
3.4706
3.4148
0.0
3.0510
5.0
1.4633
1.7960
2.2255
3.3215
1.0316
1.1362
4.1013
4.1392
3.9097
3.7698
3.7818
2.6477
2.9031
4.5792
2.9507
2.2794
2.5129
5.0
2.4520
1.2527
2.2911
3.0089
2.4402
3.2518
1.5230
1.0507
2.3968
3.1292
1.8880
3.7513
2.7218
1.6738
1.9067
2.0174
3.8274
4.5217
1.9123
3.4455
3.7116
3.3384
2.2027
2.9446
3.1648
3.9560
0.0
3.3504
1.8241
2.7062
1.6845
4.3320
5.0
3.2346
0.0
1.5480
0.0
2.9166
4.5668
3.4890
3.1146
1.5809
3.9105
0.0
2.0681
0.1675
0.7626
3.3203
2.7586
1.7464
4.0056
1.8997
1.0757
2.7105
4.4258
1.0189
0.9878
3.8001
2.8935
3.7019
3.0606
3.9079
2.6771
4.1171
3.2438
1.7790
3.8134
3.1836
3.0554
3.3839
3.5184
3.7768
3.4318
2.5655
3.0073
2.9655
3.0392
4.2017
3.8986
3.0098
3.9387
2.8698
2.5349
3.1867
2.8026
0.0112
2.6327
3.7847
3.3578
0.0
4.3045
2.3854
3.3457
3.0782
3.2481
4.3997
4.0052
4.1153
3.9098
1.4114
4.0640
4.8756
4.0087
3.2127
2.8289
1.9081
1.6757
0.5434
1.7879
3.4565
4.4039
2.5033
2.5636
2.8630
4.0416
4.3530
2.5786
1.5994
3.3594
3.5637
3.3739
3.0253
2.3113
3.4945
0.0
1.6308
2.9277
2.8273
3.9096
4.3906
2.4258
4.5430
3.5789
1.4884
1.4066
3.7476
3.2516
2.6188
2.5629
4.5231
2.9508
3.2324
4.0975
0.0
2.6083
2.2662
2.8717
1.6017
1.8324
4.7108
0.0
3.0797
1.4144
2.3734
2.5519
3.9999
3.4483
0.0
3.0433
0.1492
1.3953
1.9048
3.9163
4.3394
2.8132
4.3557
2.0897
2.8566
3.5124
3.7015
2.7709
3.1546
4.1708
3.8372
4.3415
3.2717
2.4341
3.4263
3.1906
3.6577
3.5731
3.9987
3.4189
3.1277
3.4714
3.0866
3.5573
0.0
2.9255
1.2819
2.3438
0.8144
3.7561
2.2140
5.0
3.2971
3.3651
2.6563
3.2046
3.1506
2.1966
0.9853
4.1720
1.5986
1.2579
3.2001
4.7762
4.1540
1.7133
2.1431
2.0328
1.4781
3.4886
4.1359
2.8097
3.4770
3.2600
2.3833
0.1313
2.6935
3.1897
3.1197
0.1897
3.4473
3.4350
2.0988
3.2537
2.4897
1.9476
2.6893
2.2265
1.7682
2.5073
3.7988
3.6669
2.5395
3.3626
0.8166
3.0295
3.4382
3.4817
3.5392
1.1416
2.6185
3.5967
3.5438
4.0419
2.8554
0.1061
2.8267
3.8889
2.2749
3.3112
4.2317
4.0401
3.8360
3.3812
3.4611
2.4008
2.7650
1.6350
3.6298
3.3578
3.2114
1.7170
4.0390
3.4927
3.8976
2.9672
3.8094
3.9253
3.9709
3.4022
4.1339
0.1440
2.2646
1.8502
4.1048
1.5464
4.1883
3.9043
1.3830
3.8276
2.3408
2.0830
3.6456
1.7592
1.6857
4.1482
2.8937
3.1419
3.6129
3.7813
3.3058
2.9938
3.3216
4.6952
4.4341
1.2671
1.5505
3.9050
1.6314
3.4950
1.5528
2.6316
3.0867
3.7982
2.5189
3.9292
2.7393
1.4033
0.0
1.6277
2.8703
0.9871
3.5320
2.0767
2.5785
3.4134
2.7539
0.9880
3.7422
2.4089
3.7919
3.0614
3.6495
2.2128
1.7831
3.2573
2.5887
1.9916
3.4952
4.1712
1.7932
3.5156
4.0702
2.3559
4.0387
2.6307
2.7552
2.8299
2.5927
3.4336
5.0
3.2223
1.6210
2.3136
1.8165
3.8794
2.2044
2.7236
3.0714
0.0
1.6143
0.0
3.4429
1.5782
4.2172
3.7576
2.6819
1.8859
2.7625
2.6501
5.0
3.8258
1.7601
2.7224
3.5685
3.6748
1.4360
2.0819
4.0697
3.1646
3.4053
3.7221
2.5368
3.2392
1.7323
2.6111
4.3166
1.0825
3.2191
3.9822
3.1613
2.0807
3.9668
2.6306
3.7690
2.7935
3.0441
4.3999
2.9213
3.7203
0.0518
3.5977
1.9678
4.1691
2.1158
1.4259
2.6600
1.4747
2.5010
1.4976
0.0
2.9873
3.0582
4.0282
3.5183
1.4616
4.9846
4.6452
3.4545
4.1848
2.9195
2.1728
3.8279
1.9063
2.6274
2.1187
5.0
2.9961
4.3112
2.8154
2.9253
3.2671
1.6945
3.7596
4.1068
3.5937
2.4510
3.8919
1.4247
4.1786
2.1321
4.6397
2.8794
1.5147
3.4983
2.8789
0.3781
1.1728
2.8622
3.1076
0.9041
3.1672
4.1111
3.9994
3.5251
3.8723
2.1604
1.9866
3.1244
1.5017
2.6080
2.2043
2.5699
4.3248
3.8967
1.7702
1.7485
3.0475
1.3230
0.0
3.9683
2.5766
3.3537
2.9086
3.8582
2.3271
3.4527
3.7425
3.1085
1.6104
0.5861
3.1370
3.4030
2.1992
3.8730
2.2249
0.2046
0.0
2.1729
2.7125
2.8795
3.5846
3.6320
3.1201
2.0648
3.5095
2.9838
1.3211
2.7426
2.9456
4.0557
4.1018
2.2413
3.0690
2.3202
3.5801
3.9710
3.2352
2.7588
3.8044
1.5523
2.8789
1.4432
3.4208
2.9908
0.4237
1.8727
4.1014
3.1001
1.5923
3.6402
0.9048
3.0097
3.3510
2.2718
3.7952
3.4005
3.0121
2.8450
3.1077
2.0625
3.9525
2.5965
1.5003
1.6197
1.8631
3.6599
1.6475
5.0
1.7027
1.5051
0.9090
3.3868
0.0
3.5641
2.6125
3.0457
1.6630
2.5239
2.7256
2.9486
3.3125
3.8334
2.4193
5.0
4.2545
3.6028
2.3236
1.7752
